[2.118s] Invoking command in '/home/kcm/colcon_ws/src/move_turtle': PYTHONPATH=/home/kcm/colcon_ws/build/move_turtle/prefix_override:/home/kcm/colcon_ws/install/move_turtle/lib/python3.10/site-packages:${PYTHONPATH} /usr/bin/python3 -W ignore:setup.py install is deprecated setup.py egg_info --egg-base ../../build/move_turtle build --build-base /home/kcm/colcon_ws/build/move_turtle/build install --record /home/kcm/colcon_ws/build/move_turtle/install.log --single-version-externally-managed install_data
[2.917s] running egg_info
[2.920s] writing ../../build/move_turtle/move_turtle.egg-info/PKG-INFO
[2.922s] writing dependency_links to ../../build/move_turtle/move_turtle.egg-info/dependency_links.txt
[2.925s] writing entry points to ../../build/move_turtle/move_turtle.egg-info/entry_points.txt
[2.928s] writing requirements to ../../build/move_turtle/move_turtle.egg-info/requires.txt
[2.930s] writing top-level names to ../../build/move_turtle/move_turtle.egg-info/top_level.txt
[2.938s] reading manifest file '../../build/move_turtle/move_turtle.egg-info/SOURCES.txt'
[2.944s] writing manifest file '../../build/move_turtle/move_turtle.egg-info/SOURCES.txt'
[2.948s] running build
[2.948s] running build_py
[2.948s] running install
[2.950s] running install_lib
[2.953s] running install_data
[2.954s] running install_egg_info
[2.973s] removing '/home/kcm/colcon_ws/install/move_turtle/lib/python3.10/site-packages/move_turtle-0.0.0-py3.10.egg-info' (and everything under it)
[2.977s] Copying ../../build/move_turtle/move_turtle.egg-info to /home/kcm/colcon_ws/install/move_turtle/lib/python3.10/site-packages/move_turtle-0.0.0-py3.10.egg-info
[2.980s] running install_scripts
[3.084s] Installing mturtle script to /home/kcm/colcon_ws/install/move_turtle/lib/move_turtle
[3.086s] writing list of installed files to '/home/kcm/colcon_ws/build/move_turtle/install.log'
[3.169s] Invoked command in '/home/kcm/colcon_ws/src/move_turtle' returned '0': PYTHONPATH=/home/kcm/colcon_ws/build/move_turtle/prefix_override:/home/kcm/colcon_ws/install/move_turtle/lib/python3.10/site-packages:${PYTHONPATH} /usr/bin/python3 -W ignore:setup.py install is deprecated setup.py egg_info --egg-base ../../build/move_turtle build --build-base /home/kcm/colcon_ws/build/move_turtle/build install --record /home/kcm/colcon_ws/build/move_turtle/install.log --single-version-externally-managed install_data
