[3.372s] Invoking command in '/home/kcm/colcon_ws/src/move_turtle': PYTHONPATH=/home/kcm/colcon_ws/build/move_turtle/prefix_override:/home/kcm/colcon_ws/install/move_turtle/lib/python3.10/site-packages:${PYTHONPATH} /usr/bin/python3 -W ignore:setup.py install is deprecated setup.py egg_info --egg-base ../../build/move_turtle build --build-base /home/kcm/colcon_ws/build/move_turtle/build install --record /home/kcm/colcon_ws/build/move_turtle/install.log --single-version-externally-managed install_data
[3.972s] running egg_info
[3.973s] writing ../../build/move_turtle/move_turtle.egg-info/PKG-INFO
[3.976s] writing dependency_links to ../../build/move_turtle/move_turtle.egg-info/dependency_links.txt
[3.981s] writing entry points to ../../build/move_turtle/move_turtle.egg-info/entry_points.txt
[3.984s] writing requirements to ../../build/move_turtle/move_turtle.egg-info/requires.txt
[3.986s] writing top-level names to ../../build/move_turtle/move_turtle.egg-info/top_level.txt
[3.991s] reading manifest file '../../build/move_turtle/move_turtle.egg-info/SOURCES.txt'
[3.993s] writing manifest file '../../build/move_turtle/move_turtle.egg-info/SOURCES.txt'
[3.995s] running build
[3.995s] running build_py
[3.997s] running install
[3.998s] running install_lib
[4.000s] running install_data
[4.001s] running install_egg_info
[4.004s] removing '/home/kcm/colcon_ws/install/move_turtle/lib/python3.10/site-packages/move_turtle-0.0.0-py3.10.egg-info' (and everything under it)
[4.014s] Copying ../../build/move_turtle/move_turtle.egg-info to /home/kcm/colcon_ws/install/move_turtle/lib/python3.10/site-packages/move_turtle-0.0.0-py3.10.egg-info
[4.018s] running install_scripts
[4.094s] Installing mturtle script to /home/kcm/colcon_ws/install/move_turtle/lib/move_turtle
[4.095s] writing list of installed files to '/home/kcm/colcon_ws/build/move_turtle/install.log'
[4.126s] Invoked command in '/home/kcm/colcon_ws/src/move_turtle' returned '0': PYTHONPATH=/home/kcm/colcon_ws/build/move_turtle/prefix_override:/home/kcm/colcon_ws/install/move_turtle/lib/python3.10/site-packages:${PYTHONPATH} /usr/bin/python3 -W ignore:setup.py install is deprecated setup.py egg_info --egg-base ../../build/move_turtle build --build-base /home/kcm/colcon_ws/build/move_turtle/build install --record /home/kcm/colcon_ws/build/move_turtle/install.log --single-version-externally-managed install_data
