[0.038s] Invoking command in '/home/kcm/colcon_ws/build/my_interface': CMAKE_PREFIX_PATH=${CMAKE_PREFIX_PATH}:/home/kcm/colcon_ws/install/my_pkg:/home/kcm/colcon_ws/install/move_turtle:/home/kcm/ros2_ws/install/py_srvcli:/home/kcm/ros2_ws/install/py_pubsub:/home/kcm/ros2_ws/install/py_ps:/home/kcm/ros2_ws/install/my_package:/opt/ros/humble /usr/bin/cmake --build /home/kcm/colcon_ws/build/my_interface -- -j1 -l1
[0.328s] [ 10%] Built target my_interface__rosidl_generator_c
[0.443s] [ 20%] Built target my_interface__rosidl_typesupport_fastrtps_c
[0.593s] [ 23%] Built target my_interface__cpp
[0.678s] [ 33%] Built target my_interface__rosidl_typesupport_fastrtps_cpp
[0.736s] [ 43%] Built target my_interface__rosidl_typesupport_introspection_c
[0.805s] [ 53%] Built target my_interface__rosidl_typesupport_c
[0.878s] [ 64%] Built target my_interface__rosidl_typesupport_introspection_cpp
[0.927s] [ 74%] Built target my_interface__rosidl_typesupport_cpp
[0.998s] [ 74%] Built target my_interface
[1.117s] [ 74%] Built target ament_cmake_python_copy_my_interface
[1.795s] running egg_info
[1.811s] writing my_interface.egg-info/PKG-INFO
[1.813s] writing dependency_links to my_interface.egg-info/dependency_links.txt
[1.822s] writing top-level names to my_interface.egg-info/top_level.txt
[1.827s] reading manifest file 'my_interface.egg-info/SOURCES.txt'
[1.830s] writing manifest file 'my_interface.egg-info/SOURCES.txt'
[1.929s] [ 74%] Built target ament_cmake_python_build_my_interface_egg
[1.990s] [ 76%] Built target my_interface__py
[2.046s] [ 84%] Built target my_interface__rosidl_generator_py
[2.110s] [ 89%] Built target my_interface__rosidl_typesupport_fastrtps_c__pyext
[2.165s] [ 94%] Built target my_interface__rosidl_typesupport_introspection_c__pyext
[2.234s] [100%] Built target my_interface__rosidl_typesupport_c__pyext
[2.265s] Invoked command in '/home/kcm/colcon_ws/build/my_interface' returned '0': CMAKE_PREFIX_PATH=${CMAKE_PREFIX_PATH}:/home/kcm/colcon_ws/install/my_pkg:/home/kcm/colcon_ws/install/move_turtle:/home/kcm/ros2_ws/install/py_srvcli:/home/kcm/ros2_ws/install/py_pubsub:/home/kcm/ros2_ws/install/py_ps:/home/kcm/ros2_ws/install/my_package:/opt/ros/humble /usr/bin/cmake --build /home/kcm/colcon_ws/build/my_interface -- -j1 -l1
[2.701s] Invoking command in '/home/kcm/colcon_ws/build/my_interface': CMAKE_PREFIX_PATH=${CMAKE_PREFIX_PATH}:/home/kcm/colcon_ws/install/my_pkg:/home/kcm/colcon_ws/install/move_turtle:/home/kcm/ros2_ws/install/py_srvcli:/home/kcm/ros2_ws/install/py_pubsub:/home/kcm/ros2_ws/install/py_ps:/home/kcm/ros2_ws/install/my_package:/opt/ros/humble /usr/bin/cmake --install /home/kcm/colcon_ws/build/my_interface
[2.726s] -- Install configuration: ""
[2.727s] -- Up-to-date: /home/kcm/colcon_ws/install/my_interface/share/ament_index/resource_index/rosidl_interfaces/my_interface
[2.728s] -- Up-to-date: /home/kcm/colcon_ws/install/my_interface/include/my_interface/my_interface
[2.729s] -- Up-to-date: /home/kcm/colcon_ws/install/my_interface/include/my_interface/my_interface/msg
[2.730s] -- Up-to-date: /home/kcm/colcon_ws/install/my_interface/include/my_interface/my_interface/msg/mytopic.h
[2.730s] -- Up-to-date: /home/kcm/colcon_ws/install/my_interface/include/my_interface/my_interface/msg/rosidl_generator_c__visibility_control.h
[2.731s] -- Up-to-date: /home/kcm/colcon_ws/install/my_interface/include/my_interface/my_interface/msg/detail
[2.732s] -- Up-to-date: /home/kcm/colcon_ws/install/my_interface/include/my_interface/my_interface/msg/detail/mytopic__type_support.h
[2.735s] -- Up-to-date: /home/kcm/colcon_ws/install/my_interface/include/my_interface/my_interface/msg/detail/my_topic__functions.c
[2.736s] -- Up-to-date: /home/kcm/colcon_ws/install/my_interface/include/my_interface/my_interface/msg/detail/my_topic__struct.h
[2.737s] -- Up-to-date: /home/kcm/colcon_ws/install/my_interface/include/my_interface/my_interface/msg/detail/mytopic__struct.h
[2.738s] -- Up-to-date: /home/kcm/colcon_ws/install/my_interface/include/my_interface/my_interface/msg/detail/my_topic__functions.h
[2.738s] -- Up-to-date: /home/kcm/colcon_ws/install/my_interface/include/my_interface/my_interface/msg/detail/mytopic__functions.c
[2.739s] -- Up-to-date: /home/kcm/colcon_ws/install/my_interface/include/my_interface/my_interface/msg/detail/mytopic__functions.h
[2.739s] -- Up-to-date: /home/kcm/colcon_ws/install/my_interface/include/my_interface/my_interface/msg/detail/my_topic__type_support.h
[2.739s] -- Up-to-date: /home/kcm/colcon_ws/install/my_interface/include/my_interface/my_interface/msg/my_topic.h
[2.739s] -- Up-to-date: /home/kcm/colcon_ws/install/my_interface/include/my_interface/my_interface/srv
[2.741s] -- Up-to-date: /home/kcm/colcon_ws/install/my_interface/include/my_interface/my_interface/srv/mysrv.h
[2.741s] -- Up-to-date: /home/kcm/colcon_ws/install/my_interface/include/my_interface/my_interface/srv/detail
[2.741s] -- Up-to-date: /home/kcm/colcon_ws/install/my_interface/include/my_interface/my_interface/srv/detail/mysrv__type_support.h
[2.741s] -- Up-to-date: /home/kcm/colcon_ws/install/my_interface/include/my_interface/my_interface/srv/detail/mysrv__struct.h
[2.741s] -- Up-to-date: /home/kcm/colcon_ws/install/my_interface/include/my_interface/my_interface/srv/detail/mysrv__functions.h
[2.742s] -- Up-to-date: /home/kcm/colcon_ws/install/my_interface/include/my_interface/my_interface/srv/detail/mysrv__functions.c
[2.742s] -- Up-to-date: /home/kcm/colcon_ws/install/my_interface/share/my_interface/environment/library_path.sh
[2.742s] -- Up-to-date: /home/kcm/colcon_ws/install/my_interface/share/my_interface/environment/library_path.dsv
[2.744s] -- Up-to-date: /home/kcm/colcon_ws/install/my_interface/lib/libmy_interface__rosidl_generator_c.so
[2.744s] -- Up-to-date: /home/kcm/colcon_ws/install/my_interface/include/my_interface/my_interface
[2.745s] -- Up-to-date: /home/kcm/colcon_ws/install/my_interface/include/my_interface/my_interface/msg
[2.749s] -- Up-to-date: /home/kcm/colcon_ws/install/my_interface/include/my_interface/my_interface/msg/rosidl_typesupport_fastrtps_c__visibility_control.h
[2.749s] -- Up-to-date: /home/kcm/colcon_ws/install/my_interface/include/my_interface/my_interface/msg/detail
[2.749s] -- Up-to-date: /home/kcm/colcon_ws/install/my_interface/include/my_interface/my_interface/msg/detail/mytopic__rosidl_typesupport_fastrtps_c.h
[2.749s] -- Up-to-date: /home/kcm/colcon_ws/install/my_interface/include/my_interface/my_interface/msg/detail/my_topic__rosidl_typesupport_fastrtps_c.h
[2.749s] -- Up-to-date: /home/kcm/colcon_ws/install/my_interface/include/my_interface/my_interface/srv
[2.749s] -- Up-to-date: /home/kcm/colcon_ws/install/my_interface/include/my_interface/my_interface/srv/detail
[2.750s] -- Up-to-date: /home/kcm/colcon_ws/install/my_interface/include/my_interface/my_interface/srv/detail/mysrv__rosidl_typesupport_fastrtps_c.h
[2.750s] -- Up-to-date: /home/kcm/colcon_ws/install/my_interface/lib/libmy_interface__rosidl_typesupport_fastrtps_c.so
[2.750s] -- Up-to-date: /home/kcm/colcon_ws/install/my_interface/include/my_interface/my_interface
[2.751s] -- Up-to-date: /home/kcm/colcon_ws/install/my_interface/include/my_interface/my_interface/msg
[2.751s] -- Up-to-date: /home/kcm/colcon_ws/install/my_interface/include/my_interface/my_interface/msg/my_topic.hpp
[2.751s] -- Up-to-date: /home/kcm/colcon_ws/install/my_interface/include/my_interface/my_interface/msg/mytopic.hpp
[2.751s] -- Up-to-date: /home/kcm/colcon_ws/install/my_interface/include/my_interface/my_interface/msg/detail
[2.751s] -- Up-to-date: /home/kcm/colcon_ws/install/my_interface/include/my_interface/my_interface/msg/detail/my_topic__traits.hpp
[2.751s] -- Up-to-date: /home/kcm/colcon_ws/install/my_interface/include/my_interface/my_interface/msg/detail/mytopic__struct.hpp
[2.751s] -- Up-to-date: /home/kcm/colcon_ws/install/my_interface/include/my_interface/my_interface/msg/detail/mytopic__builder.hpp
[2.752s] -- Up-to-date: /home/kcm/colcon_ws/install/my_interface/include/my_interface/my_interface/msg/detail/mytopic__traits.hpp
[2.752s] -- Up-to-date: /home/kcm/colcon_ws/install/my_interface/include/my_interface/my_interface/msg/detail/my_topic__struct.hpp
[2.752s] -- Up-to-date: /home/kcm/colcon_ws/install/my_interface/include/my_interface/my_interface/msg/detail/my_topic__builder.hpp
[2.752s] -- Up-to-date: /home/kcm/colcon_ws/install/my_interface/include/my_interface/my_interface/srv
[2.752s] -- Up-to-date: /home/kcm/colcon_ws/install/my_interface/include/my_interface/my_interface/srv/mysrv.hpp
[2.754s] -- Up-to-date: /home/kcm/colcon_ws/install/my_interface/include/my_interface/my_interface/srv/detail
[2.755s] -- Up-to-date: /home/kcm/colcon_ws/install/my_interface/include/my_interface/my_interface/srv/detail/mysrv__struct.hpp
[2.755s] -- Up-to-date: /home/kcm/colcon_ws/install/my_interface/include/my_interface/my_interface/srv/detail/mysrv__builder.hpp
[2.755s] -- Up-to-date: /home/kcm/colcon_ws/install/my_interface/include/my_interface/my_interface/srv/detail/mysrv__traits.hpp
[2.756s] -- Up-to-date: /home/kcm/colcon_ws/install/my_interface/include/my_interface/my_interface
[2.756s] -- Up-to-date: /home/kcm/colcon_ws/install/my_interface/include/my_interface/my_interface/msg
[2.756s] -- Up-to-date: /home/kcm/colcon_ws/install/my_interface/include/my_interface/my_interface/msg/rosidl_typesupport_fastrtps_cpp__visibility_control.h
[2.756s] -- Up-to-date: /home/kcm/colcon_ws/install/my_interface/include/my_interface/my_interface/msg/detail
[2.756s] -- Up-to-date: /home/kcm/colcon_ws/install/my_interface/include/my_interface/my_interface/msg/detail/my_topic__rosidl_typesupport_fastrtps_cpp.hpp
[2.756s] -- Up-to-date: /home/kcm/colcon_ws/install/my_interface/include/my_interface/my_interface/msg/detail/dds_fastrtps
[2.767s] -- Up-to-date: /home/kcm/colcon_ws/install/my_interface/include/my_interface/my_interface/msg/detail/mytopic__rosidl_typesupport_fastrtps_cpp.hpp
[2.767s] -- Up-to-date: /home/kcm/colcon_ws/install/my_interface/include/my_interface/my_interface/srv
[2.767s] -- Up-to-date: /home/kcm/colcon_ws/install/my_interface/include/my_interface/my_interface/srv/detail
[2.767s] -- Up-to-date: /home/kcm/colcon_ws/install/my_interface/include/my_interface/my_interface/srv/detail/mysrv__rosidl_typesupport_fastrtps_cpp.hpp
[2.767s] -- Up-to-date: /home/kcm/colcon_ws/install/my_interface/include/my_interface/my_interface/srv/detail/dds_fastrtps
[2.767s] -- Up-to-date: /home/kcm/colcon_ws/install/my_interface/lib/libmy_interface__rosidl_typesupport_fastrtps_cpp.so
[2.768s] -- Up-to-date: /home/kcm/colcon_ws/install/my_interface/include/my_interface/my_interface
[2.768s] -- Up-to-date: /home/kcm/colcon_ws/install/my_interface/include/my_interface/my_interface/msg
[2.768s] -- Up-to-date: /home/kcm/colcon_ws/install/my_interface/include/my_interface/my_interface/msg/rosidl_typesupport_introspection_c__visibility_control.h
[2.768s] -- Up-to-date: /home/kcm/colcon_ws/install/my_interface/include/my_interface/my_interface/msg/detail
[2.768s] -- Up-to-date: /home/kcm/colcon_ws/install/my_interface/include/my_interface/my_interface/msg/detail/my_topic__type_support.c
[2.768s] -- Up-to-date: /home/kcm/colcon_ws/install/my_interface/include/my_interface/my_interface/msg/detail/mytopic__type_support.c
[2.769s] -- Up-to-date: /home/kcm/colcon_ws/install/my_interface/include/my_interface/my_interface/msg/detail/my_topic__rosidl_typesupport_introspection_c.h
[2.769s] -- Up-to-date: /home/kcm/colcon_ws/install/my_interface/include/my_interface/my_interface/msg/detail/mytopic__rosidl_typesupport_introspection_c.h
[2.769s] -- Up-to-date: /home/kcm/colcon_ws/install/my_interface/include/my_interface/my_interface/srv
[2.769s] -- Up-to-date: /home/kcm/colcon_ws/install/my_interface/include/my_interface/my_interface/srv/detail
[2.769s] -- Up-to-date: /home/kcm/colcon_ws/install/my_interface/include/my_interface/my_interface/srv/detail/mysrv__rosidl_typesupport_introspection_c.h
[2.770s] -- Up-to-date: /home/kcm/colcon_ws/install/my_interface/include/my_interface/my_interface/srv/detail/mysrv__type_support.c
[2.770s] -- Up-to-date: /home/kcm/colcon_ws/install/my_interface/lib/libmy_interface__rosidl_typesupport_introspection_c.so
[2.770s] -- Up-to-date: /home/kcm/colcon_ws/install/my_interface/lib/libmy_interface__rosidl_typesupport_c.so
[2.770s] -- Up-to-date: /home/kcm/colcon_ws/install/my_interface/include/my_interface/my_interface
[2.770s] -- Up-to-date: /home/kcm/colcon_ws/install/my_interface/include/my_interface/my_interface/msg
[2.771s] -- Up-to-date: /home/kcm/colcon_ws/install/my_interface/include/my_interface/my_interface/msg/detail
[2.771s] -- Up-to-date: /home/kcm/colcon_ws/install/my_interface/include/my_interface/my_interface/msg/detail/my_topic__rosidl_typesupport_introspection_cpp.hpp
[2.771s] -- Up-to-date: /home/kcm/colcon_ws/install/my_interface/include/my_interface/my_interface/msg/detail/mytopic__type_support.cpp
[2.771s] -- Up-to-date: /home/kcm/colcon_ws/install/my_interface/include/my_interface/my_interface/msg/detail/my_topic__type_support.cpp
[2.771s] -- Up-to-date: /home/kcm/colcon_ws/install/my_interface/include/my_interface/my_interface/msg/detail/mytopic__rosidl_typesupport_introspection_cpp.hpp
[2.771s] -- Up-to-date: /home/kcm/colcon_ws/install/my_interface/include/my_interface/my_interface/srv
[2.771s] -- Up-to-date: /home/kcm/colcon_ws/install/my_interface/include/my_interface/my_interface/srv/detail
[2.772s] -- Up-to-date: /home/kcm/colcon_ws/install/my_interface/include/my_interface/my_interface/srv/detail/mysrv__type_support.cpp
[2.772s] -- Up-to-date: /home/kcm/colcon_ws/install/my_interface/include/my_interface/my_interface/srv/detail/mysrv__rosidl_typesupport_introspection_cpp.hpp
[2.772s] -- Up-to-date: /home/kcm/colcon_ws/install/my_interface/lib/libmy_interface__rosidl_typesupport_introspection_cpp.so
[2.772s] -- Up-to-date: /home/kcm/colcon_ws/install/my_interface/lib/libmy_interface__rosidl_typesupport_cpp.so
[2.773s] -- Up-to-date: /home/kcm/colcon_ws/install/my_interface/share/my_interface/environment/pythonpath.sh
[2.773s] -- Up-to-date: /home/kcm/colcon_ws/install/my_interface/share/my_interface/environment/pythonpath.dsv
[2.773s] -- Up-to-date: /home/kcm/colcon_ws/install/my_interface/local/lib/python3.10/dist-packages/my_interface-0.0.0-py3.10.egg-info
[2.773s] -- Installing: /home/kcm/colcon_ws/install/my_interface/local/lib/python3.10/dist-packages/my_interface-0.0.0-py3.10.egg-info/SOURCES.txt
[2.774s] -- Installing: /home/kcm/colcon_ws/install/my_interface/local/lib/python3.10/dist-packages/my_interface-0.0.0-py3.10.egg-info/top_level.txt
[2.774s] -- Installing: /home/kcm/colcon_ws/install/my_interface/local/lib/python3.10/dist-packages/my_interface-0.0.0-py3.10.egg-info/dependency_links.txt
[2.774s] -- Installing: /home/kcm/colcon_ws/install/my_interface/local/lib/python3.10/dist-packages/my_interface-0.0.0-py3.10.egg-info/PKG-INFO
[2.775s] -- Up-to-date: /home/kcm/colcon_ws/install/my_interface/local/lib/python3.10/dist-packages/my_interface
[2.775s] -- Up-to-date: /home/kcm/colcon_ws/install/my_interface/local/lib/python3.10/dist-packages/my_interface/my_interface_s__rosidl_typesupport_c.cpython-310-x86_64-linux-gnu.so
[2.775s] -- Up-to-date: /home/kcm/colcon_ws/install/my_interface/local/lib/python3.10/dist-packages/my_interface/_my_interface_s.ep.rosidl_typesupport_introspection_c.c
[2.775s] -- Up-to-date: /home/kcm/colcon_ws/install/my_interface/local/lib/python3.10/dist-packages/my_interface/__init__.py
[2.776s] -- Up-to-date: /home/kcm/colcon_ws/install/my_interface/local/lib/python3.10/dist-packages/my_interface/my_interface_s__rosidl_typesupport_fastrtps_c.cpython-310-x86_64-linux-gnu.so
[2.776s] -- Up-to-date: /home/kcm/colcon_ws/install/my_interface/local/lib/python3.10/dist-packages/my_interface/my_interface_s__rosidl_typesupport_introspection_c.cpython-310-x86_64-linux-gnu.so
[2.776s] -- Up-to-date: /home/kcm/colcon_ws/install/my_interface/local/lib/python3.10/dist-packages/my_interface/msg
[2.796s] -- Up-to-date: /home/kcm/colcon_ws/install/my_interface/local/lib/python3.10/dist-packages/my_interface/msg/_mytopic_s.c
[2.797s] -- Up-to-date: /home/kcm/colcon_ws/install/my_interface/local/lib/python3.10/dist-packages/my_interface/msg/_my_topic_s.c
[2.797s] -- Up-to-date: /home/kcm/colcon_ws/install/my_interface/local/lib/python3.10/dist-packages/my_interface/msg/_mytopic.py
[2.797s] -- Up-to-date: /home/kcm/colcon_ws/install/my_interface/local/lib/python3.10/dist-packages/my_interface/msg/__init__.py
[2.797s] -- Up-to-date: /home/kcm/colcon_ws/install/my_interface/local/lib/python3.10/dist-packages/my_interface/msg/_my_topic.py
[2.797s] -- Up-to-date: /home/kcm/colcon_ws/install/my_interface/local/lib/python3.10/dist-packages/my_interface/srv
[2.798s] -- Up-to-date: /home/kcm/colcon_ws/install/my_interface/local/lib/python3.10/dist-packages/my_interface/srv/_mysrv.py
[2.798s] -- Up-to-date: /home/kcm/colcon_ws/install/my_interface/local/lib/python3.10/dist-packages/my_interface/srv/__init__.py
[2.798s] -- Up-to-date: /home/kcm/colcon_ws/install/my_interface/local/lib/python3.10/dist-packages/my_interface/srv/_mysrv_s.c
[2.798s] -- Up-to-date: /home/kcm/colcon_ws/install/my_interface/local/lib/python3.10/dist-packages/my_interface/_my_interface_s.ep.rosidl_typesupport_fastrtps_c.c
[2.798s] -- Up-to-date: /home/kcm/colcon_ws/install/my_interface/local/lib/python3.10/dist-packages/my_interface/_my_interface_s.ep.rosidl_typesupport_c.c
[2.798s] -- Up-to-date: /home/kcm/colcon_ws/install/my_interface/local/lib/python3.10/dist-packages/my_interface/libmy_interface__rosidl_generator_py.so
[2.885s] Listing '/home/kcm/colcon_ws/install/my_interface/local/lib/python3.10/dist-packages/my_interface'...
[2.885s] Listing '/home/kcm/colcon_ws/install/my_interface/local/lib/python3.10/dist-packages/my_interface/msg'...
[2.886s] Listing '/home/kcm/colcon_ws/install/my_interface/local/lib/python3.10/dist-packages/my_interface/srv'...
[2.911s] -- Up-to-date: /home/kcm/colcon_ws/install/my_interface/local/lib/python3.10/dist-packages/my_interface/my_interface_s__rosidl_typesupport_fastrtps_c.cpython-310-x86_64-linux-gnu.so
[2.913s] -- Up-to-date: /home/kcm/colcon_ws/install/my_interface/local/lib/python3.10/dist-packages/my_interface/my_interface_s__rosidl_typesupport_introspection_c.cpython-310-x86_64-linux-gnu.so
[2.914s] -- Up-to-date: /home/kcm/colcon_ws/install/my_interface/local/lib/python3.10/dist-packages/my_interface/my_interface_s__rosidl_typesupport_c.cpython-310-x86_64-linux-gnu.so
[2.920s] -- Up-to-date: /home/kcm/colcon_ws/install/my_interface/lib/libmy_interface__rosidl_generator_py.so
[2.925s] -- Up-to-date: /home/kcm/colcon_ws/install/my_interface/share/my_interface/msg/Mytopic.idl
[2.936s] -- Up-to-date: /home/kcm/colcon_ws/install/my_interface/share/my_interface/srv/Mysrv.idl
[2.936s] -- Up-to-date: /home/kcm/colcon_ws/install/my_interface/share/my_interface/msg/Mytopic.msg
[2.937s] -- Up-to-date: /home/kcm/colcon_ws/install/my_interface/share/my_interface/srv/Mysrv.srv
[2.937s] -- Up-to-date: /home/kcm/colcon_ws/install/my_interface/share/my_interface/srv/Mysrv_Request.msg
[2.937s] -- Up-to-date: /home/kcm/colcon_ws/install/my_interface/share/my_interface/srv/Mysrv_Response.msg
[2.937s] -- Up-to-date: /home/kcm/colcon_ws/install/my_interface/share/ament_index/resource_index/package_run_dependencies/my_interface
[2.939s] -- Up-to-date: /home/kcm/colcon_ws/install/my_interface/share/ament_index/resource_index/parent_prefix_path/my_interface
[2.939s] -- Up-to-date: /home/kcm/colcon_ws/install/my_interface/share/my_interface/environment/ament_prefix_path.sh
[2.939s] -- Up-to-date: /home/kcm/colcon_ws/install/my_interface/share/my_interface/environment/ament_prefix_path.dsv
[2.939s] -- Up-to-date: /home/kcm/colcon_ws/install/my_interface/share/my_interface/environment/path.sh
[2.939s] -- Up-to-date: /home/kcm/colcon_ws/install/my_interface/share/my_interface/environment/path.dsv
[2.939s] -- Up-to-date: /home/kcm/colcon_ws/install/my_interface/share/my_interface/local_setup.bash
[2.939s] -- Up-to-date: /home/kcm/colcon_ws/install/my_interface/share/my_interface/local_setup.sh
[2.939s] -- Up-to-date: /home/kcm/colcon_ws/install/my_interface/share/my_interface/local_setup.zsh
[2.939s] -- Up-to-date: /home/kcm/colcon_ws/install/my_interface/share/my_interface/local_setup.dsv
[2.939s] -- Installing: /home/kcm/colcon_ws/install/my_interface/share/my_interface/package.dsv
[2.943s] -- Up-to-date: /home/kcm/colcon_ws/install/my_interface/share/ament_index/resource_index/packages/my_interface
[2.943s] -- Up-to-date: /home/kcm/colcon_ws/install/my_interface/share/my_interface/cmake/export_my_interface__rosidl_generator_cExport.cmake
[2.944s] -- Up-to-date: /home/kcm/colcon_ws/install/my_interface/share/my_interface/cmake/export_my_interface__rosidl_generator_cExport-noconfig.cmake
[2.944s] -- Up-to-date: /home/kcm/colcon_ws/install/my_interface/share/my_interface/cmake/export_my_interface__rosidl_typesupport_fastrtps_cExport.cmake
[2.945s] -- Up-to-date: /home/kcm/colcon_ws/install/my_interface/share/my_interface/cmake/export_my_interface__rosidl_typesupport_fastrtps_cExport-noconfig.cmake
[2.945s] -- Up-to-date: /home/kcm/colcon_ws/install/my_interface/share/my_interface/cmake/export_my_interface__rosidl_generator_cppExport.cmake
[2.945s] -- Up-to-date: /home/kcm/colcon_ws/install/my_interface/share/my_interface/cmake/export_my_interface__rosidl_typesupport_fastrtps_cppExport.cmake
[2.945s] -- Up-to-date: /home/kcm/colcon_ws/install/my_interface/share/my_interface/cmake/export_my_interface__rosidl_typesupport_fastrtps_cppExport-noconfig.cmake
[2.951s] -- Up-to-date: /home/kcm/colcon_ws/install/my_interface/share/my_interface/cmake/my_interface__rosidl_typesupport_introspection_cExport.cmake
[2.951s] -- Up-to-date: /home/kcm/colcon_ws/install/my_interface/share/my_interface/cmake/my_interface__rosidl_typesupport_introspection_cExport-noconfig.cmake
[2.951s] -- Up-to-date: /home/kcm/colcon_ws/install/my_interface/share/my_interface/cmake/my_interface__rosidl_typesupport_cExport.cmake
[2.951s] -- Up-to-date: /home/kcm/colcon_ws/install/my_interface/share/my_interface/cmake/my_interface__rosidl_typesupport_cExport-noconfig.cmake
[2.952s] -- Up-to-date: /home/kcm/colcon_ws/install/my_interface/share/my_interface/cmake/my_interface__rosidl_typesupport_introspection_cppExport.cmake
[2.952s] -- Up-to-date: /home/kcm/colcon_ws/install/my_interface/share/my_interface/cmake/my_interface__rosidl_typesupport_introspection_cppExport-noconfig.cmake
[2.952s] -- Up-to-date: /home/kcm/colcon_ws/install/my_interface/share/my_interface/cmake/my_interface__rosidl_typesupport_cppExport.cmake
[2.952s] -- Up-to-date: /home/kcm/colcon_ws/install/my_interface/share/my_interface/cmake/my_interface__rosidl_typesupport_cppExport-noconfig.cmake
[2.952s] -- Up-to-date: /home/kcm/colcon_ws/install/my_interface/share/my_interface/cmake/export_my_interface__rosidl_generator_pyExport.cmake
[2.952s] -- Up-to-date: /home/kcm/colcon_ws/install/my_interface/share/my_interface/cmake/export_my_interface__rosidl_generator_pyExport-noconfig.cmake
[2.953s] -- Up-to-date: /home/kcm/colcon_ws/install/my_interface/share/my_interface/cmake/rosidl_cmake-extras.cmake
[2.953s] -- Up-to-date: /home/kcm/colcon_ws/install/my_interface/share/my_interface/cmake/ament_cmake_export_dependencies-extras.cmake
[2.953s] -- Up-to-date: /home/kcm/colcon_ws/install/my_interface/share/my_interface/cmake/ament_cmake_export_include_directories-extras.cmake
[2.953s] -- Up-to-date: /home/kcm/colcon_ws/install/my_interface/share/my_interface/cmake/ament_cmake_export_libraries-extras.cmake
[2.953s] -- Up-to-date: /home/kcm/colcon_ws/install/my_interface/share/my_interface/cmake/ament_cmake_export_targets-extras.cmake
[2.953s] -- Up-to-date: /home/kcm/colcon_ws/install/my_interface/share/my_interface/cmake/rosidl_cmake_export_typesupport_targets-extras.cmake
[2.953s] -- Up-to-date: /home/kcm/colcon_ws/install/my_interface/share/my_interface/cmake/rosidl_cmake_export_typesupport_libraries-extras.cmake
[2.954s] -- Up-to-date: /home/kcm/colcon_ws/install/my_interface/share/my_interface/cmake/my_interfaceConfig.cmake
[2.954s] -- Up-to-date: /home/kcm/colcon_ws/install/my_interface/share/my_interface/cmake/my_interfaceConfig-version.cmake
[2.955s] -- Up-to-date: /home/kcm/colcon_ws/install/my_interface/share/my_interface/package.xml
[2.966s] Invoked command in '/home/kcm/colcon_ws/build/my_interface' returned '0': CMAKE_PREFIX_PATH=${CMAKE_PREFIX_PATH}:/home/kcm/colcon_ws/install/my_pkg:/home/kcm/colcon_ws/install/move_turtle:/home/kcm/ros2_ws/install/py_srvcli:/home/kcm/ros2_ws/install/py_pubsub:/home/kcm/ros2_ws/install/py_ps:/home/kcm/ros2_ws/install/my_package:/opt/ros/humble /usr/bin/cmake --install /home/kcm/colcon_ws/build/my_interface
