[0.016s] Invoking command in '/home/kcm/colcon_ws/build/my_interface': CMAKE_PREFIX_PATH=/home/kcm/colcon_ws/install/my_pkg:/home/kcm/colcon_ws/install/move_turtle:/home/kcm/ros2_ws/install/py_srvcli:/home/kcm/ros2_ws/install/py_pubsub:/home/kcm/ros2_ws/install/py_ps:/home/kcm/ros2_ws/install/my_package:/opt/ros/humble /usr/bin/cmake /home/kcm/colcon_ws/src/my_interface -DCMAKE_INSTALL_PREFIX=/home/kcm/colcon_ws/install/my_interface
[0.055s] -- Found ament_cmake: 1.3.9 (/opt/ros/humble/share/ament_cmake/cmake)
[0.374s] -- Found builtin_interfaces: 1.2.1 (/opt/ros/humble/share/builtin_interfaces/cmake)
[0.422s] -- Found rosidl_generator_c: 3.1.5 (/opt/ros/humble/share/rosidl_generator_c/cmake)
[0.430s] -- Found rosidl_adapter: 3.1.5 (/opt/ros/humble/share/rosidl_adapter/cmake)
[0.458s] -- Found rosidl_generator_cpp: 3.1.5 (/opt/ros/humble/share/rosidl_generator_cpp/cmake)
[0.473s] -- Using all available rosidl_typesupport_c: rosidl_typesupport_fastrtps_c;rosidl_typesupport_introspection_c
[0.514s] -- Using all available rosidl_typesupport_cpp: rosidl_typesupport_fastrtps_cpp;rosidl_typesupport_introspection_cpp
[0.552s] -- Found rosidl_default_generators: 1.2.0 (/opt/ros/humble/share/rosidl_default_generators/cmake)
[0.562s] [31mCMake Error at /opt/ros/humble/share/rosidl_cmake/cmake/rosidl_generate_interfaces.cmake:93 (message):
[0.563s]   rosidl_generate_interfaces() the passed file 'DEFENDENCIES' doesn't exist
[0.563s]   relative to the CMAKE_CURRENT_SOURCE_DIR
[0.564s]   '/home/kcm/colcon_ws/src/my_interface'
[0.564s] Call Stack (most recent call first):
[0.565s]   CMakeLists.txt:18 (rosidl_generate_interfaces)
[0.565s] 
[0.566s] [0m
[0.566s] -- Configuring incomplete, errors occurred!
[0.567s] See also "/home/kcm/colcon_ws/build/my_interface/CMakeFiles/CMakeOutput.log".
[0.580s] Invoked command in '/home/kcm/colcon_ws/build/my_interface' returned '1': CMAKE_PREFIX_PATH=/home/kcm/colcon_ws/install/my_pkg:/home/kcm/colcon_ws/install/move_turtle:/home/kcm/ros2_ws/install/py_srvcli:/home/kcm/ros2_ws/install/py_pubsub:/home/kcm/ros2_ws/install/py_ps:/home/kcm/ros2_ws/install/my_package:/opt/ros/humble /usr/bin/cmake /home/kcm/colcon_ws/src/my_interface -DCMAKE_INSTALL_PREFIX=/home/kcm/colcon_ws/install/my_interface
