[0.023s] Invoking command in '/home/kcm/colcon_ws/build/my_interface': CMAKE_PREFIX_PATH=${CMAKE_PREFIX_PATH}:/home/kcm/colcon_ws/install/my_pkg:/home/kcm/colcon_ws/install/move_turtle:/home/kcm/ros2_ws/install/py_srvcli:/home/kcm/ros2_ws/install/py_pubsub:/home/kcm/ros2_ws/install/py_ps:/home/kcm/ros2_ws/install/my_package:/opt/ros/humble /usr/bin/cmake --build /home/kcm/colcon_ws/build/my_interface -- -j1 -l1
[0.147s] -- Found ament_cmake: 1.3.9 (/opt/ros/humble/share/ament_cmake/cmake)
[0.633s] -- Found builtin_interfaces: 1.2.1 (/opt/ros/humble/share/builtin_interfaces/cmake)
[0.709s] -- Found rosidl_generator_c: 3.1.5 (/opt/ros/humble/share/rosidl_generator_c/cmake)
[0.717s] -- Found rosidl_adapter: 3.1.5 (/opt/ros/humble/share/rosidl_adapter/cmake)
[0.744s] -- Found rosidl_generator_cpp: 3.1.5 (/opt/ros/humble/share/rosidl_generator_cpp/cmake)
[0.810s] -- Using all available rosidl_typesupport_c: rosidl_typesupport_fastrtps_c;rosidl_typesupport_introspection_c
[0.877s] -- Using all available rosidl_typesupport_cpp: rosidl_typesupport_fastrtps_cpp;rosidl_typesupport_introspection_cpp
[0.905s] -- Found rosidl_default_generators: 1.2.0 (/opt/ros/humble/share/rosidl_default_generators/cmake)
[1.508s] -- Found ament_cmake_ros: 0.10.0 (/opt/ros/humble/share/ament_cmake_ros/cmake)
[2.566s] -- Using all available rosidl_typesupport_c: rosidl_typesupport_fastrtps_c;rosidl_typesupport_introspection_c
[2.899s] -- Using all available rosidl_typesupport_cpp: rosidl_typesupport_fastrtps_cpp;rosidl_typesupport_introspection_cpp
[3.030s] -- Found python_cmake_module: 0.10.0 (/opt/ros/humble/share/python_cmake_module/cmake)
[3.081s] -- Using PYTHON_EXECUTABLE: /usr/bin/python3
[3.081s] -- Using PYTHON_INCLUDE_DIRS: /usr/include/python3.10
[3.082s] -- Using PYTHON_LIBRARIES: /usr/lib/x86_64-linux-gnu/libpython3.10.so
[3.182s] -- Found ament_lint_auto: 0.12.11 (/opt/ros/humble/share/ament_lint_auto/cmake)
[3.217s] -- Configuring done
[3.314s] -- Generating done
[3.342s] -- Build files have been written to: /home/kcm/colcon_ws/build/my_interface
[3.526s] [  3%] Built target my_interface__cpp
[3.589s] [35m[1mConsolidate compiler generated dependencies of target my_interface__rosidl_typesupport_cpp[0m
[3.642s] [ 12%] Built target my_interface__rosidl_typesupport_cpp
[3.674s] [35m[1mConsolidate compiler generated dependencies of target my_interface__rosidl_generator_c[0m
[3.709s] [ 22%] Built target my_interface__rosidl_generator_c
[3.774s] [35m[1mConsolidate compiler generated dependencies of target my_interface__rosidl_typesupport_fastrtps_c[0m
[3.826s] [ 32%] Built target my_interface__rosidl_typesupport_fastrtps_c
[3.855s] [35m[1mConsolidate compiler generated dependencies of target my_interface__rosidl_typesupport_fastrtps_cpp[0m
[3.920s] [ 41%] Built target my_interface__rosidl_typesupport_fastrtps_cpp
[3.961s] [35m[1mConsolidate compiler generated dependencies of target my_interface__rosidl_typesupport_introspection_c[0m
[3.995s] [ 51%] Built target my_interface__rosidl_typesupport_introspection_c
[4.044s] [35m[1mConsolidate compiler generated dependencies of target my_interface__rosidl_typesupport_c[0m
[4.094s] [ 61%] Built target my_interface__rosidl_typesupport_c
[4.122s] [35m[1mConsolidate compiler generated dependencies of target my_interface__rosidl_typesupport_introspection_cpp[0m
[4.159s] [ 70%] Built target my_interface__rosidl_typesupport_introspection_cpp
[4.241s] [ 70%] Built target my_interface
[4.350s] [ 70%] Built target ament_cmake_python_copy_my_interface
[5.039s] running egg_info
[5.042s] writing my_interface.egg-info/PKG-INFO
[5.047s] writing dependency_links to my_interface.egg-info/dependency_links.txt
[5.055s] writing top-level names to my_interface.egg-info/top_level.txt
[5.076s] reading manifest file 'my_interface.egg-info/SOURCES.txt'
[5.078s] writing manifest file 'my_interface.egg-info/SOURCES.txt'
[5.160s] [ 70%] Built target ament_cmake_python_build_my_interface_egg
[5.262s] [ 74%] Built target my_interface__py
[5.298s] [35m[1mConsolidate compiler generated dependencies of target my_interface__rosidl_generator_py[0m
[5.347s] [ 80%] Built target my_interface__rosidl_generator_py
[5.380s] [35m[1mConsolidate compiler generated dependencies of target my_interface__rosidl_typesupport_fastrtps_c__pyext[0m
[5.412s] [ 87%] Built target my_interface__rosidl_typesupport_fastrtps_c__pyext
[5.441s] [35m[1mConsolidate compiler generated dependencies of target my_interface__rosidl_typesupport_introspection_c__pyext[0m
[5.532s] [ 93%] Built target my_interface__rosidl_typesupport_introspection_c__pyext
[5.578s] [35m[1mConsolidate compiler generated dependencies of target my_interface__rosidl_typesupport_c__pyext[0m
[5.618s] [100%] Built target my_interface__rosidl_typesupport_c__pyext
[5.645s] Invoked command in '/home/kcm/colcon_ws/build/my_interface' returned '0': CMAKE_PREFIX_PATH=${CMAKE_PREFIX_PATH}:/home/kcm/colcon_ws/install/my_pkg:/home/kcm/colcon_ws/install/move_turtle:/home/kcm/ros2_ws/install/py_srvcli:/home/kcm/ros2_ws/install/py_pubsub:/home/kcm/ros2_ws/install/py_ps:/home/kcm/ros2_ws/install/my_package:/opt/ros/humble /usr/bin/cmake --build /home/kcm/colcon_ws/build/my_interface -- -j1 -l1
[6.043s] Invoking command in '/home/kcm/colcon_ws/build/my_interface': CMAKE_PREFIX_PATH=${CMAKE_PREFIX_PATH}:/home/kcm/colcon_ws/install/my_pkg:/home/kcm/colcon_ws/install/move_turtle:/home/kcm/ros2_ws/install/py_srvcli:/home/kcm/ros2_ws/install/py_pubsub:/home/kcm/ros2_ws/install/py_ps:/home/kcm/ros2_ws/install/my_package:/opt/ros/humble /usr/bin/cmake --install /home/kcm/colcon_ws/build/my_interface
[6.072s] -- Install configuration: ""
[6.072s] -- Up-to-date: /home/kcm/colcon_ws/install/my_interface/share/ament_index/resource_index/rosidl_interfaces/my_interface
[6.074s] -- Up-to-date: /home/kcm/colcon_ws/install/my_interface/include/my_interface/my_interface
[6.074s] -- Up-to-date: /home/kcm/colcon_ws/install/my_interface/include/my_interface/my_interface/msg
[6.074s] -- Up-to-date: /home/kcm/colcon_ws/install/my_interface/include/my_interface/my_interface/msg/rosidl_generator_c__visibility_control.h
[6.074s] -- Up-to-date: /home/kcm/colcon_ws/install/my_interface/include/my_interface/my_interface/msg/detail
[6.074s] -- Up-to-date: /home/kcm/colcon_ws/install/my_interface/include/my_interface/my_interface/msg/detail/my_topic__functions.c
[6.075s] -- Up-to-date: /home/kcm/colcon_ws/install/my_interface/include/my_interface/my_interface/msg/detail/my_topic__struct.h
[6.075s] -- Up-to-date: /home/kcm/colcon_ws/install/my_interface/include/my_interface/my_interface/msg/detail/my_topic__functions.h
[6.075s] -- Up-to-date: /home/kcm/colcon_ws/install/my_interface/include/my_interface/my_interface/msg/detail/my_topic__type_support.h
[6.075s] -- Up-to-date: /home/kcm/colcon_ws/install/my_interface/include/my_interface/my_interface/msg/my_topic.h
[6.075s] -- Up-to-date: /home/kcm/colcon_ws/install/my_interface/share/my_interface/environment/library_path.sh
[6.075s] -- Installing: /home/kcm/colcon_ws/install/my_interface/share/my_interface/environment/library_path.dsv
[6.080s] -- Up-to-date: /home/kcm/colcon_ws/install/my_interface/lib/libmy_interface__rosidl_generator_c.so
[6.080s] -- Up-to-date: /home/kcm/colcon_ws/install/my_interface/include/my_interface/my_interface
[6.080s] -- Up-to-date: /home/kcm/colcon_ws/install/my_interface/include/my_interface/my_interface/msg
[6.080s] -- Up-to-date: /home/kcm/colcon_ws/install/my_interface/include/my_interface/my_interface/msg/rosidl_typesupport_fastrtps_c__visibility_control.h
[6.080s] -- Up-to-date: /home/kcm/colcon_ws/install/my_interface/include/my_interface/my_interface/msg/detail
[6.080s] -- Up-to-date: /home/kcm/colcon_ws/install/my_interface/include/my_interface/my_interface/msg/detail/my_topic__rosidl_typesupport_fastrtps_c.h
[6.081s] -- Up-to-date: /home/kcm/colcon_ws/install/my_interface/lib/libmy_interface__rosidl_typesupport_fastrtps_c.so
[6.081s] -- Up-to-date: /home/kcm/colcon_ws/install/my_interface/include/my_interface/my_interface
[6.081s] -- Up-to-date: /home/kcm/colcon_ws/install/my_interface/include/my_interface/my_interface/msg
[6.081s] -- Up-to-date: /home/kcm/colcon_ws/install/my_interface/include/my_interface/my_interface/msg/my_topic.hpp
[6.081s] -- Up-to-date: /home/kcm/colcon_ws/install/my_interface/include/my_interface/my_interface/msg/detail
[6.081s] -- Up-to-date: /home/kcm/colcon_ws/install/my_interface/include/my_interface/my_interface/msg/detail/my_topic__traits.hpp
[6.081s] -- Up-to-date: /home/kcm/colcon_ws/install/my_interface/include/my_interface/my_interface/msg/detail/my_topic__struct.hpp
[6.082s] -- Up-to-date: /home/kcm/colcon_ws/install/my_interface/include/my_interface/my_interface/msg/detail/my_topic__builder.hpp
[6.082s] -- Up-to-date: /home/kcm/colcon_ws/install/my_interface/include/my_interface/my_interface
[6.085s] -- Up-to-date: /home/kcm/colcon_ws/install/my_interface/include/my_interface/my_interface/msg
[6.086s] -- Up-to-date: /home/kcm/colcon_ws/install/my_interface/include/my_interface/my_interface/msg/rosidl_typesupport_fastrtps_cpp__visibility_control.h
[6.086s] -- Up-to-date: /home/kcm/colcon_ws/install/my_interface/include/my_interface/my_interface/msg/detail
[6.086s] -- Up-to-date: /home/kcm/colcon_ws/install/my_interface/include/my_interface/my_interface/msg/detail/my_topic__rosidl_typesupport_fastrtps_cpp.hpp
[6.086s] -- Up-to-date: /home/kcm/colcon_ws/install/my_interface/include/my_interface/my_interface/msg/detail/dds_fastrtps
[6.086s] -- Up-to-date: /home/kcm/colcon_ws/install/my_interface/lib/libmy_interface__rosidl_typesupport_fastrtps_cpp.so
[6.086s] -- Up-to-date: /home/kcm/colcon_ws/install/my_interface/include/my_interface/my_interface
[6.086s] -- Up-to-date: /home/kcm/colcon_ws/install/my_interface/include/my_interface/my_interface/msg
[6.087s] -- Up-to-date: /home/kcm/colcon_ws/install/my_interface/include/my_interface/my_interface/msg/rosidl_typesupport_introspection_c__visibility_control.h
[6.087s] -- Up-to-date: /home/kcm/colcon_ws/install/my_interface/include/my_interface/my_interface/msg/detail
[6.087s] -- Up-to-date: /home/kcm/colcon_ws/install/my_interface/include/my_interface/my_interface/msg/detail/my_topic__type_support.c
[6.087s] -- Up-to-date: /home/kcm/colcon_ws/install/my_interface/include/my_interface/my_interface/msg/detail/my_topic__rosidl_typesupport_introspection_c.h
[6.087s] -- Up-to-date: /home/kcm/colcon_ws/install/my_interface/lib/libmy_interface__rosidl_typesupport_introspection_c.so
[6.087s] -- Up-to-date: /home/kcm/colcon_ws/install/my_interface/lib/libmy_interface__rosidl_typesupport_c.so
[6.088s] -- Up-to-date: /home/kcm/colcon_ws/install/my_interface/include/my_interface/my_interface
[6.088s] -- Up-to-date: /home/kcm/colcon_ws/install/my_interface/include/my_interface/my_interface/msg
[6.088s] -- Up-to-date: /home/kcm/colcon_ws/install/my_interface/include/my_interface/my_interface/msg/detail
[6.088s] -- Up-to-date: /home/kcm/colcon_ws/install/my_interface/include/my_interface/my_interface/msg/detail/my_topic__rosidl_typesupport_introspection_cpp.hpp
[6.088s] -- Up-to-date: /home/kcm/colcon_ws/install/my_interface/include/my_interface/my_interface/msg/detail/my_topic__type_support.cpp
[6.088s] -- Up-to-date: /home/kcm/colcon_ws/install/my_interface/lib/libmy_interface__rosidl_typesupport_introspection_cpp.so
[6.089s] -- Up-to-date: /home/kcm/colcon_ws/install/my_interface/lib/libmy_interface__rosidl_typesupport_cpp.so
[6.090s] -- Up-to-date: /home/kcm/colcon_ws/install/my_interface/share/my_interface/environment/pythonpath.sh
[6.091s] -- Installing: /home/kcm/colcon_ws/install/my_interface/share/my_interface/environment/pythonpath.dsv
[6.091s] -- Up-to-date: /home/kcm/colcon_ws/install/my_interface/local/lib/python3.10/dist-packages/my_interface-0.0.0-py3.10.egg-info
[6.091s] -- Installing: /home/kcm/colcon_ws/install/my_interface/local/lib/python3.10/dist-packages/my_interface-0.0.0-py3.10.egg-info/SOURCES.txt
[6.091s] -- Installing: /home/kcm/colcon_ws/install/my_interface/local/lib/python3.10/dist-packages/my_interface-0.0.0-py3.10.egg-info/top_level.txt
[6.091s] -- Installing: /home/kcm/colcon_ws/install/my_interface/local/lib/python3.10/dist-packages/my_interface-0.0.0-py3.10.egg-info/dependency_links.txt
[6.092s] -- Installing: /home/kcm/colcon_ws/install/my_interface/local/lib/python3.10/dist-packages/my_interface-0.0.0-py3.10.egg-info/PKG-INFO
[6.092s] -- Up-to-date: /home/kcm/colcon_ws/install/my_interface/local/lib/python3.10/dist-packages/my_interface
[6.092s] -- Up-to-date: /home/kcm/colcon_ws/install/my_interface/local/lib/python3.10/dist-packages/my_interface/my_interface_s__rosidl_typesupport_c.cpython-310-x86_64-linux-gnu.so
[6.093s] -- Up-to-date: /home/kcm/colcon_ws/install/my_interface/local/lib/python3.10/dist-packages/my_interface/_my_interface_s.ep.rosidl_typesupport_introspection_c.c
[6.094s] -- Installing: /home/kcm/colcon_ws/install/my_interface/local/lib/python3.10/dist-packages/my_interface/__init__.py
[6.095s] -- Up-to-date: /home/kcm/colcon_ws/install/my_interface/local/lib/python3.10/dist-packages/my_interface/my_interface_s__rosidl_typesupport_fastrtps_c.cpython-310-x86_64-linux-gnu.so
[6.101s] -- Up-to-date: /home/kcm/colcon_ws/install/my_interface/local/lib/python3.10/dist-packages/my_interface/my_interface_s__rosidl_typesupport_introspection_c.cpython-310-x86_64-linux-gnu.so
[6.101s] -- Up-to-date: /home/kcm/colcon_ws/install/my_interface/local/lib/python3.10/dist-packages/my_interface/msg
[6.101s] -- Up-to-date: /home/kcm/colcon_ws/install/my_interface/local/lib/python3.10/dist-packages/my_interface/msg/_my_topic_s.c
[6.101s] -- Up-to-date: /home/kcm/colcon_ws/install/my_interface/local/lib/python3.10/dist-packages/my_interface/msg/__init__.py
[6.101s] -- Up-to-date: /home/kcm/colcon_ws/install/my_interface/local/lib/python3.10/dist-packages/my_interface/msg/_my_topic.py
[6.102s] -- Up-to-date: /home/kcm/colcon_ws/install/my_interface/local/lib/python3.10/dist-packages/my_interface/_my_interface_s.ep.rosidl_typesupport_fastrtps_c.c
[6.102s] -- Up-to-date: /home/kcm/colcon_ws/install/my_interface/local/lib/python3.10/dist-packages/my_interface/_my_interface_s.ep.rosidl_typesupport_c.c
[6.102s] -- Up-to-date: /home/kcm/colcon_ws/install/my_interface/local/lib/python3.10/dist-packages/my_interface/libmy_interface__rosidl_generator_py.so
[6.214s] Listing '/home/kcm/colcon_ws/install/my_interface/local/lib/python3.10/dist-packages/my_interface'...
[6.214s] Compiling '/home/kcm/colcon_ws/install/my_interface/local/lib/python3.10/dist-packages/my_interface/__init__.py'...
[6.214s] Listing '/home/kcm/colcon_ws/install/my_interface/local/lib/python3.10/dist-packages/my_interface/msg'...
[6.231s] -- Up-to-date: /home/kcm/colcon_ws/install/my_interface/local/lib/python3.10/dist-packages/my_interface/my_interface_s__rosidl_typesupport_fastrtps_c.cpython-310-x86_64-linux-gnu.so
[6.231s] -- Up-to-date: /home/kcm/colcon_ws/install/my_interface/local/lib/python3.10/dist-packages/my_interface/my_interface_s__rosidl_typesupport_introspection_c.cpython-310-x86_64-linux-gnu.so
[6.231s] -- Up-to-date: /home/kcm/colcon_ws/install/my_interface/local/lib/python3.10/dist-packages/my_interface/my_interface_s__rosidl_typesupport_c.cpython-310-x86_64-linux-gnu.so
[6.231s] -- Up-to-date: /home/kcm/colcon_ws/install/my_interface/lib/libmy_interface__rosidl_generator_py.so
[6.231s] -- Up-to-date: /home/kcm/colcon_ws/install/my_interface/share/my_interface/msg/MyTopic.idl
[6.231s] -- Up-to-date: /home/kcm/colcon_ws/install/my_interface/share/my_interface/msg/MyTopic.msg
[6.231s] -- Up-to-date: /home/kcm/colcon_ws/install/my_interface/share/ament_index/resource_index/package_run_dependencies/my_interface
[6.231s] -- Up-to-date: /home/kcm/colcon_ws/install/my_interface/share/ament_index/resource_index/parent_prefix_path/my_interface
[6.231s] -- Up-to-date: /home/kcm/colcon_ws/install/my_interface/share/my_interface/environment/ament_prefix_path.sh
[6.231s] -- Installing: /home/kcm/colcon_ws/install/my_interface/share/my_interface/environment/ament_prefix_path.dsv
[6.231s] -- Up-to-date: /home/kcm/colcon_ws/install/my_interface/share/my_interface/environment/path.sh
[6.231s] -- Installing: /home/kcm/colcon_ws/install/my_interface/share/my_interface/environment/path.dsv
[6.231s] -- Up-to-date: /home/kcm/colcon_ws/install/my_interface/share/my_interface/local_setup.bash
[6.232s] -- Up-to-date: /home/kcm/colcon_ws/install/my_interface/share/my_interface/local_setup.sh
[6.232s] -- Up-to-date: /home/kcm/colcon_ws/install/my_interface/share/my_interface/local_setup.zsh
[6.232s] -- Installing: /home/kcm/colcon_ws/install/my_interface/share/my_interface/local_setup.dsv
[6.232s] -- Installing: /home/kcm/colcon_ws/install/my_interface/share/my_interface/package.dsv
[6.232s] -- Up-to-date: /home/kcm/colcon_ws/install/my_interface/share/ament_index/resource_index/packages/my_interface
[6.232s] -- Up-to-date: /home/kcm/colcon_ws/install/my_interface/share/my_interface/cmake/export_my_interface__rosidl_generator_cExport.cmake
[6.232s] -- Up-to-date: /home/kcm/colcon_ws/install/my_interface/share/my_interface/cmake/export_my_interface__rosidl_generator_cExport-noconfig.cmake
[6.232s] -- Up-to-date: /home/kcm/colcon_ws/install/my_interface/share/my_interface/cmake/export_my_interface__rosidl_typesupport_fastrtps_cExport.cmake
[6.232s] -- Up-to-date: /home/kcm/colcon_ws/install/my_interface/share/my_interface/cmake/export_my_interface__rosidl_typesupport_fastrtps_cExport-noconfig.cmake
[6.232s] -- Up-to-date: /home/kcm/colcon_ws/install/my_interface/share/my_interface/cmake/export_my_interface__rosidl_generator_cppExport.cmake
[6.232s] -- Up-to-date: /home/kcm/colcon_ws/install/my_interface/share/my_interface/cmake/export_my_interface__rosidl_typesupport_fastrtps_cppExport.cmake
[6.232s] -- Up-to-date: /home/kcm/colcon_ws/install/my_interface/share/my_interface/cmake/export_my_interface__rosidl_typesupport_fastrtps_cppExport-noconfig.cmake
[6.232s] -- Up-to-date: /home/kcm/colcon_ws/install/my_interface/share/my_interface/cmake/my_interface__rosidl_typesupport_introspection_cExport.cmake
[6.232s] -- Up-to-date: /home/kcm/colcon_ws/install/my_interface/share/my_interface/cmake/my_interface__rosidl_typesupport_introspection_cExport-noconfig.cmake
[6.232s] -- Up-to-date: /home/kcm/colcon_ws/install/my_interface/share/my_interface/cmake/my_interface__rosidl_typesupport_cExport.cmake
[6.232s] -- Up-to-date: /home/kcm/colcon_ws/install/my_interface/share/my_interface/cmake/my_interface__rosidl_typesupport_cExport-noconfig.cmake
[6.232s] -- Up-to-date: /home/kcm/colcon_ws/install/my_interface/share/my_interface/cmake/my_interface__rosidl_typesupport_introspection_cppExport.cmake
[6.232s] -- Up-to-date: /home/kcm/colcon_ws/install/my_interface/share/my_interface/cmake/my_interface__rosidl_typesupport_introspection_cppExport-noconfig.cmake
[6.232s] -- Up-to-date: /home/kcm/colcon_ws/install/my_interface/share/my_interface/cmake/my_interface__rosidl_typesupport_cppExport.cmake
[6.232s] -- Up-to-date: /home/kcm/colcon_ws/install/my_interface/share/my_interface/cmake/my_interface__rosidl_typesupport_cppExport-noconfig.cmake
[6.232s] -- Up-to-date: /home/kcm/colcon_ws/install/my_interface/share/my_interface/cmake/export_my_interface__rosidl_generator_pyExport.cmake
[6.232s] -- Up-to-date: /home/kcm/colcon_ws/install/my_interface/share/my_interface/cmake/export_my_interface__rosidl_generator_pyExport-noconfig.cmake
[6.232s] -- Up-to-date: /home/kcm/colcon_ws/install/my_interface/share/my_interface/cmake/rosidl_cmake-extras.cmake
[6.232s] -- Up-to-date: /home/kcm/colcon_ws/install/my_interface/share/my_interface/cmake/ament_cmake_export_dependencies-extras.cmake
[6.232s] -- Up-to-date: /home/kcm/colcon_ws/install/my_interface/share/my_interface/cmake/ament_cmake_export_include_directories-extras.cmake
[6.232s] -- Up-to-date: /home/kcm/colcon_ws/install/my_interface/share/my_interface/cmake/ament_cmake_export_libraries-extras.cmake
[6.232s] -- Up-to-date: /home/kcm/colcon_ws/install/my_interface/share/my_interface/cmake/ament_cmake_export_targets-extras.cmake
[6.232s] -- Up-to-date: /home/kcm/colcon_ws/install/my_interface/share/my_interface/cmake/rosidl_cmake_export_typesupport_targets-extras.cmake
[6.233s] -- Up-to-date: /home/kcm/colcon_ws/install/my_interface/share/my_interface/cmake/rosidl_cmake_export_typesupport_libraries-extras.cmake
[6.233s] -- Up-to-date: /home/kcm/colcon_ws/install/my_interface/share/my_interface/cmake/my_interfaceConfig.cmake
[6.233s] -- Up-to-date: /home/kcm/colcon_ws/install/my_interface/share/my_interface/cmake/my_interfaceConfig-version.cmake
[6.233s] -- Installing: /home/kcm/colcon_ws/install/my_interface/share/my_interface/package.xml
[6.248s] Invoked command in '/home/kcm/colcon_ws/build/my_interface' returned '0': CMAKE_PREFIX_PATH=${CMAKE_PREFIX_PATH}:/home/kcm/colcon_ws/install/my_pkg:/home/kcm/colcon_ws/install/move_turtle:/home/kcm/ros2_ws/install/py_srvcli:/home/kcm/ros2_ws/install/py_pubsub:/home/kcm/ros2_ws/install/py_ps:/home/kcm/ros2_ws/install/my_package:/opt/ros/humble /usr/bin/cmake --install /home/kcm/colcon_ws/build/my_interface
