[1.777s] Invoking command in '/home/kcm/colcon_ws/src/my_pkg': PYTHONPATH=/home/kcm/colcon_ws/build/my_pkg/prefix_override:/home/kcm/colcon_ws/install/my_pkg/lib/python3.10/site-packages:${PYTHONPATH} /usr/bin/python3 -W ignore:setup.py install is deprecated setup.py egg_info --egg-base ../../build/my_pkg build --build-base /home/kcm/colcon_ws/build/my_pkg/build install --record /home/kcm/colcon_ws/build/my_pkg/install.log --single-version-externally-managed install_data
[2.529s] running egg_info
[2.531s] writing ../../build/my_pkg/my_pkg.egg-info/PKG-INFO
[2.532s] writing dependency_links to ../../build/my_pkg/my_pkg.egg-info/dependency_links.txt
[2.533s] writing entry points to ../../build/my_pkg/my_pkg.egg-info/entry_points.txt
[2.536s] writing requirements to ../../build/my_pkg/my_pkg.egg-info/requires.txt
[2.537s] writing top-level names to ../../build/my_pkg/my_pkg.egg-info/top_level.txt
[2.551s] reading manifest file '../../build/my_pkg/my_pkg.egg-info/SOURCES.txt'
[2.552s] writing manifest file '../../build/my_pkg/my_pkg.egg-info/SOURCES.txt'
[2.553s] running build
[2.553s] running build_py
[2.554s] running install
[2.554s] running install_lib
[2.556s] running install_data
[2.556s] running install_egg_info
[2.558s] removing '/home/kcm/colcon_ws/install/my_pkg/lib/python3.10/site-packages/my_pkg-0.0.0-py3.10.egg-info' (and everything under it)
[2.562s] Copying ../../build/my_pkg/my_pkg.egg-info to /home/kcm/colcon_ws/install/my_pkg/lib/python3.10/site-packages/my_pkg-0.0.0-py3.10.egg-info
[2.562s] running install_scripts
[2.603s] Installing mpub script to /home/kcm/colcon_ws/install/my_pkg/lib/my_pkg
[2.606s] Installing myinterfacepub script to /home/kcm/colcon_ws/install/my_pkg/lib/my_pkg
[2.609s] writing list of installed files to '/home/kcm/colcon_ws/build/my_pkg/install.log'
[2.683s] Invoked command in '/home/kcm/colcon_ws/src/my_pkg' returned '0': PYTHONPATH=/home/kcm/colcon_ws/build/my_pkg/prefix_override:/home/kcm/colcon_ws/install/my_pkg/lib/python3.10/site-packages:${PYTHONPATH} /usr/bin/python3 -W ignore:setup.py install is deprecated setup.py egg_info --egg-base ../../build/my_pkg build --build-base /home/kcm/colcon_ws/build/my_pkg/build install --record /home/kcm/colcon_ws/build/my_pkg/install.log --single-version-externally-managed install_data
