[2.219s] Invoking command in '/home/kcm/colcon_ws/src/my_pkg': PYTHONPATH=/home/kcm/colcon_ws/build/my_pkg/prefix_override:/home/kcm/colcon_ws/install/my_pkg/lib/python3.10/site-packages:${PYTHONPATH} /usr/bin/python3 -W ignore:setup.py install is deprecated setup.py egg_info --egg-base ../../build/my_pkg build --build-base /home/kcm/colcon_ws/build/my_pkg/build install --record /home/kcm/colcon_ws/build/my_pkg/install.log --single-version-externally-managed install_data
[2.943s] running egg_info
[2.944s] writing ../../build/my_pkg/my_pkg.egg-info/PKG-INFO
[2.945s] writing dependency_links to ../../build/my_pkg/my_pkg.egg-info/dependency_links.txt
[2.946s] writing entry points to ../../build/my_pkg/my_pkg.egg-info/entry_points.txt
[2.947s] writing requirements to ../../build/my_pkg/my_pkg.egg-info/requires.txt
[2.949s] writing top-level names to ../../build/my_pkg/my_pkg.egg-info/top_level.txt
[2.961s] reading manifest file '../../build/my_pkg/my_pkg.egg-info/SOURCES.txt'
[2.963s] writing manifest file '../../build/my_pkg/my_pkg.egg-info/SOURCES.txt'
[2.964s] running build
[2.964s] running build_py
[2.967s] copying my_pkg/simple_message_pub.py -> /home/kcm/colcon_ws/build/my_pkg/build/lib/my_pkg
[2.970s] copying my_pkg/simple_myinterface_sub.py -> /home/kcm/colcon_ws/build/my_pkg/build/lib/my_pkg
[2.970s] copying my_pkg/simple_myinterface_pub.py -> /home/kcm/colcon_ws/build/my_pkg/build/lib/my_pkg
[2.971s] running install
[2.972s] running install_lib
[2.974s] copying /home/kcm/colcon_ws/build/my_pkg/build/lib/my_pkg/simple_message_pub.py -> /home/kcm/colcon_ws/install/my_pkg/lib/python3.10/site-packages/my_pkg
[2.976s] copying /home/kcm/colcon_ws/build/my_pkg/build/lib/my_pkg/simple_myinterface_sub.py -> /home/kcm/colcon_ws/install/my_pkg/lib/python3.10/site-packages/my_pkg
[2.976s] copying /home/kcm/colcon_ws/build/my_pkg/build/lib/my_pkg/simple_myinterface_pub.py -> /home/kcm/colcon_ws/install/my_pkg/lib/python3.10/site-packages/my_pkg
[2.977s] byte-compiling /home/kcm/colcon_ws/install/my_pkg/lib/python3.10/site-packages/my_pkg/simple_message_pub.py to simple_message_pub.cpython-310.pyc
[2.982s] byte-compiling /home/kcm/colcon_ws/install/my_pkg/lib/python3.10/site-packages/my_pkg/simple_myinterface_sub.py to simple_myinterface_sub.cpython-310.pyc
[2.983s] byte-compiling /home/kcm/colcon_ws/install/my_pkg/lib/python3.10/site-packages/my_pkg/simple_myinterface_pub.py to simple_myinterface_pub.cpython-310.pyc
[2.985s] running install_data
[2.995s] copying package.xml -> /home/kcm/colcon_ws/install/my_pkg/share/my_pkg
[2.996s] running install_egg_info
[3.007s] removing '/home/kcm/colcon_ws/install/my_pkg/lib/python3.10/site-packages/my_pkg-0.0.0-py3.10.egg-info' (and everything under it)
[3.013s] Copying ../../build/my_pkg/my_pkg.egg-info to /home/kcm/colcon_ws/install/my_pkg/lib/python3.10/site-packages/my_pkg-0.0.0-py3.10.egg-info
[3.042s] running install_scripts
[3.107s] Installing mpub script to /home/kcm/colcon_ws/install/my_pkg/lib/my_pkg
[3.117s] Installing myinterfacepub script to /home/kcm/colcon_ws/install/my_pkg/lib/my_pkg
[3.118s] writing list of installed files to '/home/kcm/colcon_ws/build/my_pkg/install.log'
[3.182s] Invoked command in '/home/kcm/colcon_ws/src/my_pkg' returned '0': PYTHONPATH=/home/kcm/colcon_ws/build/my_pkg/prefix_override:/home/kcm/colcon_ws/install/my_pkg/lib/python3.10/site-packages:${PYTHONPATH} /usr/bin/python3 -W ignore:setup.py install is deprecated setup.py egg_info --egg-base ../../build/my_pkg build --build-base /home/kcm/colcon_ws/build/my_pkg/build install --record /home/kcm/colcon_ws/build/my_pkg/install.log --single-version-externally-managed install_data
