[0.857s] Invoking command in '/home/kcm/colcon_ws/src/my_pkg': PYTHONPATH=/home/kcm/colcon_ws/build/my_pkg/prefix_override:/home/kcm/colcon_ws/install/my_pkg/lib/python3.10/site-packages:${PYTHONPATH} /usr/bin/python3 -W ignore:setup.py install is deprecated setup.py egg_info --egg-base ../../build/my_pkg build --build-base /home/kcm/colcon_ws/build/my_pkg/build install --record /home/kcm/colcon_ws/build/my_pkg/install.log --single-version-externally-managed install_data
[1.119s] running egg_info
[1.120s] writing ../../build/my_pkg/my_pkg.egg-info/PKG-INFO
[1.121s] writing dependency_links to ../../build/my_pkg/my_pkg.egg-info/dependency_links.txt
[1.122s] writing entry points to ../../build/my_pkg/my_pkg.egg-info/entry_points.txt
[1.123s] writing requirements to ../../build/my_pkg/my_pkg.egg-info/requires.txt
[1.124s] writing top-level names to ../../build/my_pkg/my_pkg.egg-info/top_level.txt
[1.126s] reading manifest file '../../build/my_pkg/my_pkg.egg-info/SOURCES.txt'
[1.127s] writing manifest file '../../build/my_pkg/my_pkg.egg-info/SOURCES.txt'
[1.128s] running build
[1.128s] running build_py
[1.129s] copying my_pkg/simple_message_pub.py -> /home/kcm/colcon_ws/build/my_pkg/build/lib/my_pkg
[1.130s] running install
[1.131s] running install_lib
[1.133s] copying /home/kcm/colcon_ws/build/my_pkg/build/lib/my_pkg/simple_message_pub.py -> /home/kcm/colcon_ws/install/my_pkg/lib/python3.10/site-packages/my_pkg
[1.135s] byte-compiling /home/kcm/colcon_ws/install/my_pkg/lib/python3.10/site-packages/my_pkg/simple_message_pub.py to simple_message_pub.cpython-310.pyc
[1.137s] running install_data
[1.137s] copying package.xml -> /home/kcm/colcon_ws/install/my_pkg/share/my_pkg
[1.138s] running install_egg_info
[1.140s] removing '/home/kcm/colcon_ws/install/my_pkg/lib/python3.10/site-packages/my_pkg-0.0.0-py3.10.egg-info' (and everything under it)
[1.146s] Copying ../../build/my_pkg/my_pkg.egg-info to /home/kcm/colcon_ws/install/my_pkg/lib/python3.10/site-packages/my_pkg-0.0.0-py3.10.egg-info
[1.151s] running install_scripts
[1.168s] Installing mpub script to /home/kcm/colcon_ws/install/my_pkg/lib/my_pkg
[1.170s] writing list of installed files to '/home/kcm/colcon_ws/build/my_pkg/install.log'
[1.187s] Invoked command in '/home/kcm/colcon_ws/src/my_pkg' returned '0': PYTHONPATH=/home/kcm/colcon_ws/build/my_pkg/prefix_override:/home/kcm/colcon_ws/install/my_pkg/lib/python3.10/site-packages:${PYTHONPATH} /usr/bin/python3 -W ignore:setup.py install is deprecated setup.py egg_info --egg-base ../../build/my_pkg build --build-base /home/kcm/colcon_ws/build/my_pkg/build install --record /home/kcm/colcon_ws/build/my_pkg/install.log --single-version-externally-managed install_data
