[0.060s] Invoking command in '/home/kcm/colcon_ws/build/my_interface': CMAKE_PREFIX_PATH=${CMAKE_PREFIX_PATH}:/home/kcm/colcon_ws/install/my_pkg:/home/kcm/colcon_ws/install/move_turtle:/home/kcm/ros2_ws/install/py_srvcli:/home/kcm/ros2_ws/install/py_pubsub:/home/kcm/ros2_ws/install/py_ps:/home/kcm/ros2_ws/install/my_package:/opt/ros/humble /usr/bin/cmake --build /home/kcm/colcon_ws/build/my_interface -- -j1 -l1
[0.218s] -- Found ament_cmake: 1.3.9 (/opt/ros/humble/share/ament_cmake/cmake)
[0.675s] -- Found builtin_interfaces: 1.2.1 (/opt/ros/humble/share/builtin_interfaces/cmake)
[0.742s] -- Found rosidl_generator_c: 3.1.5 (/opt/ros/humble/share/rosidl_generator_c/cmake)
[0.746s] -- Found rosidl_adapter: 3.1.5 (/opt/ros/humble/share/rosidl_adapter/cmake)
[0.755s] -- Found rosidl_generator_cpp: 3.1.5 (/opt/ros/humble/share/rosidl_generator_cpp/cmake)
[0.783s] -- Using all available rosidl_typesupport_c: rosidl_typesupport_fastrtps_c;rosidl_typesupport_introspection_c
[0.855s] -- Using all available rosidl_typesupport_cpp: rosidl_typesupport_fastrtps_cpp;rosidl_typesupport_introspection_cpp
[0.884s] -- Found rosidl_default_generators: 1.2.0 (/opt/ros/humble/share/rosidl_default_generators/cmake)
[1.666s] -- Found ament_cmake_ros: 0.10.0 (/opt/ros/humble/share/ament_cmake_ros/cmake)
[2.549s] -- Using all available rosidl_typesupport_c: rosidl_typesupport_fastrtps_c;rosidl_typesupport_introspection_c
[2.852s] -- Using all available rosidl_typesupport_cpp: rosidl_typesupport_fastrtps_cpp;rosidl_typesupport_introspection_cpp
[2.925s] -- Found python_cmake_module: 0.10.0 (/opt/ros/humble/share/python_cmake_module/cmake)
[2.972s] -- Using PYTHON_EXECUTABLE: /usr/bin/python3
[2.973s] -- Using PYTHON_INCLUDE_DIRS: /usr/include/python3.10
[2.973s] -- Using PYTHON_LIBRARIES: /usr/lib/x86_64-linux-gnu/libpython3.10.so
[3.040s] -- Found ament_lint_auto: 0.12.11 (/opt/ros/humble/share/ament_lint_auto/cmake)
[3.070s] -- Configuring done
[3.390s] -- Generating done
[3.434s] -- Build files have been written to: /home/kcm/colcon_ws/build/my_interface
[3.529s] [  2%] [34m[1mGenerating C code for ROS interfaces[0m
[4.381s] [35m[1mConsolidate compiler generated dependencies of target my_interface__rosidl_generator_c[0m
[4.414s] [  5%] [32mBuilding C object CMakeFiles/my_interface__rosidl_generator_c.dir/rosidl_generator_c/my_interface/msg/detail/mytopic__functions.c.o[0m
[4.888s] [  7%] [32mBuilding C object CMakeFiles/my_interface__rosidl_generator_c.dir/rosidl_generator_c/my_interface/srv/detail/mysrv__functions.c.o[0m
[5.027s] [ 10%] [32m[1mLinking C shared library libmy_interface__rosidl_generator_c.so[0m
[5.243s] [ 10%] Built target my_interface__rosidl_generator_c
[5.281s] [ 12%] [34m[1mGenerating C type support for eProsima Fast-RTPS[0m
[6.149s] [35m[1mConsolidate compiler generated dependencies of target my_interface__rosidl_typesupport_fastrtps_c[0m
[6.187s] [ 15%] [32mBuilding CXX object CMakeFiles/my_interface__rosidl_typesupport_fastrtps_c.dir/rosidl_typesupport_fastrtps_c/my_interface/msg/detail/mytopic__type_support_c.cpp.o[0m
[7.573s] [ 17%] [32mBuilding CXX object CMakeFiles/my_interface__rosidl_typesupport_fastrtps_c.dir/rosidl_typesupport_fastrtps_c/my_interface/srv/detail/mysrv__type_support_c.cpp.o[0m
[8.567s] [ 20%] [32m[1mLinking CXX shared library libmy_interface__rosidl_typesupport_fastrtps_c.so[0m
[8.807s] [ 20%] Built target my_interface__rosidl_typesupport_fastrtps_c
[8.862s] [ 23%] [34m[1mGenerating C++ code for ROS interfaces[0m
[9.645s] [ 23%] Built target my_interface__cpp
[9.702s] [ 25%] [34m[1mGenerating C++ type support for eProsima Fast-RTPS[0m
[10.344s] [35m[1mConsolidate compiler generated dependencies of target my_interface__rosidl_typesupport_fastrtps_cpp[0m
[10.397s] [ 28%] [32mBuilding CXX object CMakeFiles/my_interface__rosidl_typesupport_fastrtps_cpp.dir/rosidl_typesupport_fastrtps_cpp/my_interface/msg/detail/dds_fastrtps/mytopic__type_support.cpp.o[0m
[11.710s] [ 30%] [32mBuilding CXX object CMakeFiles/my_interface__rosidl_typesupport_fastrtps_cpp.dir/rosidl_typesupport_fastrtps_cpp/my_interface/srv/detail/dds_fastrtps/mysrv__type_support.cpp.o[0m
[12.785s] [ 33%] [32m[1mLinking CXX shared library libmy_interface__rosidl_typesupport_fastrtps_cpp.so[0m
[13.004s] [ 33%] Built target my_interface__rosidl_typesupport_fastrtps_cpp
[13.038s] [ 35%] [34m[1mGenerating C introspection for ROS interfaces[0m
[13.723s] [35m[1mConsolidate compiler generated dependencies of target my_interface__rosidl_typesupport_introspection_c[0m
[13.750s] [ 38%] [32mBuilding C object CMakeFiles/my_interface__rosidl_typesupport_introspection_c.dir/rosidl_typesupport_introspection_c/my_interface/msg/detail/mytopic__type_support.c.o[0m
[13.870s] [ 41%] [32mBuilding C object CMakeFiles/my_interface__rosidl_typesupport_introspection_c.dir/rosidl_typesupport_introspection_c/my_interface/srv/detail/mysrv__type_support.c.o[0m
[13.985s] [ 43%] [32m[1mLinking C shared library libmy_interface__rosidl_typesupport_introspection_c.so[0m
[14.084s] [ 43%] Built target my_interface__rosidl_typesupport_introspection_c
[14.129s] [ 46%] [34m[1mGenerating C type support dispatch for ROS interfaces[0m
[14.755s] [35m[1mConsolidate compiler generated dependencies of target my_interface__rosidl_typesupport_c[0m
[14.806s] [ 48%] [32mBuilding CXX object CMakeFiles/my_interface__rosidl_typesupport_c.dir/rosidl_typesupport_c/my_interface/msg/mytopic__type_support.cpp.o[0m
[14.891s] [ 51%] [32mBuilding CXX object CMakeFiles/my_interface__rosidl_typesupport_c.dir/rosidl_typesupport_c/my_interface/srv/mysrv__type_support.cpp.o[0m
[14.985s] [ 53%] [32m[1mLinking CXX shared library libmy_interface__rosidl_typesupport_c.so[0m
[15.121s] [ 53%] Built target my_interface__rosidl_typesupport_c
[15.173s] [ 56%] [34m[1mGenerating C++ introspection for ROS interfaces[0m
[16.108s] [35m[1mConsolidate compiler generated dependencies of target my_interface__rosidl_typesupport_introspection_cpp[0m
[16.178s] [ 58%] [32mBuilding CXX object CMakeFiles/my_interface__rosidl_typesupport_introspection_cpp.dir/rosidl_typesupport_introspection_cpp/my_interface/msg/detail/mytopic__type_support.cpp.o[0m
[17.218s] [ 61%] [32mBuilding CXX object CMakeFiles/my_interface__rosidl_typesupport_introspection_cpp.dir/rosidl_typesupport_introspection_cpp/my_interface/srv/detail/mysrv__type_support.cpp.o[0m
[18.066s] [ 64%] [32m[1mLinking CXX shared library libmy_interface__rosidl_typesupport_introspection_cpp.so[0m
[18.356s] [ 64%] Built target my_interface__rosidl_typesupport_introspection_cpp
[18.379s] [ 66%] [34m[1mGenerating C++ type support dispatch for ROS interfaces[0m
[19.025s] [35m[1mConsolidate compiler generated dependencies of target my_interface__rosidl_typesupport_cpp[0m
[19.086s] [ 69%] [32mBuilding CXX object CMakeFiles/my_interface__rosidl_typesupport_cpp.dir/rosidl_typesupport_cpp/my_interface/msg/mytopic__type_support.cpp.o[0m
[19.735s] [ 71%] [32mBuilding CXX object CMakeFiles/my_interface__rosidl_typesupport_cpp.dir/rosidl_typesupport_cpp/my_interface/srv/mysrv__type_support.cpp.o[0m
[20.376s] [ 74%] [32m[1mLinking CXX shared library libmy_interface__rosidl_typesupport_cpp.so[0m
[20.498s] [ 74%] Built target my_interface__rosidl_typesupport_cpp
[20.564s] [ 74%] Built target my_interface
[20.688s] [ 74%] Built target ament_cmake_python_copy_my_interface
[21.429s] running egg_info
[21.431s] writing my_interface.egg-info/PKG-INFO
[21.451s] writing dependency_links to my_interface.egg-info/dependency_links.txt
[21.455s] writing top-level names to my_interface.egg-info/top_level.txt
[21.472s] reading manifest file 'my_interface.egg-info/SOURCES.txt'
[21.475s] writing manifest file 'my_interface.egg-info/SOURCES.txt'
[21.535s] [ 74%] Built target ament_cmake_python_build_my_interface_egg
[21.609s] [ 76%] [34m[1mGenerating Python code for ROS interfaces[0m
[23.785s] [ 76%] Built target my_interface__py
[23.871s] [35m[1mConsolidate compiler generated dependencies of target my_interface__rosidl_generator_py[0m
[23.966s] [ 79%] [32mBuilding C object CMakeFiles/my_interface__rosidl_generator_py.dir/rosidl_generator_py/my_interface/msg/_mytopic_s.c.o[0m
[24.677s] [ 82%] [32mBuilding C object CMakeFiles/my_interface__rosidl_generator_py.dir/rosidl_generator_py/my_interface/srv/_mysrv_s.c.o[0m
[25.208s] [ 84%] [32m[1mLinking C shared library rosidl_generator_py/my_interface/libmy_interface__rosidl_generator_py.so[0m
[25.456s] [ 84%] Built target my_interface__rosidl_generator_py
[25.537s] [35m[1mConsolidate compiler generated dependencies of target my_interface__rosidl_typesupport_fastrtps_c__pyext[0m
[25.657s] [ 87%] [32mBuilding C object CMakeFiles/my_interface__rosidl_typesupport_fastrtps_c__pyext.dir/rosidl_generator_py/my_interface/_my_interface_s.ep.rosidl_typesupport_fastrtps_c.c.o[0m
[26.144s] [ 89%] [32m[1mLinking C shared library rosidl_generator_py/my_interface/my_interface_s__rosidl_typesupport_fastrtps_c.cpython-310-x86_64-linux-gnu.so[0m
[26.381s] [ 89%] Built target my_interface__rosidl_typesupport_fastrtps_c__pyext
[26.446s] [35m[1mConsolidate compiler generated dependencies of target my_interface__rosidl_typesupport_introspection_c__pyext[0m
[26.549s] [ 92%] [32mBuilding C object CMakeFiles/my_interface__rosidl_typesupport_introspection_c__pyext.dir/rosidl_generator_py/my_interface/_my_interface_s.ep.rosidl_typesupport_introspection_c.c.o[0m
[27.060s] [ 94%] [32m[1mLinking C shared library rosidl_generator_py/my_interface/my_interface_s__rosidl_typesupport_introspection_c.cpython-310-x86_64-linux-gnu.so[0m
[27.288s] [ 94%] Built target my_interface__rosidl_typesupport_introspection_c__pyext
[27.395s] [35m[1mConsolidate compiler generated dependencies of target my_interface__rosidl_typesupport_c__pyext[0m
[27.465s] [ 97%] [32mBuilding C object CMakeFiles/my_interface__rosidl_typesupport_c__pyext.dir/rosidl_generator_py/my_interface/_my_interface_s.ep.rosidl_typesupport_c.c.o[0m
[27.990s] [100%] [32m[1mLinking C shared library rosidl_generator_py/my_interface/my_interface_s__rosidl_typesupport_c.cpython-310-x86_64-linux-gnu.so[0m
[28.213s] [100%] Built target my_interface__rosidl_typesupport_c__pyext
[28.317s] Invoked command in '/home/kcm/colcon_ws/build/my_interface' returned '0': CMAKE_PREFIX_PATH=${CMAKE_PREFIX_PATH}:/home/kcm/colcon_ws/install/my_pkg:/home/kcm/colcon_ws/install/move_turtle:/home/kcm/ros2_ws/install/py_srvcli:/home/kcm/ros2_ws/install/py_pubsub:/home/kcm/ros2_ws/install/py_ps:/home/kcm/ros2_ws/install/my_package:/opt/ros/humble /usr/bin/cmake --build /home/kcm/colcon_ws/build/my_interface -- -j1 -l1
[29.384s] Invoking command in '/home/kcm/colcon_ws/build/my_interface': CMAKE_PREFIX_PATH=${CMAKE_PREFIX_PATH}:/home/kcm/colcon_ws/install/my_pkg:/home/kcm/colcon_ws/install/move_turtle:/home/kcm/ros2_ws/install/py_srvcli:/home/kcm/ros2_ws/install/py_pubsub:/home/kcm/ros2_ws/install/py_ps:/home/kcm/ros2_ws/install/my_package:/opt/ros/humble /usr/bin/cmake --install /home/kcm/colcon_ws/build/my_interface
[29.461s] -- Install configuration: ""
[29.461s] -- Installing: /home/kcm/colcon_ws/install/my_interface/share/ament_index/resource_index/rosidl_interfaces/my_interface
[29.464s] -- Up-to-date: /home/kcm/colcon_ws/install/my_interface/include/my_interface/my_interface
[29.464s] -- Up-to-date: /home/kcm/colcon_ws/install/my_interface/include/my_interface/my_interface/msg
[29.464s] -- Installing: /home/kcm/colcon_ws/install/my_interface/include/my_interface/my_interface/msg/mytopic.h
[29.465s] -- Up-to-date: /home/kcm/colcon_ws/install/my_interface/include/my_interface/my_interface/msg/rosidl_generator_c__visibility_control.h
[29.474s] -- Up-to-date: /home/kcm/colcon_ws/install/my_interface/include/my_interface/my_interface/msg/detail
[29.474s] -- Installing: /home/kcm/colcon_ws/install/my_interface/include/my_interface/my_interface/msg/detail/mytopic__type_support.h
[29.474s] -- Up-to-date: /home/kcm/colcon_ws/install/my_interface/include/my_interface/my_interface/msg/detail/my_topic__functions.c
[29.480s] -- Up-to-date: /home/kcm/colcon_ws/install/my_interface/include/my_interface/my_interface/msg/detail/my_topic__struct.h
[29.480s] -- Installing: /home/kcm/colcon_ws/install/my_interface/include/my_interface/my_interface/msg/detail/mytopic__struct.h
[29.480s] -- Up-to-date: /home/kcm/colcon_ws/install/my_interface/include/my_interface/my_interface/msg/detail/my_topic__functions.h
[29.480s] -- Installing: /home/kcm/colcon_ws/install/my_interface/include/my_interface/my_interface/msg/detail/mytopic__functions.c
[29.481s] -- Installing: /home/kcm/colcon_ws/install/my_interface/include/my_interface/my_interface/msg/detail/mytopic__functions.h
[29.481s] -- Up-to-date: /home/kcm/colcon_ws/install/my_interface/include/my_interface/my_interface/msg/detail/my_topic__type_support.h
[29.481s] -- Up-to-date: /home/kcm/colcon_ws/install/my_interface/include/my_interface/my_interface/msg/my_topic.h
[29.481s] -- Installing: /home/kcm/colcon_ws/install/my_interface/include/my_interface/my_interface/srv
[29.482s] -- Installing: /home/kcm/colcon_ws/install/my_interface/include/my_interface/my_interface/srv/mysrv.h
[29.482s] -- Installing: /home/kcm/colcon_ws/install/my_interface/include/my_interface/my_interface/srv/detail
[29.482s] -- Installing: /home/kcm/colcon_ws/install/my_interface/include/my_interface/my_interface/srv/detail/mysrv__type_support.h
[29.482s] -- Installing: /home/kcm/colcon_ws/install/my_interface/include/my_interface/my_interface/srv/detail/mysrv__struct.h
[29.483s] -- Installing: /home/kcm/colcon_ws/install/my_interface/include/my_interface/my_interface/srv/detail/mysrv__functions.h
[29.483s] -- Installing: /home/kcm/colcon_ws/install/my_interface/include/my_interface/my_interface/srv/detail/mysrv__functions.c
[29.483s] -- Up-to-date: /home/kcm/colcon_ws/install/my_interface/share/my_interface/environment/library_path.sh
[29.484s] -- Installing: /home/kcm/colcon_ws/install/my_interface/share/my_interface/environment/library_path.dsv
[29.484s] -- Installing: /home/kcm/colcon_ws/install/my_interface/lib/libmy_interface__rosidl_generator_c.so
[29.496s] -- Set runtime path of "/home/kcm/colcon_ws/install/my_interface/lib/libmy_interface__rosidl_generator_c.so" to ""
[29.507s] -- Up-to-date: /home/kcm/colcon_ws/install/my_interface/include/my_interface/my_interface
[29.507s] -- Up-to-date: /home/kcm/colcon_ws/install/my_interface/include/my_interface/my_interface/msg
[29.507s] -- Up-to-date: /home/kcm/colcon_ws/install/my_interface/include/my_interface/my_interface/msg/rosidl_typesupport_fastrtps_c__visibility_control.h
[29.507s] -- Up-to-date: /home/kcm/colcon_ws/install/my_interface/include/my_interface/my_interface/msg/detail
[29.508s] -- Installing: /home/kcm/colcon_ws/install/my_interface/include/my_interface/my_interface/msg/detail/mytopic__rosidl_typesupport_fastrtps_c.h
[29.508s] -- Up-to-date: /home/kcm/colcon_ws/install/my_interface/include/my_interface/my_interface/msg/detail/my_topic__rosidl_typesupport_fastrtps_c.h
[29.508s] -- Up-to-date: /home/kcm/colcon_ws/install/my_interface/include/my_interface/my_interface/srv
[29.508s] -- Up-to-date: /home/kcm/colcon_ws/install/my_interface/include/my_interface/my_interface/srv/detail
[29.508s] -- Installing: /home/kcm/colcon_ws/install/my_interface/include/my_interface/my_interface/srv/detail/mysrv__rosidl_typesupport_fastrtps_c.h
[29.509s] -- Installing: /home/kcm/colcon_ws/install/my_interface/lib/libmy_interface__rosidl_typesupport_fastrtps_c.so
[29.509s] -- Set runtime path of "/home/kcm/colcon_ws/install/my_interface/lib/libmy_interface__rosidl_typesupport_fastrtps_c.so" to ""
[29.510s] -- Up-to-date: /home/kcm/colcon_ws/install/my_interface/include/my_interface/my_interface
[29.510s] -- Up-to-date: /home/kcm/colcon_ws/install/my_interface/include/my_interface/my_interface/msg
[29.510s] -- Up-to-date: /home/kcm/colcon_ws/install/my_interface/include/my_interface/my_interface/msg/my_topic.hpp
[29.510s] -- Installing: /home/kcm/colcon_ws/install/my_interface/include/my_interface/my_interface/msg/mytopic.hpp
[29.510s] -- Up-to-date: /home/kcm/colcon_ws/install/my_interface/include/my_interface/my_interface/msg/detail
[29.511s] -- Up-to-date: /home/kcm/colcon_ws/install/my_interface/include/my_interface/my_interface/msg/detail/my_topic__traits.hpp
[29.511s] -- Installing: /home/kcm/colcon_ws/install/my_interface/include/my_interface/my_interface/msg/detail/mytopic__struct.hpp
[29.511s] -- Installing: /home/kcm/colcon_ws/install/my_interface/include/my_interface/my_interface/msg/detail/mytopic__builder.hpp
[29.512s] -- Installing: /home/kcm/colcon_ws/install/my_interface/include/my_interface/my_interface/msg/detail/mytopic__traits.hpp
[29.512s] -- Up-to-date: /home/kcm/colcon_ws/install/my_interface/include/my_interface/my_interface/msg/detail/my_topic__struct.hpp
[29.512s] -- Up-to-date: /home/kcm/colcon_ws/install/my_interface/include/my_interface/my_interface/msg/detail/my_topic__builder.hpp
[29.512s] -- Up-to-date: /home/kcm/colcon_ws/install/my_interface/include/my_interface/my_interface/srv
[29.513s] -- Installing: /home/kcm/colcon_ws/install/my_interface/include/my_interface/my_interface/srv/mysrv.hpp
[29.513s] -- Up-to-date: /home/kcm/colcon_ws/install/my_interface/include/my_interface/my_interface/srv/detail
[29.513s] -- Installing: /home/kcm/colcon_ws/install/my_interface/include/my_interface/my_interface/srv/detail/mysrv__struct.hpp
[29.513s] -- Installing: /home/kcm/colcon_ws/install/my_interface/include/my_interface/my_interface/srv/detail/mysrv__builder.hpp
[29.514s] -- Installing: /home/kcm/colcon_ws/install/my_interface/include/my_interface/my_interface/srv/detail/mysrv__traits.hpp
[29.520s] -- Up-to-date: /home/kcm/colcon_ws/install/my_interface/include/my_interface/my_interface
[29.520s] -- Up-to-date: /home/kcm/colcon_ws/install/my_interface/include/my_interface/my_interface/msg
[29.520s] -- Up-to-date: /home/kcm/colcon_ws/install/my_interface/include/my_interface/my_interface/msg/rosidl_typesupport_fastrtps_cpp__visibility_control.h
[29.520s] -- Up-to-date: /home/kcm/colcon_ws/install/my_interface/include/my_interface/my_interface/msg/detail
[29.520s] -- Up-to-date: /home/kcm/colcon_ws/install/my_interface/include/my_interface/my_interface/msg/detail/my_topic__rosidl_typesupport_fastrtps_cpp.hpp
[29.520s] -- Up-to-date: /home/kcm/colcon_ws/install/my_interface/include/my_interface/my_interface/msg/detail/dds_fastrtps
[29.521s] -- Installing: /home/kcm/colcon_ws/install/my_interface/include/my_interface/my_interface/msg/detail/mytopic__rosidl_typesupport_fastrtps_cpp.hpp
[29.521s] -- Up-to-date: /home/kcm/colcon_ws/install/my_interface/include/my_interface/my_interface/srv
[29.521s] -- Up-to-date: /home/kcm/colcon_ws/install/my_interface/include/my_interface/my_interface/srv/detail
[29.521s] -- Installing: /home/kcm/colcon_ws/install/my_interface/include/my_interface/my_interface/srv/detail/mysrv__rosidl_typesupport_fastrtps_cpp.hpp
[29.522s] -- Installing: /home/kcm/colcon_ws/install/my_interface/include/my_interface/my_interface/srv/detail/dds_fastrtps
[29.527s] -- Installing: /home/kcm/colcon_ws/install/my_interface/lib/libmy_interface__rosidl_typesupport_fastrtps_cpp.so
[29.528s] -- Set runtime path of "/home/kcm/colcon_ws/install/my_interface/lib/libmy_interface__rosidl_typesupport_fastrtps_cpp.so" to ""
[29.528s] -- Up-to-date: /home/kcm/colcon_ws/install/my_interface/include/my_interface/my_interface
[29.528s] -- Up-to-date: /home/kcm/colcon_ws/install/my_interface/include/my_interface/my_interface/msg
[29.528s] -- Up-to-date: /home/kcm/colcon_ws/install/my_interface/include/my_interface/my_interface/msg/rosidl_typesupport_introspection_c__visibility_control.h
[29.529s] -- Up-to-date: /home/kcm/colcon_ws/install/my_interface/include/my_interface/my_interface/msg/detail
[29.529s] -- Up-to-date: /home/kcm/colcon_ws/install/my_interface/include/my_interface/my_interface/msg/detail/my_topic__type_support.c
[29.529s] -- Installing: /home/kcm/colcon_ws/install/my_interface/include/my_interface/my_interface/msg/detail/mytopic__type_support.c
[29.529s] -- Up-to-date: /home/kcm/colcon_ws/install/my_interface/include/my_interface/my_interface/msg/detail/my_topic__rosidl_typesupport_introspection_c.h
[29.529s] -- Installing: /home/kcm/colcon_ws/install/my_interface/include/my_interface/my_interface/msg/detail/mytopic__rosidl_typesupport_introspection_c.h
[29.530s] -- Up-to-date: /home/kcm/colcon_ws/install/my_interface/include/my_interface/my_interface/srv
[29.538s] -- Up-to-date: /home/kcm/colcon_ws/install/my_interface/include/my_interface/my_interface/srv/detail
[29.539s] -- Installing: /home/kcm/colcon_ws/install/my_interface/include/my_interface/my_interface/srv/detail/mysrv__rosidl_typesupport_introspection_c.h
[29.539s] -- Installing: /home/kcm/colcon_ws/install/my_interface/include/my_interface/my_interface/srv/detail/mysrv__type_support.c
[29.539s] -- Installing: /home/kcm/colcon_ws/install/my_interface/lib/libmy_interface__rosidl_typesupport_introspection_c.so
[29.540s] -- Set runtime path of "/home/kcm/colcon_ws/install/my_interface/lib/libmy_interface__rosidl_typesupport_introspection_c.so" to ""
[29.540s] -- Installing: /home/kcm/colcon_ws/install/my_interface/lib/libmy_interface__rosidl_typesupport_c.so
[29.551s] -- Set runtime path of "/home/kcm/colcon_ws/install/my_interface/lib/libmy_interface__rosidl_typesupport_c.so" to ""
[29.551s] -- Up-to-date: /home/kcm/colcon_ws/install/my_interface/include/my_interface/my_interface
[29.551s] -- Up-to-date: /home/kcm/colcon_ws/install/my_interface/include/my_interface/my_interface/msg
[29.551s] -- Up-to-date: /home/kcm/colcon_ws/install/my_interface/include/my_interface/my_interface/msg/detail
[29.551s] -- Up-to-date: /home/kcm/colcon_ws/install/my_interface/include/my_interface/my_interface/msg/detail/my_topic__rosidl_typesupport_introspection_cpp.hpp
[29.552s] -- Installing: /home/kcm/colcon_ws/install/my_interface/include/my_interface/my_interface/msg/detail/mytopic__type_support.cpp
[29.552s] -- Up-to-date: /home/kcm/colcon_ws/install/my_interface/include/my_interface/my_interface/msg/detail/my_topic__type_support.cpp
[29.552s] -- Installing: /home/kcm/colcon_ws/install/my_interface/include/my_interface/my_interface/msg/detail/mytopic__rosidl_typesupport_introspection_cpp.hpp
[29.552s] -- Up-to-date: /home/kcm/colcon_ws/install/my_interface/include/my_interface/my_interface/srv
[29.553s] -- Up-to-date: /home/kcm/colcon_ws/install/my_interface/include/my_interface/my_interface/srv/detail
[29.553s] -- Installing: /home/kcm/colcon_ws/install/my_interface/include/my_interface/my_interface/srv/detail/mysrv__type_support.cpp
[29.553s] -- Installing: /home/kcm/colcon_ws/install/my_interface/include/my_interface/my_interface/srv/detail/mysrv__rosidl_typesupport_introspection_cpp.hpp
[29.553s] -- Installing: /home/kcm/colcon_ws/install/my_interface/lib/libmy_interface__rosidl_typesupport_introspection_cpp.so
[29.554s] -- Set runtime path of "/home/kcm/colcon_ws/install/my_interface/lib/libmy_interface__rosidl_typesupport_introspection_cpp.so" to ""
[29.554s] -- Installing: /home/kcm/colcon_ws/install/my_interface/lib/libmy_interface__rosidl_typesupport_cpp.so
[29.555s] -- Set runtime path of "/home/kcm/colcon_ws/install/my_interface/lib/libmy_interface__rosidl_typesupport_cpp.so" to ""
[29.555s] -- Up-to-date: /home/kcm/colcon_ws/install/my_interface/share/my_interface/environment/pythonpath.sh
[29.556s] -- Installing: /home/kcm/colcon_ws/install/my_interface/share/my_interface/environment/pythonpath.dsv
[29.556s] -- Up-to-date: /home/kcm/colcon_ws/install/my_interface/local/lib/python3.10/dist-packages/my_interface-0.0.0-py3.10.egg-info
[29.556s] -- Installing: /home/kcm/colcon_ws/install/my_interface/local/lib/python3.10/dist-packages/my_interface-0.0.0-py3.10.egg-info/SOURCES.txt
[29.557s] -- Installing: /home/kcm/colcon_ws/install/my_interface/local/lib/python3.10/dist-packages/my_interface-0.0.0-py3.10.egg-info/top_level.txt
[29.558s] -- Installing: /home/kcm/colcon_ws/install/my_interface/local/lib/python3.10/dist-packages/my_interface-0.0.0-py3.10.egg-info/dependency_links.txt
[29.559s] -- Installing: /home/kcm/colcon_ws/install/my_interface/local/lib/python3.10/dist-packages/my_interface-0.0.0-py3.10.egg-info/PKG-INFO
[29.559s] -- Up-to-date: /home/kcm/colcon_ws/install/my_interface/local/lib/python3.10/dist-packages/my_interface
[29.559s] -- Installing: /home/kcm/colcon_ws/install/my_interface/local/lib/python3.10/dist-packages/my_interface/my_interface_s__rosidl_typesupport_c.cpython-310-x86_64-linux-gnu.so
[29.560s] -- Installing: /home/kcm/colcon_ws/install/my_interface/local/lib/python3.10/dist-packages/my_interface/_my_interface_s.ep.rosidl_typesupport_introspection_c.c
[29.576s] -- Installing: /home/kcm/colcon_ws/install/my_interface/local/lib/python3.10/dist-packages/my_interface/__init__.py
[29.577s] -- Installing: /home/kcm/colcon_ws/install/my_interface/local/lib/python3.10/dist-packages/my_interface/my_interface_s__rosidl_typesupport_fastrtps_c.cpython-310-x86_64-linux-gnu.so
[29.577s] -- Installing: /home/kcm/colcon_ws/install/my_interface/local/lib/python3.10/dist-packages/my_interface/my_interface_s__rosidl_typesupport_introspection_c.cpython-310-x86_64-linux-gnu.so
[29.578s] -- Up-to-date: /home/kcm/colcon_ws/install/my_interface/local/lib/python3.10/dist-packages/my_interface/msg
[29.578s] -- Installing: /home/kcm/colcon_ws/install/my_interface/local/lib/python3.10/dist-packages/my_interface/msg/_mytopic_s.c
[29.579s] -- Up-to-date: /home/kcm/colcon_ws/install/my_interface/local/lib/python3.10/dist-packages/my_interface/msg/_my_topic_s.c
[29.580s] -- Installing: /home/kcm/colcon_ws/install/my_interface/local/lib/python3.10/dist-packages/my_interface/msg/_mytopic.py
[29.580s] -- Installing: /home/kcm/colcon_ws/install/my_interface/local/lib/python3.10/dist-packages/my_interface/msg/__init__.py
[29.581s] -- Up-to-date: /home/kcm/colcon_ws/install/my_interface/local/lib/python3.10/dist-packages/my_interface/msg/_my_topic.py
[29.581s] -- Installing: /home/kcm/colcon_ws/install/my_interface/local/lib/python3.10/dist-packages/my_interface/srv
[29.584s] -- Installing: /home/kcm/colcon_ws/install/my_interface/local/lib/python3.10/dist-packages/my_interface/srv/_mysrv.py
[29.585s] -- Installing: /home/kcm/colcon_ws/install/my_interface/local/lib/python3.10/dist-packages/my_interface/srv/__init__.py
[29.586s] -- Installing: /home/kcm/colcon_ws/install/my_interface/local/lib/python3.10/dist-packages/my_interface/srv/_mysrv_s.c
[29.586s] -- Installing: /home/kcm/colcon_ws/install/my_interface/local/lib/python3.10/dist-packages/my_interface/_my_interface_s.ep.rosidl_typesupport_fastrtps_c.c
[29.587s] -- Installing: /home/kcm/colcon_ws/install/my_interface/local/lib/python3.10/dist-packages/my_interface/_my_interface_s.ep.rosidl_typesupport_c.c
[29.591s] -- Installing: /home/kcm/colcon_ws/install/my_interface/local/lib/python3.10/dist-packages/my_interface/libmy_interface__rosidl_generator_py.so
[29.791s] Listing '/home/kcm/colcon_ws/install/my_interface/local/lib/python3.10/dist-packages/my_interface'...
[29.791s] Compiling '/home/kcm/colcon_ws/install/my_interface/local/lib/python3.10/dist-packages/my_interface/__init__.py'...
[29.791s] Listing '/home/kcm/colcon_ws/install/my_interface/local/lib/python3.10/dist-packages/my_interface/msg'...
[29.791s] Compiling '/home/kcm/colcon_ws/install/my_interface/local/lib/python3.10/dist-packages/my_interface/msg/__init__.py'...
[29.791s] Compiling '/home/kcm/colcon_ws/install/my_interface/local/lib/python3.10/dist-packages/my_interface/msg/_mytopic.py'...
[29.791s] Listing '/home/kcm/colcon_ws/install/my_interface/local/lib/python3.10/dist-packages/my_interface/srv'...
[29.791s] Compiling '/home/kcm/colcon_ws/install/my_interface/local/lib/python3.10/dist-packages/my_interface/srv/__init__.py'...
[29.791s] Compiling '/home/kcm/colcon_ws/install/my_interface/local/lib/python3.10/dist-packages/my_interface/srv/_mysrv.py'...
[29.822s] -- Installing: /home/kcm/colcon_ws/install/my_interface/local/lib/python3.10/dist-packages/my_interface/my_interface_s__rosidl_typesupport_fastrtps_c.cpython-310-x86_64-linux-gnu.so
[29.828s] -- Set runtime path of "/home/kcm/colcon_ws/install/my_interface/local/lib/python3.10/dist-packages/my_interface/my_interface_s__rosidl_typesupport_fastrtps_c.cpython-310-x86_64-linux-gnu.so" to ""
[29.828s] -- Installing: /home/kcm/colcon_ws/install/my_interface/local/lib/python3.10/dist-packages/my_interface/my_interface_s__rosidl_typesupport_introspection_c.cpython-310-x86_64-linux-gnu.so
[29.829s] -- Set runtime path of "/home/kcm/colcon_ws/install/my_interface/local/lib/python3.10/dist-packages/my_interface/my_interface_s__rosidl_typesupport_introspection_c.cpython-310-x86_64-linux-gnu.so" to ""
[29.830s] -- Installing: /home/kcm/colcon_ws/install/my_interface/local/lib/python3.10/dist-packages/my_interface/my_interface_s__rosidl_typesupport_c.cpython-310-x86_64-linux-gnu.so
[29.830s] -- Set runtime path of "/home/kcm/colcon_ws/install/my_interface/local/lib/python3.10/dist-packages/my_interface/my_interface_s__rosidl_typesupport_c.cpython-310-x86_64-linux-gnu.so" to ""
[29.848s] -- Installing: /home/kcm/colcon_ws/install/my_interface/lib/libmy_interface__rosidl_generator_py.so
[29.849s] -- Set runtime path of "/home/kcm/colcon_ws/install/my_interface/lib/libmy_interface__rosidl_generator_py.so" to ""
[29.849s] -- Up-to-date: /home/kcm/colcon_ws/install/my_interface/share/my_interface/msg/Mytopic.idl
[29.850s] -- Installing: /home/kcm/colcon_ws/install/my_interface/share/my_interface/srv/Mysrv.idl
[29.850s] -- Up-to-date: /home/kcm/colcon_ws/install/my_interface/share/my_interface/msg/Mytopic.msg
[29.850s] -- Installing: /home/kcm/colcon_ws/install/my_interface/share/my_interface/srv/Mysrv.srv
[29.851s] -- Installing: /home/kcm/colcon_ws/install/my_interface/share/my_interface/srv/Mysrv_Request.msg
[29.852s] -- Installing: /home/kcm/colcon_ws/install/my_interface/share/my_interface/srv/Mysrv_Response.msg
[29.852s] -- Up-to-date: /home/kcm/colcon_ws/install/my_interface/share/ament_index/resource_index/package_run_dependencies/my_interface
[29.852s] -- Up-to-date: /home/kcm/colcon_ws/install/my_interface/share/ament_index/resource_index/parent_prefix_path/my_interface
[29.853s] -- Up-to-date: /home/kcm/colcon_ws/install/my_interface/share/my_interface/environment/ament_prefix_path.sh
[29.863s] -- Installing: /home/kcm/colcon_ws/install/my_interface/share/my_interface/environment/ament_prefix_path.dsv
[29.863s] -- Up-to-date: /home/kcm/colcon_ws/install/my_interface/share/my_interface/environment/path.sh
[29.864s] -- Installing: /home/kcm/colcon_ws/install/my_interface/share/my_interface/environment/path.dsv
[29.864s] -- Up-to-date: /home/kcm/colcon_ws/install/my_interface/share/my_interface/local_setup.bash
[29.864s] -- Up-to-date: /home/kcm/colcon_ws/install/my_interface/share/my_interface/local_setup.sh
[29.865s] -- Up-to-date: /home/kcm/colcon_ws/install/my_interface/share/my_interface/local_setup.zsh
[29.865s] -- Installing: /home/kcm/colcon_ws/install/my_interface/share/my_interface/local_setup.dsv
[29.865s] -- Installing: /home/kcm/colcon_ws/install/my_interface/share/my_interface/package.dsv
[29.865s] -- Up-to-date: /home/kcm/colcon_ws/install/my_interface/share/ament_index/resource_index/packages/my_interface
[29.866s] -- Up-to-date: /home/kcm/colcon_ws/install/my_interface/share/my_interface/cmake/export_my_interface__rosidl_generator_cExport.cmake
[29.866s] -- Up-to-date: /home/kcm/colcon_ws/install/my_interface/share/my_interface/cmake/export_my_interface__rosidl_generator_cExport-noconfig.cmake
[29.866s] -- Up-to-date: /home/kcm/colcon_ws/install/my_interface/share/my_interface/cmake/export_my_interface__rosidl_typesupport_fastrtps_cExport.cmake
[29.873s] -- Up-to-date: /home/kcm/colcon_ws/install/my_interface/share/my_interface/cmake/export_my_interface__rosidl_typesupport_fastrtps_cExport-noconfig.cmake
[29.874s] -- Up-to-date: /home/kcm/colcon_ws/install/my_interface/share/my_interface/cmake/export_my_interface__rosidl_generator_cppExport.cmake
[29.874s] -- Up-to-date: /home/kcm/colcon_ws/install/my_interface/share/my_interface/cmake/export_my_interface__rosidl_typesupport_fastrtps_cppExport.cmake
[29.874s] -- Up-to-date: /home/kcm/colcon_ws/install/my_interface/share/my_interface/cmake/export_my_interface__rosidl_typesupport_fastrtps_cppExport-noconfig.cmake
[29.874s] -- Up-to-date: /home/kcm/colcon_ws/install/my_interface/share/my_interface/cmake/my_interface__rosidl_typesupport_introspection_cExport.cmake
[29.875s] -- Up-to-date: /home/kcm/colcon_ws/install/my_interface/share/my_interface/cmake/my_interface__rosidl_typesupport_introspection_cExport-noconfig.cmake
[29.875s] -- Up-to-date: /home/kcm/colcon_ws/install/my_interface/share/my_interface/cmake/my_interface__rosidl_typesupport_cExport.cmake
[29.875s] -- Up-to-date: /home/kcm/colcon_ws/install/my_interface/share/my_interface/cmake/my_interface__rosidl_typesupport_cExport-noconfig.cmake
[29.875s] -- Up-to-date: /home/kcm/colcon_ws/install/my_interface/share/my_interface/cmake/my_interface__rosidl_typesupport_introspection_cppExport.cmake
[29.875s] -- Up-to-date: /home/kcm/colcon_ws/install/my_interface/share/my_interface/cmake/my_interface__rosidl_typesupport_introspection_cppExport-noconfig.cmake
[29.876s] -- Up-to-date: /home/kcm/colcon_ws/install/my_interface/share/my_interface/cmake/my_interface__rosidl_typesupport_cppExport.cmake
[29.876s] -- Up-to-date: /home/kcm/colcon_ws/install/my_interface/share/my_interface/cmake/my_interface__rosidl_typesupport_cppExport-noconfig.cmake
[29.876s] -- Up-to-date: /home/kcm/colcon_ws/install/my_interface/share/my_interface/cmake/export_my_interface__rosidl_generator_pyExport.cmake
[29.876s] -- Up-to-date: /home/kcm/colcon_ws/install/my_interface/share/my_interface/cmake/export_my_interface__rosidl_generator_pyExport-noconfig.cmake
[29.876s] -- Installing: /home/kcm/colcon_ws/install/my_interface/share/my_interface/cmake/rosidl_cmake-extras.cmake
[29.877s] -- Up-to-date: /home/kcm/colcon_ws/install/my_interface/share/my_interface/cmake/ament_cmake_export_dependencies-extras.cmake
[29.877s] -- Up-to-date: /home/kcm/colcon_ws/install/my_interface/share/my_interface/cmake/ament_cmake_export_include_directories-extras.cmake
[29.877s] -- Up-to-date: /home/kcm/colcon_ws/install/my_interface/share/my_interface/cmake/ament_cmake_export_libraries-extras.cmake
[29.877s] -- Up-to-date: /home/kcm/colcon_ws/install/my_interface/share/my_interface/cmake/ament_cmake_export_targets-extras.cmake
[29.877s] -- Up-to-date: /home/kcm/colcon_ws/install/my_interface/share/my_interface/cmake/rosidl_cmake_export_typesupport_targets-extras.cmake
[29.877s] -- Up-to-date: /home/kcm/colcon_ws/install/my_interface/share/my_interface/cmake/rosidl_cmake_export_typesupport_libraries-extras.cmake
[29.878s] -- Up-to-date: /home/kcm/colcon_ws/install/my_interface/share/my_interface/cmake/my_interfaceConfig.cmake
[29.878s] -- Up-to-date: /home/kcm/colcon_ws/install/my_interface/share/my_interface/cmake/my_interfaceConfig-version.cmake
[29.878s] -- Up-to-date: /home/kcm/colcon_ws/install/my_interface/share/my_interface/package.xml
[29.902s] Invoked command in '/home/kcm/colcon_ws/build/my_interface' returned '0': CMAKE_PREFIX_PATH=${CMAKE_PREFIX_PATH}:/home/kcm/colcon_ws/install/my_pkg:/home/kcm/colcon_ws/install/move_turtle:/home/kcm/ros2_ws/install/py_srvcli:/home/kcm/ros2_ws/install/py_pubsub:/home/kcm/ros2_ws/install/py_ps:/home/kcm/ros2_ws/install/my_package:/opt/ros/humble /usr/bin/cmake --install /home/kcm/colcon_ws/build/my_interface
