[0.028s] Invoking command in '/home/kcm/colcon_ws/build/my_interface': CMAKE_PREFIX_PATH=/home/kcm/colcon_ws/install/my_pkg:/home/kcm/colcon_ws/install/move_turtle:/home/kcm/ros2_ws/install/py_srvcli:/home/kcm/ros2_ws/install/py_pubsub:/home/kcm/ros2_ws/install/py_ps:/home/kcm/ros2_ws/install/my_package:/opt/ros/humble /usr/bin/cmake --build /home/kcm/colcon_ws/build/my_interface -- -j1 -l1
[0.173s] Invoked command in '/home/kcm/colcon_ws/build/my_interface' returned '0': CMAKE_PREFIX_PATH=/home/kcm/colcon_ws/install/my_pkg:/home/kcm/colcon_ws/install/move_turtle:/home/kcm/ros2_ws/install/py_srvcli:/home/kcm/ros2_ws/install/py_pubsub:/home/kcm/ros2_ws/install/py_ps:/home/kcm/ros2_ws/install/my_package:/opt/ros/humble /usr/bin/cmake --build /home/kcm/colcon_ws/build/my_interface -- -j1 -l1
[0.307s] Invoking command in '/home/kcm/colcon_ws/build/my_interface': CMAKE_PREFIX_PATH=/home/kcm/colcon_ws/install/my_pkg:/home/kcm/colcon_ws/install/move_turtle:/home/kcm/ros2_ws/install/py_srvcli:/home/kcm/ros2_ws/install/py_pubsub:/home/kcm/ros2_ws/install/py_ps:/home/kcm/ros2_ws/install/my_package:/opt/ros/humble /usr/bin/cmake --install /home/kcm/colcon_ws/build/my_interface
[0.332s] -- Install configuration: ""
[0.333s] -- Up-to-date: /home/kcm/colcon_ws/install/my_interface/share/ament_index/resource_index/package_run_dependencies/my_interface
[0.333s] -- Up-to-date: /home/kcm/colcon_ws/install/my_interface/share/ament_index/resource_index/parent_prefix_path/my_interface
[0.334s] -- Up-to-date: /home/kcm/colcon_ws/install/my_interface/share/my_interface/environment/ament_prefix_path.sh
[0.336s] -- Up-to-date: /home/kcm/colcon_ws/install/my_interface/share/my_interface/environment/ament_prefix_path.dsv
[0.336s] -- Up-to-date: /home/kcm/colcon_ws/install/my_interface/share/my_interface/environment/path.sh
[0.337s] -- Up-to-date: /home/kcm/colcon_ws/install/my_interface/share/my_interface/environment/path.dsv
[0.337s] -- Up-to-date: /home/kcm/colcon_ws/install/my_interface/share/my_interface/local_setup.bash
[0.339s] -- Up-to-date: /home/kcm/colcon_ws/install/my_interface/share/my_interface/local_setup.sh
[0.339s] -- Up-to-date: /home/kcm/colcon_ws/install/my_interface/share/my_interface/local_setup.zsh
[0.346s] -- Up-to-date: /home/kcm/colcon_ws/install/my_interface/share/my_interface/local_setup.dsv
[0.347s] -- Up-to-date: /home/kcm/colcon_ws/install/my_interface/share/my_interface/package.dsv
[0.347s] -- Up-to-date: /home/kcm/colcon_ws/install/my_interface/share/ament_index/resource_index/packages/my_interface
[0.348s] -- Up-to-date: /home/kcm/colcon_ws/install/my_interface/share/my_interface/cmake/my_interfaceConfig.cmake
[0.348s] -- Up-to-date: /home/kcm/colcon_ws/install/my_interface/share/my_interface/cmake/my_interfaceConfig-version.cmake
[0.349s] -- Up-to-date: /home/kcm/colcon_ws/install/my_interface/share/my_interface/package.xml
[0.352s] Invoked command in '/home/kcm/colcon_ws/build/my_interface' returned '0': CMAKE_PREFIX_PATH=/home/kcm/colcon_ws/install/my_pkg:/home/kcm/colcon_ws/install/move_turtle:/home/kcm/ros2_ws/install/py_srvcli:/home/kcm/ros2_ws/install/py_pubsub:/home/kcm/ros2_ws/install/py_ps:/home/kcm/ros2_ws/install/my_package:/opt/ros/humble /usr/bin/cmake --install /home/kcm/colcon_ws/build/my_interface
