[1.392s] Invoking command in '/home/kcm/colcon_ws/src/move_turtle': PYTHONPATH=/home/kcm/colcon_ws/build/move_turtle/prefix_override:/home/kcm/colcon_ws/install/move_turtle/lib/python3.10/site-packages:${PYTHONPATH} /usr/bin/python3 -W ignore:setup.py install is deprecated setup.py egg_info --egg-base ../../build/move_turtle build --build-base /home/kcm/colcon_ws/build/move_turtle/build install --record /home/kcm/colcon_ws/build/move_turtle/install.log --single-version-externally-managed install_data
[1.760s] running egg_info
[1.762s] writing ../../build/move_turtle/move_turtle.egg-info/PKG-INFO
[1.763s] writing dependency_links to ../../build/move_turtle/move_turtle.egg-info/dependency_links.txt
[1.764s] writing entry points to ../../build/move_turtle/move_turtle.egg-info/entry_points.txt
[1.765s] writing requirements to ../../build/move_turtle/move_turtle.egg-info/requires.txt
[1.766s] writing top-level names to ../../build/move_turtle/move_turtle.egg-info/top_level.txt
[1.769s] reading manifest file '../../build/move_turtle/move_turtle.egg-info/SOURCES.txt'
[1.771s] writing manifest file '../../build/move_turtle/move_turtle.egg-info/SOURCES.txt'
[1.772s] running build
[1.772s] running build_py
[1.773s] copying move_turtle/random_move.py -> /home/kcm/colcon_ws/build/move_turtle/build/lib/move_turtle
[1.774s] running install
[1.775s] running install_lib
[1.777s] copying /home/kcm/colcon_ws/build/move_turtle/build/lib/move_turtle/random_move.py -> /home/kcm/colcon_ws/install/move_turtle/lib/python3.10/site-packages/move_turtle
[1.779s] byte-compiling /home/kcm/colcon_ws/install/move_turtle/lib/python3.10/site-packages/move_turtle/random_move.py to random_move.cpython-310.pyc
[1.781s] running install_data
[1.781s] running install_egg_info
[1.785s] removing '/home/kcm/colcon_ws/install/move_turtle/lib/python3.10/site-packages/move_turtle-0.0.0-py3.10.egg-info' (and everything under it)
[1.794s] Copying ../../build/move_turtle/move_turtle.egg-info to /home/kcm/colcon_ws/install/move_turtle/lib/python3.10/site-packages/move_turtle-0.0.0-py3.10.egg-info
[1.803s] running install_scripts
[1.847s] Installing mturtle script to /home/kcm/colcon_ws/install/move_turtle/lib/move_turtle
[1.848s] writing list of installed files to '/home/kcm/colcon_ws/build/move_turtle/install.log'
[1.880s] Invoked command in '/home/kcm/colcon_ws/src/move_turtle' returned '0': PYTHONPATH=/home/kcm/colcon_ws/build/move_turtle/prefix_override:/home/kcm/colcon_ws/install/move_turtle/lib/python3.10/site-packages:${PYTHONPATH} /usr/bin/python3 -W ignore:setup.py install is deprecated setup.py egg_info --egg-base ../../build/move_turtle build --build-base /home/kcm/colcon_ws/build/move_turtle/build install --record /home/kcm/colcon_ws/build/move_turtle/install.log --single-version-externally-managed install_data
