[1.997s] Invoking command in '/home/kcm/colcon_ws/src/move_turtle': PYTHONPATH=/home/kcm/colcon_ws/build/move_turtle/prefix_override:/home/kcm/colcon_ws/install/move_turtle/lib/python3.10/site-packages:${PYTHONPATH} /usr/bin/python3 -W ignore:setup.py install is deprecated setup.py egg_info --egg-base ../../build/move_turtle build --build-base /home/kcm/colcon_ws/build/move_turtle/build install --record /home/kcm/colcon_ws/build/move_turtle/install.log --single-version-externally-managed install_data
[2.455s] running egg_info
[2.456s] writing ../../build/move_turtle/move_turtle.egg-info/PKG-INFO
[2.457s] writing dependency_links to ../../build/move_turtle/move_turtle.egg-info/dependency_links.txt
[2.459s] writing entry points to ../../build/move_turtle/move_turtle.egg-info/entry_points.txt
[2.459s] writing requirements to ../../build/move_turtle/move_turtle.egg-info/requires.txt
[2.460s] writing top-level names to ../../build/move_turtle/move_turtle.egg-info/top_level.txt
[2.463s] reading manifest file '../../build/move_turtle/move_turtle.egg-info/SOURCES.txt'
[2.465s] writing manifest file '../../build/move_turtle/move_turtle.egg-info/SOURCES.txt'
[2.465s] running build
[2.466s] running build_py
[2.467s] running install
[2.471s] running install_lib
[2.473s] running install_data
[2.474s] running install_egg_info
[2.478s] removing '/home/kcm/colcon_ws/install/move_turtle/lib/python3.10/site-packages/move_turtle-0.0.0-py3.10.egg-info' (and everything under it)
[2.485s] Copying ../../build/move_turtle/move_turtle.egg-info to /home/kcm/colcon_ws/install/move_turtle/lib/python3.10/site-packages/move_turtle-0.0.0-py3.10.egg-info
[2.491s] running install_scripts
[2.519s] Installing mturtle script to /home/kcm/colcon_ws/install/move_turtle/lib/move_turtle
[2.521s] writing list of installed files to '/home/kcm/colcon_ws/build/move_turtle/install.log'
[2.579s] Invoked command in '/home/kcm/colcon_ws/src/move_turtle' returned '0': PYTHONPATH=/home/kcm/colcon_ws/build/move_turtle/prefix_override:/home/kcm/colcon_ws/install/move_turtle/lib/python3.10/site-packages:${PYTHONPATH} /usr/bin/python3 -W ignore:setup.py install is deprecated setup.py egg_info --egg-base ../../build/move_turtle build --build-base /home/kcm/colcon_ws/build/move_turtle/build install --record /home/kcm/colcon_ws/build/move_turtle/install.log --single-version-externally-managed install_data
