[1.604s] Invoking command in '/home/kcm/colcon_ws/src/my_pkg': PYTHONPATH=/home/kcm/colcon_ws/build/my_pkg/prefix_override:/home/kcm/colcon_ws/install/my_pkg/lib/python3.10/site-packages:${PYTHONPATH} /usr/bin/python3 -W ignore:setup.py install is deprecated setup.py egg_info --egg-base ../../build/my_pkg build --build-base /home/kcm/colcon_ws/build/my_pkg/build install --record /home/kcm/colcon_ws/build/my_pkg/install.log --single-version-externally-managed install_data
[2.197s] running egg_info
[2.199s] writing ../../build/my_pkg/my_pkg.egg-info/PKG-INFO
[2.202s] writing dependency_links to ../../build/my_pkg/my_pkg.egg-info/dependency_links.txt
[2.204s] writing entry points to ../../build/my_pkg/my_pkg.egg-info/entry_points.txt
[2.205s] writing requirements to ../../build/my_pkg/my_pkg.egg-info/requires.txt
[2.207s] writing top-level names to ../../build/my_pkg/my_pkg.egg-info/top_level.txt
[2.213s] reading manifest file '../../build/my_pkg/my_pkg.egg-info/SOURCES.txt'
[2.215s] writing manifest file '../../build/my_pkg/my_pkg.egg-info/SOURCES.txt'
[2.217s] running build
[2.218s] running build_py
[2.219s] copying my_pkg/simple_srv_client.py -> /home/kcm/colcon_ws/build/my_pkg/build/lib/my_pkg
[2.221s] running install
[2.222s] running install_lib
[2.225s] copying /home/kcm/colcon_ws/build/my_pkg/build/lib/my_pkg/simple_srv_client.py -> /home/kcm/colcon_ws/install/my_pkg/lib/python3.10/site-packages/my_pkg
[2.227s] byte-compiling /home/kcm/colcon_ws/install/my_pkg/lib/python3.10/site-packages/my_pkg/simple_srv_client.py to simple_srv_client.cpython-310.pyc
[2.232s] running install_data
[2.232s] running install_egg_info
[2.236s] removing '/home/kcm/colcon_ws/install/my_pkg/lib/python3.10/site-packages/my_pkg-0.0.0-py3.10.egg-info' (and everything under it)
[2.258s] Copying ../../build/my_pkg/my_pkg.egg-info to /home/kcm/colcon_ws/install/my_pkg/lib/python3.10/site-packages/my_pkg-0.0.0-py3.10.egg-info
[2.259s] running install_scripts
[2.307s] Installing mpub script to /home/kcm/colcon_ws/install/my_pkg/lib/my_pkg
[2.311s] Installing myinterfacepub script to /home/kcm/colcon_ws/install/my_pkg/lib/my_pkg
[2.312s] Installing myinterfacesub script to /home/kcm/colcon_ws/install/my_pkg/lib/my_pkg
[2.315s] Installing mysrvclient script to /home/kcm/colcon_ws/install/my_pkg/lib/my_pkg
[2.317s] Installing mysrvserver script to /home/kcm/colcon_ws/install/my_pkg/lib/my_pkg
[2.319s] writing list of installed files to '/home/kcm/colcon_ws/build/my_pkg/install.log'
[2.396s] Invoked command in '/home/kcm/colcon_ws/src/my_pkg' returned '0': PYTHONPATH=/home/kcm/colcon_ws/build/my_pkg/prefix_override:/home/kcm/colcon_ws/install/my_pkg/lib/python3.10/site-packages:${PYTHONPATH} /usr/bin/python3 -W ignore:setup.py install is deprecated setup.py egg_info --egg-base ../../build/my_pkg build --build-base /home/kcm/colcon_ws/build/my_pkg/build install --record /home/kcm/colcon_ws/build/my_pkg/install.log --single-version-externally-managed install_data
