running egg_info
creating ../../build/move_turtle/move_turtle.egg-info
writing ../../build/move_turtle/move_turtle.egg-info/PKG-INFO
writing dependency_links to ../../build/move_turtle/move_turtle.egg-info/dependency_links.txt
writing entry points to ../../build/move_turtle/move_turtle.egg-info/entry_points.txt
writing requirements to ../../build/move_turtle/move_turtle.egg-info/requires.txt
writing top-level names to ../../build/move_turtle/move_turtle.egg-info/top_level.txt
writing manifest file '../../build/move_turtle/move_turtle.egg-info/SOURCES.txt'
reading manifest file '../../build/move_turtle/move_turtle.egg-info/SOURCES.txt'
writing manifest file '../../build/move_turtle/move_turtle.egg-info/SOURCES.txt'
running build
running build_py
creating /home/kcm/colcon_ws/build/move_turtle/build
creating /home/kcm/colcon_ws/build/move_turtle/build/lib
creating /home/kcm/colcon_ws/build/move_turtle/build/lib/move_turtle
copying move_turtle/__init__.py -> /home/kcm/colcon_ws/build/move_turtle/build/lib/move_turtle
copying move_turtle/randommove.py -> /home/kcm/colcon_ws/build/move_turtle/build/lib/move_turtle
running install
running install_lib
creating /home/kcm/colcon_ws/install/move_turtle/lib/python3.10/site-packages/move_turtle
copying /home/kcm/colcon_ws/build/move_turtle/build/lib/move_turtle/__init__.py -> /home/kcm/colcon_ws/install/move_turtle/lib/python3.10/site-packages/move_turtle
copying /home/kcm/colcon_ws/build/move_turtle/build/lib/move_turtle/randommove.py -> /home/kcm/colcon_ws/install/move_turtle/lib/python3.10/site-packages/move_turtle
byte-compiling /home/kcm/colcon_ws/install/move_turtle/lib/python3.10/site-packages/move_turtle/__init__.py to __init__.cpython-310.pyc
byte-compiling /home/kcm/colcon_ws/install/move_turtle/lib/python3.10/site-packages/move_turtle/randommove.py to randommove.cpython-310.pyc
running install_data
creating /home/kcm/colcon_ws/install/move_turtle/share
creating /home/kcm/colcon_ws/install/move_turtle/share/ament_index
creating /home/kcm/colcon_ws/install/move_turtle/share/ament_index/resource_index
creating /home/kcm/colcon_ws/install/move_turtle/share/ament_index/resource_index/packages
copying resource/move_turtle -> /home/kcm/colcon_ws/install/move_turtle/share/ament_index/resource_index/packages
creating /home/kcm/colcon_ws/install/move_turtle/share/move_turtle
copying package.xml -> /home/kcm/colcon_ws/install/move_turtle/share/move_turtle
running install_egg_info
Copying ../../build/move_turtle/move_turtle.egg-info to /home/kcm/colcon_ws/install/move_turtle/lib/python3.10/site-packages/move_turtle-0.0.0-py3.10.egg-info
running install_scripts
Installing mturtle script to /home/kcm/colcon_ws/install/move_turtle/lib/move_turtle
writing list of installed files to '/home/kcm/colcon_ws/build/move_turtle/install.log'
