[3.008s] Invoking command in '/home/kcm/colcon_ws/src/move_turtle': PYTHONPATH=/home/kcm/colcon_ws/build/move_turtle/prefix_override:/home/kcm/colcon_ws/install/move_turtle/lib/python3.10/site-packages:${PYTHONPATH} /usr/bin/python3 -W ignore:setup.py install is deprecated setup.py egg_info --egg-base ../../build/move_turtle build --build-base /home/kcm/colcon_ws/build/move_turtle/build install --record /home/kcm/colcon_ws/build/move_turtle/install.log --single-version-externally-managed install_data
[3.658s] running egg_info
[3.660s] writing ../../build/move_turtle/move_turtle.egg-info/PKG-INFO
[3.662s] writing dependency_links to ../../build/move_turtle/move_turtle.egg-info/dependency_links.txt
[3.664s] writing entry points to ../../build/move_turtle/move_turtle.egg-info/entry_points.txt
[3.666s] writing requirements to ../../build/move_turtle/move_turtle.egg-info/requires.txt
[3.667s] writing top-level names to ../../build/move_turtle/move_turtle.egg-info/top_level.txt
[3.672s] reading manifest file '../../build/move_turtle/move_turtle.egg-info/SOURCES.txt'
[3.673s] writing manifest file '../../build/move_turtle/move_turtle.egg-info/SOURCES.txt'
[3.675s] running build
[3.676s] running build_py
[3.678s] running install
[3.679s] running install_lib
[3.681s] running install_data
[3.682s] running install_egg_info
[3.684s] removing '/home/kcm/colcon_ws/install/move_turtle/lib/python3.10/site-packages/move_turtle-0.0.0-py3.10.egg-info' (and everything under it)
[3.701s] Copying ../../build/move_turtle/move_turtle.egg-info to /home/kcm/colcon_ws/install/move_turtle/lib/python3.10/site-packages/move_turtle-0.0.0-py3.10.egg-info
[3.703s] running install_scripts
[3.756s] Installing mturtle script to /home/kcm/colcon_ws/install/move_turtle/lib/move_turtle
[3.760s] writing list of installed files to '/home/kcm/colcon_ws/build/move_turtle/install.log'
[3.814s] Invoked command in '/home/kcm/colcon_ws/src/move_turtle' returned '0': PYTHONPATH=/home/kcm/colcon_ws/build/move_turtle/prefix_override:/home/kcm/colcon_ws/install/move_turtle/lib/python3.10/site-packages:${PYTHONPATH} /usr/bin/python3 -W ignore:setup.py install is deprecated setup.py egg_info --egg-base ../../build/move_turtle build --build-base /home/kcm/colcon_ws/build/move_turtle/build install --record /home/kcm/colcon_ws/build/move_turtle/install.log --single-version-externally-managed install_data
