[2.071s] Invoking command in '/home/kcm/colcon_ws/src/move_turtle': PYTHONPATH=/home/kcm/colcon_ws/build/move_turtle/prefix_override:/home/kcm/colcon_ws/install/move_turtle/lib/python3.10/site-packages:${PYTHONPATH} /usr/bin/python3 -W ignore:setup.py install is deprecated setup.py egg_info --egg-base ../../build/move_turtle build --build-base /home/kcm/colcon_ws/build/move_turtle/build install --record /home/kcm/colcon_ws/build/move_turtle/install.log --single-version-externally-managed install_data
[2.700s] running egg_info
[2.702s] writing ../../build/move_turtle/move_turtle.egg-info/PKG-INFO
[2.707s] writing dependency_links to ../../build/move_turtle/move_turtle.egg-info/dependency_links.txt
[2.709s] writing entry points to ../../build/move_turtle/move_turtle.egg-info/entry_points.txt
[2.710s] writing requirements to ../../build/move_turtle/move_turtle.egg-info/requires.txt
[2.711s] writing top-level names to ../../build/move_turtle/move_turtle.egg-info/top_level.txt
[2.715s] reading manifest file '../../build/move_turtle/move_turtle.egg-info/SOURCES.txt'
[2.716s] writing manifest file '../../build/move_turtle/move_turtle.egg-info/SOURCES.txt'
[2.720s] running build
[2.721s] running build_py
[2.722s] running install
[2.734s] running install_lib
[2.736s] running install_data
[2.737s] running install_egg_info
[2.739s] removing '/home/kcm/colcon_ws/install/move_turtle/lib/python3.10/site-packages/move_turtle-0.0.0-py3.10.egg-info' (and everything under it)
[2.746s] Copying ../../build/move_turtle/move_turtle.egg-info to /home/kcm/colcon_ws/install/move_turtle/lib/python3.10/site-packages/move_turtle-0.0.0-py3.10.egg-info
[2.750s] running install_scripts
[2.790s] Installing mturtle script to /home/kcm/colcon_ws/install/move_turtle/lib/move_turtle
[2.795s] writing list of installed files to '/home/kcm/colcon_ws/build/move_turtle/install.log'
[2.837s] Invoked command in '/home/kcm/colcon_ws/src/move_turtle' returned '0': PYTHONPATH=/home/kcm/colcon_ws/build/move_turtle/prefix_override:/home/kcm/colcon_ws/install/move_turtle/lib/python3.10/site-packages:${PYTHONPATH} /usr/bin/python3 -W ignore:setup.py install is deprecated setup.py egg_info --egg-base ../../build/move_turtle build --build-base /home/kcm/colcon_ws/build/move_turtle/build install --record /home/kcm/colcon_ws/build/move_turtle/install.log --single-version-externally-managed install_data
