[0.497s] DEBUG:colcon:Command line arguments: ['/usr/bin/colcon', 'build']
[0.497s] DEBUG:colcon:Parsed command line arguments: Namespace(log_base=None, log_level=None, verb_name='build', build_base='build', install_base='install', merge_install=False, symlink_install=False, test_result_base=None, continue_on_error=False, executor='parallel', parallel_workers=1, event_handlers=None, ignore_user_meta=False, metas=['./colcon.meta'], base_paths=['.'], packages_ignore=None, packages_ignore_regex=None, paths=None, packages_up_to=None, packages_up_to_regex=None, packages_above=None, packages_above_and_dependencies=None, packages_above_depth=None, packages_select_by_dep=None, packages_skip_by_dep=None, packages_skip_up_to=None, packages_select_build_failed=False, packages_skip_build_finished=False, packages_select_test_failures=False, packages_skip_test_passed=False, packages_select=None, packages_skip=None, packages_select_regex=None, packages_skip_regex=None, packages_start=None, packages_end=None, allow_overriding=[], cmake_args=None, cmake_target=None, cmake_target_skip_unavailable=False, cmake_clean_cache=False, cmake_clean_first=False, cmake_force_configure=False, ament_cmake_args=None, catkin_cmake_args=None, catkin_skip_building_tests=False, mixin_files=None, mixin=None, verb_parser=<colcon_mixin.mixin.mixin_argument.MixinArgumentDecorator object at 0x76f572d78f70>, verb_extension=<colcon_core.verb.build.BuildVerb object at 0x76f572e71780>, main=<bound method BuildVerb.main of <colcon_core.verb.build.BuildVerb object at 0x76f572e71780>>, mixin_verb=('build',))
[0.860s] Level 1:colcon.colcon_core.package_discovery:discover_packages(colcon_meta) check parameters
[0.860s] Level 1:colcon.colcon_core.package_discovery:discover_packages(recursive) check parameters
[0.860s] Level 1:colcon.colcon_core.package_discovery:discover_packages(ignore) check parameters
[0.860s] Level 1:colcon.colcon_core.package_discovery:discover_packages(path) check parameters
[0.860s] Level 1:colcon.colcon_core.package_discovery:discover_packages(colcon_meta) discover
[0.861s] Level 1:colcon.colcon_core.package_discovery:discover_packages(recursive) discover
[0.861s] INFO:colcon.colcon_core.package_discovery:Crawling recursively for packages in '/home/kcm/colcon_ws'
[0.861s] Level 1:colcon.colcon_core.package_identification:_identify(.) by extensions ['ignore', 'ignore_ament_install']
[0.861s] Level 1:colcon.colcon_core.package_identification:_identify(.) by extension 'ignore'
[0.861s] Level 1:colcon.colcon_core.package_identification:_identify(.) by extension 'ignore_ament_install'
[0.861s] Level 1:colcon.colcon_core.package_identification:_identify(.) by extensions ['colcon_pkg']
[0.861s] Level 1:colcon.colcon_core.package_identification:_identify(.) by extension 'colcon_pkg'
[0.862s] Level 1:colcon.colcon_core.package_identification:_identify(.) by extensions ['colcon_meta']
[0.862s] Level 1:colcon.colcon_core.package_identification:_identify(.) by extension 'colcon_meta'
[0.862s] Level 1:colcon.colcon_core.package_identification:_identify(.) by extensions ['ros']
[0.862s] Level 1:colcon.colcon_core.package_identification:_identify(.) by extension 'ros'
[0.892s] Level 1:colcon.colcon_core.package_identification:_identify(.) by extensions ['cmake', 'python']
[0.893s] Level 1:colcon.colcon_core.package_identification:_identify(.) by extension 'cmake'
[0.893s] Level 1:colcon.colcon_core.package_identification:_identify(.) by extension 'python'
[0.893s] Level 1:colcon.colcon_core.package_identification:_identify(.) by extensions ['python_setup_py']
[0.893s] Level 1:colcon.colcon_core.package_identification:_identify(.) by extension 'python_setup_py'
[0.893s] Level 1:colcon.colcon_core.package_identification:_identify(build) by extensions ['ignore', 'ignore_ament_install']
[0.893s] Level 1:colcon.colcon_core.package_identification:_identify(build) by extension 'ignore'
[0.894s] Level 1:colcon.colcon_core.package_identification:_identify(build) ignored
[0.894s] Level 1:colcon.colcon_core.package_identification:_identify(install) by extensions ['ignore', 'ignore_ament_install']
[0.894s] Level 1:colcon.colcon_core.package_identification:_identify(install) by extension 'ignore'
[0.894s] Level 1:colcon.colcon_core.package_identification:_identify(install) ignored
[0.895s] Level 1:colcon.colcon_core.package_identification:_identify(log) by extensions ['ignore', 'ignore_ament_install']
[0.895s] Level 1:colcon.colcon_core.package_identification:_identify(log) by extension 'ignore'
[0.895s] Level 1:colcon.colcon_core.package_identification:_identify(log) ignored
[0.895s] Level 1:colcon.colcon_core.package_identification:_identify(src) by extensions ['ignore', 'ignore_ament_install']
[0.896s] Level 1:colcon.colcon_core.package_identification:_identify(src) by extension 'ignore'
[0.896s] Level 1:colcon.colcon_core.package_identification:_identify(src) by extension 'ignore_ament_install'
[0.896s] Level 1:colcon.colcon_core.package_identification:_identify(src) by extensions ['colcon_pkg']
[0.896s] Level 1:colcon.colcon_core.package_identification:_identify(src) by extension 'colcon_pkg'
[0.896s] Level 1:colcon.colcon_core.package_identification:_identify(src) by extensions ['colcon_meta']
[0.896s] Level 1:colcon.colcon_core.package_identification:_identify(src) by extension 'colcon_meta'
[0.896s] Level 1:colcon.colcon_core.package_identification:_identify(src) by extensions ['ros']
[0.896s] Level 1:colcon.colcon_core.package_identification:_identify(src) by extension 'ros'
[0.897s] Level 1:colcon.colcon_core.package_identification:_identify(src) by extensions ['cmake', 'python']
[0.897s] Level 1:colcon.colcon_core.package_identification:_identify(src) by extension 'cmake'
[0.897s] Level 1:colcon.colcon_core.package_identification:_identify(src) by extension 'python'
[0.897s] Level 1:colcon.colcon_core.package_identification:_identify(src) by extensions ['python_setup_py']
[0.897s] Level 1:colcon.colcon_core.package_identification:_identify(src) by extension 'python_setup_py'
[0.897s] Level 1:colcon.colcon_core.package_identification:_identify(src/move_turtle) by extensions ['ignore', 'ignore_ament_install']
[0.898s] Level 1:colcon.colcon_core.package_identification:_identify(src/move_turtle) by extension 'ignore'
[0.898s] Level 1:colcon.colcon_core.package_identification:_identify(src/move_turtle) by extension 'ignore_ament_install'
[0.898s] Level 1:colcon.colcon_core.package_identification:_identify(src/move_turtle) by extensions ['colcon_pkg']
[0.898s] Level 1:colcon.colcon_core.package_identification:_identify(src/move_turtle) by extension 'colcon_pkg'
[0.898s] Level 1:colcon.colcon_core.package_identification:_identify(src/move_turtle) by extensions ['colcon_meta']
[0.898s] Level 1:colcon.colcon_core.package_identification:_identify(src/move_turtle) by extension 'colcon_meta'
[0.898s] Level 1:colcon.colcon_core.package_identification:_identify(src/move_turtle) by extensions ['ros']
[0.898s] Level 1:colcon.colcon_core.package_identification:_identify(src/move_turtle) by extension 'ros'
[0.902s] DEBUG:colcon.colcon_core.package_identification:Package 'src/move_turtle' with type 'ros.ament_python' and name 'move_turtle'
[0.902s] Level 1:colcon.colcon_core.package_identification:_identify(src/my_interface) by extensions ['ignore', 'ignore_ament_install']
[0.902s] Level 1:colcon.colcon_core.package_identification:_identify(src/my_interface) by extension 'ignore'
[0.902s] Level 1:colcon.colcon_core.package_identification:_identify(src/my_interface) by extension 'ignore_ament_install'
[0.903s] Level 1:colcon.colcon_core.package_identification:_identify(src/my_interface) by extensions ['colcon_pkg']
[0.903s] Level 1:colcon.colcon_core.package_identification:_identify(src/my_interface) by extension 'colcon_pkg'
[0.903s] Level 1:colcon.colcon_core.package_identification:_identify(src/my_interface) by extensions ['colcon_meta']
[0.903s] Level 1:colcon.colcon_core.package_identification:_identify(src/my_interface) by extension 'colcon_meta'
[0.903s] Level 1:colcon.colcon_core.package_identification:_identify(src/my_interface) by extensions ['ros']
[0.903s] Level 1:colcon.colcon_core.package_identification:_identify(src/my_interface) by extension 'ros'
[0.904s] DEBUG:colcon.colcon_core.package_identification:Package 'src/my_interface' with type 'ros.ament_cmake' and name 'my_interface'
[0.904s] Level 1:colcon.colcon_core.package_identification:_identify(src/my_pkg) by extensions ['ignore', 'ignore_ament_install']
[0.905s] Level 1:colcon.colcon_core.package_identification:_identify(src/my_pkg) by extension 'ignore'
[0.905s] Level 1:colcon.colcon_core.package_identification:_identify(src/my_pkg) by extension 'ignore_ament_install'
[0.905s] Level 1:colcon.colcon_core.package_identification:_identify(src/my_pkg) by extensions ['colcon_pkg']
[0.905s] Level 1:colcon.colcon_core.package_identification:_identify(src/my_pkg) by extension 'colcon_pkg'
[0.905s] Level 1:colcon.colcon_core.package_identification:_identify(src/my_pkg) by extensions ['colcon_meta']
[0.905s] Level 1:colcon.colcon_core.package_identification:_identify(src/my_pkg) by extension 'colcon_meta'
[0.905s] Level 1:colcon.colcon_core.package_identification:_identify(src/my_pkg) by extensions ['ros']
[0.905s] Level 1:colcon.colcon_core.package_identification:_identify(src/my_pkg) by extension 'ros'
[0.906s] DEBUG:colcon.colcon_core.package_identification:Package 'src/my_pkg' with type 'ros.ament_python' and name 'my_pkg'
[0.907s] Level 1:colcon.colcon_core.package_discovery:discover_packages(recursive) using defaults
[0.907s] Level 1:colcon.colcon_core.package_discovery:discover_packages(ignore) discover
[0.907s] Level 1:colcon.colcon_core.package_discovery:discover_packages(ignore) using defaults
[0.907s] Level 1:colcon.colcon_core.package_discovery:discover_packages(path) discover
[0.907s] Level 1:colcon.colcon_core.package_discovery:discover_packages(path) using defaults
[0.936s] Level 1:colcon.colcon_core.package_discovery:discover_packages(prefix_path) check parameters
[0.936s] Level 1:colcon.colcon_core.package_discovery:discover_packages(prefix_path) discover
[0.939s] DEBUG:colcon.colcon_installed_package_information.package_discovery:Found 3 installed packages in /home/kcm/colcon_ws/install
[0.940s] DEBUG:colcon.colcon_installed_package_information.package_discovery:Found 5 installed packages in /home/kcm/ros2_ws/install
[0.942s] DEBUG:colcon.colcon_installed_package_information.package_discovery:Found 332 installed packages in /opt/ros/humble
[0.943s] Level 1:colcon.colcon_core.package_discovery:discover_packages(prefix_path) using defaults
[0.990s] Level 5:colcon.colcon_core.verb:set package 'move_turtle' build argument 'cmake_args' from command line to 'None'
[0.991s] Level 5:colcon.colcon_core.verb:set package 'move_turtle' build argument 'cmake_target' from command line to 'None'
[0.991s] Level 5:colcon.colcon_core.verb:set package 'move_turtle' build argument 'cmake_target_skip_unavailable' from command line to 'False'
[0.991s] Level 5:colcon.colcon_core.verb:set package 'move_turtle' build argument 'cmake_clean_cache' from command line to 'False'
[0.991s] Level 5:colcon.colcon_core.verb:set package 'move_turtle' build argument 'cmake_clean_first' from command line to 'False'
[0.991s] Level 5:colcon.colcon_core.verb:set package 'move_turtle' build argument 'cmake_force_configure' from command line to 'False'
[0.991s] Level 5:colcon.colcon_core.verb:set package 'move_turtle' build argument 'ament_cmake_args' from command line to 'None'
[0.991s] Level 5:colcon.colcon_core.verb:set package 'move_turtle' build argument 'catkin_cmake_args' from command line to 'None'
[0.992s] Level 5:colcon.colcon_core.verb:set package 'move_turtle' build argument 'catkin_skip_building_tests' from command line to 'False'
[0.992s] DEBUG:colcon.colcon_core.verb:Building package 'move_turtle' with the following arguments: {'ament_cmake_args': None, 'build_base': '/home/kcm/colcon_ws/build/move_turtle', 'catkin_cmake_args': None, 'catkin_skip_building_tests': False, 'cmake_args': None, 'cmake_clean_cache': False, 'cmake_clean_first': False, 'cmake_force_configure': False, 'cmake_target': None, 'cmake_target_skip_unavailable': False, 'install_base': '/home/kcm/colcon_ws/install/move_turtle', 'merge_install': False, 'path': '/home/kcm/colcon_ws/src/move_turtle', 'symlink_install': False, 'test_result_base': None}
[0.992s] Level 5:colcon.colcon_core.verb:set package 'my_interface' build argument 'cmake_args' from command line to 'None'
[0.992s] Level 5:colcon.colcon_core.verb:set package 'my_interface' build argument 'cmake_target' from command line to 'None'
[0.993s] Level 5:colcon.colcon_core.verb:set package 'my_interface' build argument 'cmake_target_skip_unavailable' from command line to 'False'
[0.993s] Level 5:colcon.colcon_core.verb:set package 'my_interface' build argument 'cmake_clean_cache' from command line to 'False'
[0.993s] Level 5:colcon.colcon_core.verb:set package 'my_interface' build argument 'cmake_clean_first' from command line to 'False'
[0.993s] Level 5:colcon.colcon_core.verb:set package 'my_interface' build argument 'cmake_force_configure' from command line to 'False'
[0.993s] Level 5:colcon.colcon_core.verb:set package 'my_interface' build argument 'ament_cmake_args' from command line to 'None'
[0.993s] Level 5:colcon.colcon_core.verb:set package 'my_interface' build argument 'catkin_cmake_args' from command line to 'None'
[0.993s] Level 5:colcon.colcon_core.verb:set package 'my_interface' build argument 'catkin_skip_building_tests' from command line to 'False'
[0.993s] DEBUG:colcon.colcon_core.verb:Building package 'my_interface' with the following arguments: {'ament_cmake_args': None, 'build_base': '/home/kcm/colcon_ws/build/my_interface', 'catkin_cmake_args': None, 'catkin_skip_building_tests': False, 'cmake_args': None, 'cmake_clean_cache': False, 'cmake_clean_first': False, 'cmake_force_configure': False, 'cmake_target': None, 'cmake_target_skip_unavailable': False, 'install_base': '/home/kcm/colcon_ws/install/my_interface', 'merge_install': False, 'path': '/home/kcm/colcon_ws/src/my_interface', 'symlink_install': False, 'test_result_base': None}
[0.994s] Level 5:colcon.colcon_core.verb:set package 'my_pkg' build argument 'cmake_args' from command line to 'None'
[0.994s] Level 5:colcon.colcon_core.verb:set package 'my_pkg' build argument 'cmake_target' from command line to 'None'
[0.994s] Level 5:colcon.colcon_core.verb:set package 'my_pkg' build argument 'cmake_target_skip_unavailable' from command line to 'False'
[0.994s] Level 5:colcon.colcon_core.verb:set package 'my_pkg' build argument 'cmake_clean_cache' from command line to 'False'
[0.994s] Level 5:colcon.colcon_core.verb:set package 'my_pkg' build argument 'cmake_clean_first' from command line to 'False'
[0.994s] Level 5:colcon.colcon_core.verb:set package 'my_pkg' build argument 'cmake_force_configure' from command line to 'False'
[0.994s] Level 5:colcon.colcon_core.verb:set package 'my_pkg' build argument 'ament_cmake_args' from command line to 'None'
[0.995s] Level 5:colcon.colcon_core.verb:set package 'my_pkg' build argument 'catkin_cmake_args' from command line to 'None'
[0.995s] Level 5:colcon.colcon_core.verb:set package 'my_pkg' build argument 'catkin_skip_building_tests' from command line to 'False'
[0.995s] DEBUG:colcon.colcon_core.verb:Building package 'my_pkg' with the following arguments: {'ament_cmake_args': None, 'build_base': '/home/kcm/colcon_ws/build/my_pkg', 'catkin_cmake_args': None, 'catkin_skip_building_tests': False, 'cmake_args': None, 'cmake_clean_cache': False, 'cmake_clean_first': False, 'cmake_force_configure': False, 'cmake_target': None, 'cmake_target_skip_unavailable': False, 'install_base': '/home/kcm/colcon_ws/install/my_pkg', 'merge_install': False, 'path': '/home/kcm/colcon_ws/src/my_pkg', 'symlink_install': False, 'test_result_base': None}
[0.995s] INFO:colcon.colcon_core.executor:Executing jobs using 'parallel' executor
[0.997s] DEBUG:colcon.colcon_parallel_executor.executor.parallel:run_until_complete
[0.997s] INFO:colcon.colcon_ros.task.ament_python.build:Building ROS package in '/home/kcm/colcon_ws/src/move_turtle' with build type 'ament_python'
[0.997s] Level 1:colcon.colcon_core.shell:create_environment_hook('move_turtle', 'ament_prefix_path')
[1.000s] INFO:colcon.colcon_core.plugin_system:Skipping extension 'colcon_core.shell.bat': Not used on non-Windows systems
[1.002s] INFO:colcon.colcon_core.shell:Creating environment hook '/home/kcm/colcon_ws/install/move_turtle/share/move_turtle/hook/ament_prefix_path.ps1'
[1.004s] INFO:colcon.colcon_core.shell:Creating environment descriptor '/home/kcm/colcon_ws/install/move_turtle/share/move_turtle/hook/ament_prefix_path.dsv'
[1.005s] INFO:colcon.colcon_core.shell:Creating environment hook '/home/kcm/colcon_ws/install/move_turtle/share/move_turtle/hook/ament_prefix_path.sh'
[1.012s] INFO:colcon.colcon_core.shell:Skip shell extension 'powershell' for command environment: Not usable outside of PowerShell
[1.012s] DEBUG:colcon.colcon_core.shell:Skip shell extension 'dsv' for command environment
[2.432s] INFO:colcon.colcon_core.task.python.build:Building Python package in '/home/kcm/colcon_ws/src/move_turtle'
[2.433s] INFO:colcon.colcon_core.shell:Skip shell extension 'powershell' for command environment: Not usable outside of PowerShell
[2.434s] DEBUG:colcon.colcon_core.shell:Skip shell extension 'dsv' for command environment
[3.275s] DEBUG:colcon.colcon_core.event_handler.log_command:Invoking command in '/home/kcm/colcon_ws/src/move_turtle': PYTHONPATH=/home/kcm/colcon_ws/build/move_turtle/prefix_override:/home/kcm/colcon_ws/install/move_turtle/lib/python3.10/site-packages:${PYTHONPATH} /usr/bin/python3 -W ignore:setup.py install is deprecated setup.py egg_info --egg-base ../../build/move_turtle build --build-base /home/kcm/colcon_ws/build/move_turtle/build install --record /home/kcm/colcon_ws/build/move_turtle/install.log --single-version-externally-managed install_data
[4.146s] DEBUG:colcon.colcon_core.event_handler.log_command:Invoked command in '/home/kcm/colcon_ws/src/move_turtle' returned '0': PYTHONPATH=/home/kcm/colcon_ws/build/move_turtle/prefix_override:/home/kcm/colcon_ws/install/move_turtle/lib/python3.10/site-packages:${PYTHONPATH} /usr/bin/python3 -W ignore:setup.py install is deprecated setup.py egg_info --egg-base ../../build/move_turtle build --build-base /home/kcm/colcon_ws/build/move_turtle/build install --record /home/kcm/colcon_ws/build/move_turtle/install.log --single-version-externally-managed install_data
[4.147s] Level 1:colcon.colcon_core.environment:checking '/home/kcm/colcon_ws/install/move_turtle' for CMake module files
[4.147s] Level 1:colcon.colcon_core.environment:checking '/home/kcm/colcon_ws/install/move_turtle' for CMake config files
[4.153s] Level 1:colcon.colcon_core.environment:checking '/home/kcm/colcon_ws/install/move_turtle/lib'
[4.153s] Level 1:colcon.colcon_core.environment:checking '/home/kcm/colcon_ws/install/move_turtle/bin'
[4.153s] Level 1:colcon.colcon_core.environment:checking '/home/kcm/colcon_ws/install/move_turtle/lib/pkgconfig/move_turtle.pc'
[4.154s] Level 1:colcon.colcon_core.environment:checking '/home/kcm/colcon_ws/install/move_turtle/lib/python3.10/site-packages'
[4.154s] Level 1:colcon.colcon_core.shell:create_environment_hook('move_turtle', 'pythonpath')
[4.154s] INFO:colcon.colcon_core.shell:Creating environment hook '/home/kcm/colcon_ws/install/move_turtle/share/move_turtle/hook/pythonpath.ps1'
[4.165s] INFO:colcon.colcon_core.shell:Creating environment descriptor '/home/kcm/colcon_ws/install/move_turtle/share/move_turtle/hook/pythonpath.dsv'
[4.167s] INFO:colcon.colcon_core.shell:Creating environment hook '/home/kcm/colcon_ws/install/move_turtle/share/move_turtle/hook/pythonpath.sh'
[4.168s] Level 1:colcon.colcon_core.environment:checking '/home/kcm/colcon_ws/install/move_turtle/bin'
[4.168s] Level 1:colcon.colcon_core.environment:create_environment_scripts_only(move_turtle)
[4.169s] INFO:colcon.colcon_core.shell:Creating package script '/home/kcm/colcon_ws/install/move_turtle/share/move_turtle/package.ps1'
[4.170s] INFO:colcon.colcon_core.shell:Creating package descriptor '/home/kcm/colcon_ws/install/move_turtle/share/move_turtle/package.dsv'
[4.171s] INFO:colcon.colcon_core.shell:Creating package script '/home/kcm/colcon_ws/install/move_turtle/share/move_turtle/package.sh'
[4.176s] INFO:colcon.colcon_core.shell:Creating package script '/home/kcm/colcon_ws/install/move_turtle/share/move_turtle/package.bash'
[4.177s] INFO:colcon.colcon_core.shell:Creating package script '/home/kcm/colcon_ws/install/move_turtle/share/move_turtle/package.zsh'
[4.181s] Level 1:colcon.colcon_core.environment:create_file_with_runtime_dependencies(/home/kcm/colcon_ws/install/move_turtle/share/colcon-core/packages/move_turtle)
[4.190s] INFO:colcon.colcon_ros.task.ament_cmake.build:Building ROS package in '/home/kcm/colcon_ws/src/my_interface' with build type 'ament_cmake'
[4.192s] INFO:colcon.colcon_cmake.task.cmake.build:Building CMake package in '/home/kcm/colcon_ws/src/my_interface'
[4.192s] INFO:colcon.colcon_core.shell:Skip shell extension 'powershell' for command environment: Not usable outside of PowerShell
[4.192s] DEBUG:colcon.colcon_core.shell:Skip shell extension 'dsv' for command environment
[4.228s] DEBUG:colcon.colcon_core.event_handler.log_command:Invoking command in '/home/kcm/colcon_ws/build/my_interface': CMAKE_PREFIX_PATH=/home/kcm/colcon_ws/install/my_pkg:/home/kcm/colcon_ws/install/move_turtle:/home/kcm/ros2_ws/install/py_srvcli:/home/kcm/ros2_ws/install/py_pubsub:/home/kcm/ros2_ws/install/py_ps:/home/kcm/ros2_ws/install/my_package:/opt/ros/humble /usr/bin/cmake /home/kcm/colcon_ws/src/my_interface -DCMAKE_INSTALL_PREFIX=/home/kcm/colcon_ws/install/my_interface
[5.417s] DEBUG:colcon.colcon_core.event_handler.log_command:Invoked command in '/home/kcm/colcon_ws/build/my_interface' returned '1': CMAKE_PREFIX_PATH=/home/kcm/colcon_ws/install/my_pkg:/home/kcm/colcon_ws/install/move_turtle:/home/kcm/ros2_ws/install/py_srvcli:/home/kcm/ros2_ws/install/py_pubsub:/home/kcm/ros2_ws/install/py_ps:/home/kcm/ros2_ws/install/my_package:/opt/ros/humble /usr/bin/cmake /home/kcm/colcon_ws/src/my_interface -DCMAKE_INSTALL_PREFIX=/home/kcm/colcon_ws/install/my_interface
[5.431s] Level 1:colcon.colcon_core.environment:create_environment_scripts_only(my_interface)
[5.432s] Level 1:colcon.colcon_core.environment:checking '/home/kcm/colcon_ws/install/my_interface' for CMake module files
[5.432s] Level 1:colcon.colcon_core.environment:checking '/home/kcm/colcon_ws/install/my_interface' for CMake config files
[5.433s] Level 1:colcon.colcon_core.environment:checking '/home/kcm/colcon_ws/install/my_interface/bin'
[5.433s] Level 1:colcon.colcon_core.environment:checking '/home/kcm/colcon_ws/install/my_interface/lib/pkgconfig/my_interface.pc'
[5.433s] Level 1:colcon.colcon_core.environment:checking '/home/kcm/colcon_ws/install/my_interface/lib/python3.10/site-packages'
[5.434s] Level 1:colcon.colcon_core.environment:checking '/home/kcm/colcon_ws/install/my_interface/bin'
[5.434s] INFO:colcon.colcon_core.shell:Creating package script '/home/kcm/colcon_ws/install/my_interface/share/my_interface/package.ps1'
[5.435s] INFO:colcon.colcon_core.shell:Creating package descriptor '/home/kcm/colcon_ws/install/my_interface/share/my_interface/package.dsv'
[5.435s] INFO:colcon.colcon_core.shell:Creating package script '/home/kcm/colcon_ws/install/my_interface/share/my_interface/package.sh'
[5.436s] INFO:colcon.colcon_core.shell:Creating package script '/home/kcm/colcon_ws/install/my_interface/share/my_interface/package.bash'
[5.437s] INFO:colcon.colcon_core.shell:Creating package script '/home/kcm/colcon_ws/install/my_interface/share/my_interface/package.zsh'
[5.438s] Level 1:colcon.colcon_core.environment:create_file_with_runtime_dependencies(/home/kcm/colcon_ws/install/my_interface/share/colcon-core/packages/my_interface)
[5.441s] DEBUG:colcon.colcon_parallel_executor.executor.parallel:closing loop
[5.441s] DEBUG:colcon.colcon_parallel_executor.executor.parallel:loop closed
[5.441s] DEBUG:colcon.colcon_parallel_executor.executor.parallel:run_until_complete finished with '1'
[5.441s] DEBUG:colcon.colcon_core.event_reactor:joining thread
[5.455s] INFO:colcon.colcon_core.plugin_system:Skipping extension 'colcon_notification.desktop_notification.terminal_notifier': Not used on non-Darwin systems
[5.455s] INFO:colcon.colcon_core.plugin_system:Skipping extension 'colcon_notification.desktop_notification.win32': Not used on non-Windows systems
[5.455s] INFO:colcon.colcon_notification.desktop_notification:Sending desktop notification using 'notify2'
[5.482s] DEBUG:colcon.colcon_core.event_reactor:joined thread
[5.483s] INFO:colcon.colcon_core.shell:Creating prefix script '/home/kcm/colcon_ws/install/local_setup.ps1'
[5.484s] INFO:colcon.colcon_core.shell:Creating prefix util module '/home/kcm/colcon_ws/install/_local_setup_util_ps1.py'
[5.489s] INFO:colcon.colcon_core.shell:Creating prefix chain script '/home/kcm/colcon_ws/install/setup.ps1'
[5.494s] INFO:colcon.colcon_core.shell:Creating prefix script '/home/kcm/colcon_ws/install/local_setup.sh'
[5.495s] INFO:colcon.colcon_core.shell:Creating prefix util module '/home/kcm/colcon_ws/install/_local_setup_util_sh.py'
[5.496s] INFO:colcon.colcon_core.shell:Creating prefix chain script '/home/kcm/colcon_ws/install/setup.sh'
[5.499s] INFO:colcon.colcon_core.shell:Creating prefix script '/home/kcm/colcon_ws/install/local_setup.bash'
[5.509s] INFO:colcon.colcon_core.shell:Creating prefix chain script '/home/kcm/colcon_ws/install/setup.bash'
[5.511s] INFO:colcon.colcon_core.shell:Creating prefix script '/home/kcm/colcon_ws/install/local_setup.zsh'
[5.512s] INFO:colcon.colcon_core.shell:Creating prefix chain script '/home/kcm/colcon_ws/install/setup.zsh'
