[1.876s] Invoking command in '/home/kcm/colcon_ws/src/move_turtle_ago': PYTHONPATH=/home/kcm/colcon_ws/build/move_turtle/prefix_override:/home/kcm/colcon_ws/install/move_turtle/lib/python3.10/site-packages:${PYTHONPATH} /usr/bin/python3 -W ignore:setup.py install is deprecated setup.py egg_info --egg-base ../../build/move_turtle build --build-base /home/kcm/colcon_ws/build/move_turtle/build install --record /home/kcm/colcon_ws/build/move_turtle/install.log --single-version-externally-managed install_data
[2.420s] running egg_info
[2.422s] writing ../../build/move_turtle/move_turtle.egg-info/PKG-INFO
[2.434s] writing dependency_links to ../../build/move_turtle/move_turtle.egg-info/dependency_links.txt
[2.436s] writing entry points to ../../build/move_turtle/move_turtle.egg-info/entry_points.txt
[2.437s] writing requirements to ../../build/move_turtle/move_turtle.egg-info/requires.txt
[2.439s] writing top-level names to ../../build/move_turtle/move_turtle.egg-info/top_level.txt
[2.445s] reading manifest file '../../build/move_turtle/move_turtle.egg-info/SOURCES.txt'
[2.447s] writing manifest file '../../build/move_turtle/move_turtle.egg-info/SOURCES.txt'
[2.465s] running build
[2.465s] running build_py
[2.466s] copying move_turtle/random_move.py -> /home/kcm/colcon_ws/build/move_turtle/build/lib/move_turtle
[2.474s] running install
[2.474s] running install_lib
[2.475s] copying /home/kcm/colcon_ws/build/move_turtle/build/lib/move_turtle/random_move.py -> /home/kcm/colcon_ws/install/move_turtle/lib/python3.10/site-packages/move_turtle
[2.476s] byte-compiling /home/kcm/colcon_ws/install/move_turtle/lib/python3.10/site-packages/move_turtle/random_move.py to random_move.cpython-310.pyc
[2.478s] running install_data
[2.479s] running install_egg_info
[2.482s] removing '/home/kcm/colcon_ws/install/move_turtle/lib/python3.10/site-packages/move_turtle-0.0.0-py3.10.egg-info' (and everything under it)
[2.489s] Copying ../../build/move_turtle/move_turtle.egg-info to /home/kcm/colcon_ws/install/move_turtle/lib/python3.10/site-packages/move_turtle-0.0.0-py3.10.egg-info
[2.499s] running install_scripts
[2.526s] writing list of installed files to '/home/kcm/colcon_ws/build/move_turtle/install.log'
[2.556s] Invoked command in '/home/kcm/colcon_ws/src/move_turtle_ago' returned '0': PYTHONPATH=/home/kcm/colcon_ws/build/move_turtle/prefix_override:/home/kcm/colcon_ws/install/move_turtle/lib/python3.10/site-packages:${PYTHONPATH} /usr/bin/python3 -W ignore:setup.py install is deprecated setup.py egg_info --egg-base ../../build/move_turtle build --build-base /home/kcm/colcon_ws/build/move_turtle/build install --record /home/kcm/colcon_ws/build/move_turtle/install.log --single-version-externally-managed install_data
