[1.310s] Invoking command in '/home/kcm/colcon_ws/src/move_turtle': PYTHONPATH=/home/kcm/colcon_ws/build/move_turtle/prefix_override:/home/kcm/colcon_ws/install/move_turtle/lib/python3.10/site-packages:${PYTHONPATH} /usr/bin/python3 -W ignore:setup.py install is deprecated setup.py egg_info --egg-base ../../build/move_turtle build --build-base /home/kcm/colcon_ws/build/move_turtle/build install --record /home/kcm/colcon_ws/build/move_turtle/install.log --single-version-externally-managed install_data
[1.950s] running egg_info
[1.952s] writing ../../build/move_turtle/move_turtle.egg-info/PKG-INFO
[1.953s] writing dependency_links to ../../build/move_turtle/move_turtle.egg-info/dependency_links.txt
[1.954s] writing entry points to ../../build/move_turtle/move_turtle.egg-info/entry_points.txt
[1.956s] writing requirements to ../../build/move_turtle/move_turtle.egg-info/requires.txt
[1.957s] writing top-level names to ../../build/move_turtle/move_turtle.egg-info/top_level.txt
[1.961s] reading manifest file '../../build/move_turtle/move_turtle.egg-info/SOURCES.txt'
[1.961s] writing manifest file '../../build/move_turtle/move_turtle.egg-info/SOURCES.txt'
[1.962s] running build
[1.962s] running build_py
[1.972s] running install
[1.973s] running install_lib
[1.975s] running install_data
[1.975s] running install_egg_info
[1.977s] removing '/home/kcm/colcon_ws/install/move_turtle/lib/python3.10/site-packages/move_turtle-0.0.0-py3.10.egg-info' (and everything under it)
[1.980s] Copying ../../build/move_turtle/move_turtle.egg-info to /home/kcm/colcon_ws/install/move_turtle/lib/python3.10/site-packages/move_turtle-0.0.0-py3.10.egg-info
[1.983s] running install_scripts
[2.018s] Installing mturtle script to /home/kcm/colcon_ws/install/move_turtle/lib/move_turtle
[2.019s] writing list of installed files to '/home/kcm/colcon_ws/build/move_turtle/install.log'
[2.064s] Invoked command in '/home/kcm/colcon_ws/src/move_turtle' returned '0': PYTHONPATH=/home/kcm/colcon_ws/build/move_turtle/prefix_override:/home/kcm/colcon_ws/install/move_turtle/lib/python3.10/site-packages:${PYTHONPATH} /usr/bin/python3 -W ignore:setup.py install is deprecated setup.py egg_info --egg-base ../../build/move_turtle build --build-base /home/kcm/colcon_ws/build/move_turtle/build install --record /home/kcm/colcon_ws/build/move_turtle/install.log --single-version-externally-managed install_data
