[0.857s] Invoking command in '/home/kcm/colcon_ws/src/my_pkg': PYTHONPATH=/home/kcm/colcon_ws/build/my_pkg/prefix_override:/home/kcm/colcon_ws/install/my_pkg/lib/python3.10/site-packages:${PYTHONPATH} /usr/bin/python3 -W ignore:setup.py install is deprecated setup.py egg_info --egg-base ../../build/my_pkg build --build-base /home/kcm/colcon_ws/build/my_pkg/build install --record /home/kcm/colcon_ws/build/my_pkg/install.log --single-version-externally-managed install_data
[1.191s] running egg_info
[1.193s] writing ../../build/my_pkg/my_pkg.egg-info/PKG-INFO
[1.195s] writing dependency_links to ../../build/my_pkg/my_pkg.egg-info/dependency_links.txt
[1.196s] writing entry points to ../../build/my_pkg/my_pkg.egg-info/entry_points.txt
[1.197s] writing requirements to ../../build/my_pkg/my_pkg.egg-info/requires.txt
[1.199s] writing top-level names to ../../build/my_pkg/my_pkg.egg-info/top_level.txt
[1.202s] reading manifest file '../../build/my_pkg/my_pkg.egg-info/SOURCES.txt'
[1.203s] writing manifest file '../../build/my_pkg/my_pkg.egg-info/SOURCES.txt'
[1.205s] running build
[1.205s] running build_py
[1.206s] copying my_pkg/simple_myinterface_pub.py -> /home/kcm/colcon_ws/build/my_pkg/build/lib/my_pkg
[1.208s] running install
[1.209s] running install_lib
[1.211s] copying /home/kcm/colcon_ws/build/my_pkg/build/lib/my_pkg/simple_myinterface_pub.py -> /home/kcm/colcon_ws/install/my_pkg/lib/python3.10/site-packages/my_pkg
[1.213s] byte-compiling /home/kcm/colcon_ws/install/my_pkg/lib/python3.10/site-packages/my_pkg/simple_myinterface_pub.py to simple_myinterface_pub.cpython-310.pyc
[1.217s] running install_data
[1.218s] running install_egg_info
[1.221s] removing '/home/kcm/colcon_ws/install/my_pkg/lib/python3.10/site-packages/my_pkg-0.0.0-py3.10.egg-info' (and everything under it)
[1.229s] Copying ../../build/my_pkg/my_pkg.egg-info to /home/kcm/colcon_ws/install/my_pkg/lib/python3.10/site-packages/my_pkg-0.0.0-py3.10.egg-info
[1.232s] running install_scripts
[1.274s] Installing mpub script to /home/kcm/colcon_ws/install/my_pkg/lib/my_pkg
[1.277s] Installing myinterfacepub script to /home/kcm/colcon_ws/install/my_pkg/lib/my_pkg
[1.279s] writing list of installed files to '/home/kcm/colcon_ws/build/my_pkg/install.log'
[1.306s] Invoked command in '/home/kcm/colcon_ws/src/my_pkg' returned '0': PYTHONPATH=/home/kcm/colcon_ws/build/my_pkg/prefix_override:/home/kcm/colcon_ws/install/my_pkg/lib/python3.10/site-packages:${PYTHONPATH} /usr/bin/python3 -W ignore:setup.py install is deprecated setup.py egg_info --egg-base ../../build/my_pkg build --build-base /home/kcm/colcon_ws/build/my_pkg/build install --record /home/kcm/colcon_ws/build/my_pkg/install.log --single-version-externally-managed install_data
