[0.968s] Invoking command in '/home/kcm/colcon_ws/src/my_pkg': PYTHONPATH=/home/kcm/colcon_ws/build/my_pkg/prefix_override:/home/kcm/colcon_ws/install/my_pkg/lib/python3.10/site-packages:${PYTHONPATH} /usr/bin/python3 -W ignore:setup.py install is deprecated setup.py egg_info --egg-base ../../build/my_pkg build --build-base /home/kcm/colcon_ws/build/my_pkg/build install --record /home/kcm/colcon_ws/build/my_pkg/install.log --single-version-externally-managed install_data
[1.225s] running egg_info
[1.226s] writing ../../build/my_pkg/my_pkg.egg-info/PKG-INFO
[1.228s] writing dependency_links to ../../build/my_pkg/my_pkg.egg-info/dependency_links.txt
[1.228s] writing entry points to ../../build/my_pkg/my_pkg.egg-info/entry_points.txt
[1.229s] writing requirements to ../../build/my_pkg/my_pkg.egg-info/requires.txt
[1.230s] writing top-level names to ../../build/my_pkg/my_pkg.egg-info/top_level.txt
[1.233s] reading manifest file '../../build/my_pkg/my_pkg.egg-info/SOURCES.txt'
[1.235s] writing manifest file '../../build/my_pkg/my_pkg.egg-info/SOURCES.txt'
[1.236s] running build
[1.237s] running build_py
[1.238s] running install
[1.239s] running install_lib
[1.242s] running install_data
[1.243s] copying package.xml -> /home/kcm/colcon_ws/install/my_pkg/share/my_pkg
[1.244s] running install_egg_info
[1.247s] removing '/home/kcm/colcon_ws/install/my_pkg/lib/python3.10/site-packages/my_pkg-0.0.0-py3.10.egg-info' (and everything under it)
[1.254s] Copying ../../build/my_pkg/my_pkg.egg-info to /home/kcm/colcon_ws/install/my_pkg/lib/python3.10/site-packages/my_pkg-0.0.0-py3.10.egg-info
[1.258s] running install_scripts
[1.276s] Installing mpub script to /home/kcm/colcon_ws/install/my_pkg/lib/my_pkg
[1.277s] writing list of installed files to '/home/kcm/colcon_ws/build/my_pkg/install.log'
[1.296s] Invoked command in '/home/kcm/colcon_ws/src/my_pkg' returned '0': PYTHONPATH=/home/kcm/colcon_ws/build/my_pkg/prefix_override:/home/kcm/colcon_ws/install/my_pkg/lib/python3.10/site-packages:${PYTHONPATH} /usr/bin/python3 -W ignore:setup.py install is deprecated setup.py egg_info --egg-base ../../build/my_pkg build --build-base /home/kcm/colcon_ws/build/my_pkg/build install --record /home/kcm/colcon_ws/build/my_pkg/install.log --single-version-externally-managed install_data
