[2.272s] Invoking command in '/home/kcm/colcon_ws/src/move_turtle': PYTHONPATH=/home/kcm/colcon_ws/build/move_turtle/prefix_override:/home/kcm/colcon_ws/install/move_turtle/lib/python3.10/site-packages:${PYTHONPATH} /usr/bin/python3 -W ignore:setup.py install is deprecated setup.py egg_info --egg-base ../../build/move_turtle build --build-base /home/kcm/colcon_ws/build/move_turtle/build install --record /home/kcm/colcon_ws/build/move_turtle/install.log --single-version-externally-managed install_data
[2.974s] running egg_info
[2.978s] writing ../../build/move_turtle/move_turtle.egg-info/PKG-INFO
[2.980s] writing dependency_links to ../../build/move_turtle/move_turtle.egg-info/dependency_links.txt
[2.981s] writing entry points to ../../build/move_turtle/move_turtle.egg-info/entry_points.txt
[2.983s] writing requirements to ../../build/move_turtle/move_turtle.egg-info/requires.txt
[2.986s] writing top-level names to ../../build/move_turtle/move_turtle.egg-info/top_level.txt
[2.992s] reading manifest file '../../build/move_turtle/move_turtle.egg-info/SOURCES.txt'
[2.994s] writing manifest file '../../build/move_turtle/move_turtle.egg-info/SOURCES.txt'
[2.996s] running build
[2.997s] running build_py
[2.999s] running install
[3.000s] running install_lib
[3.003s] running install_data
[3.004s] running install_egg_info
[3.007s] removing '/home/kcm/colcon_ws/install/move_turtle/lib/python3.10/site-packages/move_turtle-0.0.0-py3.10.egg-info' (and everything under it)
[3.015s] Copying ../../build/move_turtle/move_turtle.egg-info to /home/kcm/colcon_ws/install/move_turtle/lib/python3.10/site-packages/move_turtle-0.0.0-py3.10.egg-info
[3.017s] running install_scripts
[3.074s] Installing mturtle script to /home/kcm/colcon_ws/install/move_turtle/lib/move_turtle
[3.081s] writing list of installed files to '/home/kcm/colcon_ws/build/move_turtle/install.log'
[3.143s] Invoked command in '/home/kcm/colcon_ws/src/move_turtle' returned '0': PYTHONPATH=/home/kcm/colcon_ws/build/move_turtle/prefix_override:/home/kcm/colcon_ws/install/move_turtle/lib/python3.10/site-packages:${PYTHONPATH} /usr/bin/python3 -W ignore:setup.py install is deprecated setup.py egg_info --egg-base ../../build/move_turtle build --build-base /home/kcm/colcon_ws/build/move_turtle/build install --record /home/kcm/colcon_ws/build/move_turtle/install.log --single-version-externally-managed install_data
