[1.204s] Invoking command in '/home/kcm/colcon_ws/src/my_pkg': PYTHONPATH=/home/kcm/colcon_ws/build/my_pkg/prefix_override:/home/kcm/colcon_ws/install/my_pkg/lib/python3.10/site-packages:${PYTHONPATH} /usr/bin/python3 -W ignore:setup.py install is deprecated setup.py egg_info --egg-base ../../build/my_pkg build --build-base /home/kcm/colcon_ws/build/my_pkg/build install --record /home/kcm/colcon_ws/build/my_pkg/install.log --single-version-externally-managed install_data
[1.505s] running egg_info
[1.506s] creating ../../build/my_pkg/my_pkg.egg-info
[1.507s] writing ../../build/my_pkg/my_pkg.egg-info/PKG-INFO
[1.507s] writing dependency_links to ../../build/my_pkg/my_pkg.egg-info/dependency_links.txt
[1.508s] writing entry points to ../../build/my_pkg/my_pkg.egg-info/entry_points.txt
[1.508s] writing requirements to ../../build/my_pkg/my_pkg.egg-info/requires.txt
[1.508s] writing top-level names to ../../build/my_pkg/my_pkg.egg-info/top_level.txt
[1.508s] writing manifest file '../../build/my_pkg/my_pkg.egg-info/SOURCES.txt'
[1.511s] reading manifest file '../../build/my_pkg/my_pkg.egg-info/SOURCES.txt'
[1.513s] writing manifest file '../../build/my_pkg/my_pkg.egg-info/SOURCES.txt'
[1.514s] running build
[1.514s] running build_py
[1.514s] creating /home/kcm/colcon_ws/build/my_pkg/build
[1.515s] creating /home/kcm/colcon_ws/build/my_pkg/build/lib
[1.515s] creating /home/kcm/colcon_ws/build/my_pkg/build/lib/my_pkg
[1.515s] copying my_pkg/__init__.py -> /home/kcm/colcon_ws/build/my_pkg/build/lib/my_pkg
[1.515s] running install
[1.516s] running install_lib
[1.517s] creating /home/kcm/colcon_ws/install/my_pkg/lib/python3.10/site-packages/my_pkg
[1.517s] copying /home/kcm/colcon_ws/build/my_pkg/build/lib/my_pkg/__init__.py -> /home/kcm/colcon_ws/install/my_pkg/lib/python3.10/site-packages/my_pkg
[1.518s] byte-compiling /home/kcm/colcon_ws/install/my_pkg/lib/python3.10/site-packages/my_pkg/__init__.py to __init__.cpython-310.pyc
[1.518s] running install_data
[1.519s] creating /home/kcm/colcon_ws/install/my_pkg/share/ament_index
[1.519s] creating /home/kcm/colcon_ws/install/my_pkg/share/ament_index/resource_index
[1.519s] creating /home/kcm/colcon_ws/install/my_pkg/share/ament_index/resource_index/packages
[1.519s] copying resource/my_pkg -> /home/kcm/colcon_ws/install/my_pkg/share/ament_index/resource_index/packages
[1.519s] copying package.xml -> /home/kcm/colcon_ws/install/my_pkg/share/my_pkg
[1.520s] running install_egg_info
[1.522s] Copying ../../build/my_pkg/my_pkg.egg-info to /home/kcm/colcon_ws/install/my_pkg/lib/python3.10/site-packages/my_pkg-0.0.0-py3.10.egg-info
[1.523s] running install_scripts
[1.550s] writing list of installed files to '/home/kcm/colcon_ws/build/my_pkg/install.log'
[1.592s] Invoked command in '/home/kcm/colcon_ws/src/my_pkg' returned '0': PYTHONPATH=/home/kcm/colcon_ws/build/my_pkg/prefix_override:/home/kcm/colcon_ws/install/my_pkg/lib/python3.10/site-packages:${PYTHONPATH} /usr/bin/python3 -W ignore:setup.py install is deprecated setup.py egg_info --egg-base ../../build/my_pkg build --build-base /home/kcm/colcon_ws/build/my_pkg/build install --record /home/kcm/colcon_ws/build/my_pkg/install.log --single-version-externally-managed install_data
