[1.716s] Invoking command in '/home/kcm/colcon_ws/src/my_pkg': PYTHONPATH=/home/kcm/colcon_ws/build/my_pkg/prefix_override:/home/kcm/colcon_ws/install/my_pkg/lib/python3.10/site-packages:${PYTHONPATH} /usr/bin/python3 -W ignore:setup.py install is deprecated setup.py egg_info --egg-base ../../build/my_pkg build --build-base /home/kcm/colcon_ws/build/my_pkg/build install --record /home/kcm/colcon_ws/build/my_pkg/install.log --single-version-externally-managed install_data
[2.586s] running egg_info
[2.588s] writing ../../build/my_pkg/my_pkg.egg-info/PKG-INFO
[2.590s] writing dependency_links to ../../build/my_pkg/my_pkg.egg-info/dependency_links.txt
[2.591s] writing entry points to ../../build/my_pkg/my_pkg.egg-info/entry_points.txt
[2.592s] writing requirements to ../../build/my_pkg/my_pkg.egg-info/requires.txt
[2.593s] writing top-level names to ../../build/my_pkg/my_pkg.egg-info/top_level.txt
[2.596s] reading manifest file '../../build/my_pkg/my_pkg.egg-info/SOURCES.txt'
[2.598s] writing manifest file '../../build/my_pkg/my_pkg.egg-info/SOURCES.txt'
[2.599s] running build
[2.599s] running build_py
[2.600s] running install
[2.601s] running install_lib
[2.604s] running install_data
[2.605s] running install_egg_info
[2.617s] removing '/home/kcm/colcon_ws/install/my_pkg/lib/python3.10/site-packages/my_pkg-0.0.0-py3.10.egg-info' (and everything under it)
[2.625s] Copying ../../build/my_pkg/my_pkg.egg-info to /home/kcm/colcon_ws/install/my_pkg/lib/python3.10/site-packages/my_pkg-0.0.0-py3.10.egg-info
[2.627s] running install_scripts
[2.686s] Installing mpub script to /home/kcm/colcon_ws/install/my_pkg/lib/my_pkg
[2.699s] writing list of installed files to '/home/kcm/colcon_ws/build/my_pkg/install.log'
[2.770s] Invoked command in '/home/kcm/colcon_ws/src/my_pkg' returned '0': PYTHONPATH=/home/kcm/colcon_ws/build/my_pkg/prefix_override:/home/kcm/colcon_ws/install/my_pkg/lib/python3.10/site-packages:${PYTHONPATH} /usr/bin/python3 -W ignore:setup.py install is deprecated setup.py egg_info --egg-base ../../build/my_pkg build --build-base /home/kcm/colcon_ws/build/my_pkg/build install --record /home/kcm/colcon_ws/build/my_pkg/install.log --single-version-externally-managed install_data
