[0.154s] DEBUG:colcon:Command line arguments: ['/usr/bin/colcon', 'build']
[0.154s] DEBUG:colcon:Parsed command line arguments: Namespace(log_base=None, log_level=None, verb_name='build', build_base='build', install_base='install', merge_install=False, symlink_install=False, test_result_base=None, continue_on_error=False, executor='parallel', parallel_workers=1, event_handlers=None, ignore_user_meta=False, metas=['./colcon.meta'], base_paths=['.'], packages_ignore=None, packages_ignore_regex=None, paths=None, packages_up_to=None, packages_up_to_regex=None, packages_above=None, packages_above_and_dependencies=None, packages_above_depth=None, packages_select_by_dep=None, packages_skip_by_dep=None, packages_skip_up_to=None, packages_select_build_failed=False, packages_skip_build_finished=False, packages_select_test_failures=False, packages_skip_test_passed=False, packages_select=None, packages_skip=None, packages_select_regex=None, packages_skip_regex=None, packages_start=None, packages_end=None, allow_overriding=[], cmake_args=None, cmake_target=None, cmake_target_skip_unavailable=False, cmake_clean_cache=False, cmake_clean_first=False, cmake_force_configure=False, ament_cmake_args=None, catkin_cmake_args=None, catkin_skip_building_tests=False, mixin_files=None, mixin=None, verb_parser=<colcon_mixin.mixin.mixin_argument.MixinArgumentDecorator object at 0x76dde2fe8d00>, verb_extension=<colcon_core.verb.build.BuildVerb object at 0x76dde30dd510>, main=<bound method BuildVerb.main of <colcon_core.verb.build.BuildVerb object at 0x76dde30dd510>>, mixin_verb=('build',))
[0.493s] Level 1:colcon.colcon_core.package_discovery:discover_packages(colcon_meta) check parameters
[0.498s] Level 1:colcon.colcon_core.package_discovery:discover_packages(recursive) check parameters
[0.498s] Level 1:colcon.colcon_core.package_discovery:discover_packages(ignore) check parameters
[0.498s] Level 1:colcon.colcon_core.package_discovery:discover_packages(path) check parameters
[0.498s] Level 1:colcon.colcon_core.package_discovery:discover_packages(colcon_meta) discover
[0.499s] Level 1:colcon.colcon_core.package_discovery:discover_packages(recursive) discover
[0.499s] INFO:colcon.colcon_core.package_discovery:Crawling recursively for packages in '/home/kcm/colcon_ws'
[0.499s] Level 1:colcon.colcon_core.package_identification:_identify(.) by extensions ['ignore', 'ignore_ament_install']
[0.499s] Level 1:colcon.colcon_core.package_identification:_identify(.) by extension 'ignore'
[0.499s] Level 1:colcon.colcon_core.package_identification:_identify(.) by extension 'ignore_ament_install'
[0.499s] Level 1:colcon.colcon_core.package_identification:_identify(.) by extensions ['colcon_pkg']
[0.500s] Level 1:colcon.colcon_core.package_identification:_identify(.) by extension 'colcon_pkg'
[0.500s] Level 1:colcon.colcon_core.package_identification:_identify(.) by extensions ['colcon_meta']
[0.500s] Level 1:colcon.colcon_core.package_identification:_identify(.) by extension 'colcon_meta'
[0.500s] Level 1:colcon.colcon_core.package_identification:_identify(.) by extensions ['ros']
[0.500s] Level 1:colcon.colcon_core.package_identification:_identify(.) by extension 'ros'
[0.540s] Level 1:colcon.colcon_core.package_identification:_identify(.) by extensions ['cmake', 'python']
[0.541s] Level 1:colcon.colcon_core.package_identification:_identify(.) by extension 'cmake'
[0.542s] Level 1:colcon.colcon_core.package_identification:_identify(.) by extension 'python'
[0.542s] Level 1:colcon.colcon_core.package_identification:_identify(.) by extensions ['python_setup_py']
[0.542s] Level 1:colcon.colcon_core.package_identification:_identify(.) by extension 'python_setup_py'
[0.543s] Level 1:colcon.colcon_core.package_identification:_identify(build) by extensions ['ignore', 'ignore_ament_install']
[0.543s] Level 1:colcon.colcon_core.package_identification:_identify(build) by extension 'ignore'
[0.543s] Level 1:colcon.colcon_core.package_identification:_identify(build) ignored
[0.544s] Level 1:colcon.colcon_core.package_identification:_identify(install) by extensions ['ignore', 'ignore_ament_install']
[0.544s] Level 1:colcon.colcon_core.package_identification:_identify(install) by extension 'ignore'
[0.544s] Level 1:colcon.colcon_core.package_identification:_identify(install) ignored
[0.545s] Level 1:colcon.colcon_core.package_identification:_identify(log) by extensions ['ignore', 'ignore_ament_install']
[0.545s] Level 1:colcon.colcon_core.package_identification:_identify(log) by extension 'ignore'
[0.545s] Level 1:colcon.colcon_core.package_identification:_identify(log) ignored
[0.546s] Level 1:colcon.colcon_core.package_identification:_identify(src) by extensions ['ignore', 'ignore_ament_install']
[0.546s] Level 1:colcon.colcon_core.package_identification:_identify(src) by extension 'ignore'
[0.546s] Level 1:colcon.colcon_core.package_identification:_identify(src) by extension 'ignore_ament_install'
[0.546s] Level 1:colcon.colcon_core.package_identification:_identify(src) by extensions ['colcon_pkg']
[0.546s] Level 1:colcon.colcon_core.package_identification:_identify(src) by extension 'colcon_pkg'
[0.547s] Level 1:colcon.colcon_core.package_identification:_identify(src) by extensions ['colcon_meta']
[0.547s] Level 1:colcon.colcon_core.package_identification:_identify(src) by extension 'colcon_meta'
[0.548s] Level 1:colcon.colcon_core.package_identification:_identify(src) by extensions ['ros']
[0.548s] Level 1:colcon.colcon_core.package_identification:_identify(src) by extension 'ros'
[0.548s] Level 1:colcon.colcon_core.package_identification:_identify(src) by extensions ['cmake', 'python']
[0.548s] Level 1:colcon.colcon_core.package_identification:_identify(src) by extension 'cmake'
[0.548s] Level 1:colcon.colcon_core.package_identification:_identify(src) by extension 'python'
[0.549s] Level 1:colcon.colcon_core.package_identification:_identify(src) by extensions ['python_setup_py']
[0.549s] Level 1:colcon.colcon_core.package_identification:_identify(src) by extension 'python_setup_py'
[0.549s] Level 1:colcon.colcon_core.package_identification:_identify(src/hello_ros2) by extensions ['ignore', 'ignore_ament_install']
[0.549s] Level 1:colcon.colcon_core.package_identification:_identify(src/hello_ros2) by extension 'ignore'
[0.549s] Level 1:colcon.colcon_core.package_identification:_identify(src/hello_ros2) by extension 'ignore_ament_install'
[0.550s] Level 1:colcon.colcon_core.package_identification:_identify(src/hello_ros2) by extensions ['colcon_pkg']
[0.550s] Level 1:colcon.colcon_core.package_identification:_identify(src/hello_ros2) by extension 'colcon_pkg'
[0.550s] Level 1:colcon.colcon_core.package_identification:_identify(src/hello_ros2) by extensions ['colcon_meta']
[0.550s] Level 1:colcon.colcon_core.package_identification:_identify(src/hello_ros2) by extension 'colcon_meta'
[0.550s] Level 1:colcon.colcon_core.package_identification:_identify(src/hello_ros2) by extensions ['ros']
[0.550s] Level 1:colcon.colcon_core.package_identification:_identify(src/hello_ros2) by extension 'ros'
[0.550s] Level 1:colcon.colcon_core.package_identification:_identify(src/hello_ros2) by extensions ['cmake', 'python']
[0.551s] Level 1:colcon.colcon_core.package_identification:_identify(src/hello_ros2) by extension 'cmake'
[0.551s] Level 1:colcon.colcon_core.package_identification:_identify(src/hello_ros2) by extension 'python'
[0.551s] Level 1:colcon.colcon_core.package_identification:_identify(src/hello_ros2) by extensions ['python_setup_py']
[0.551s] Level 1:colcon.colcon_core.package_identification:_identify(src/hello_ros2) by extension 'python_setup_py'
[0.551s] Level 1:colcon.colcon_core.package_identification:_identify(src/hello_ros2/hello_ros2) by extensions ['ignore', 'ignore_ament_install']
[0.552s] Level 1:colcon.colcon_core.package_identification:_identify(src/hello_ros2/hello_ros2) by extension 'ignore'
[0.552s] Level 1:colcon.colcon_core.package_identification:_identify(src/hello_ros2/hello_ros2) by extension 'ignore_ament_install'
[0.552s] Level 1:colcon.colcon_core.package_identification:_identify(src/hello_ros2/hello_ros2) by extensions ['colcon_pkg']
[0.552s] Level 1:colcon.colcon_core.package_identification:_identify(src/hello_ros2/hello_ros2) by extension 'colcon_pkg'
[0.552s] Level 1:colcon.colcon_core.package_identification:_identify(src/hello_ros2/hello_ros2) by extensions ['colcon_meta']
[0.552s] Level 1:colcon.colcon_core.package_identification:_identify(src/hello_ros2/hello_ros2) by extension 'colcon_meta'
[0.552s] Level 1:colcon.colcon_core.package_identification:_identify(src/hello_ros2/hello_ros2) by extensions ['ros']
[0.552s] Level 1:colcon.colcon_core.package_identification:_identify(src/hello_ros2/hello_ros2) by extension 'ros'
[0.553s] Level 1:colcon.colcon_core.package_identification:_identify(src/hello_ros2/hello_ros2) by extensions ['cmake', 'python']
[0.553s] Level 1:colcon.colcon_core.package_identification:_identify(src/hello_ros2/hello_ros2) by extension 'cmake'
[0.553s] Level 1:colcon.colcon_core.package_identification:_identify(src/hello_ros2/hello_ros2) by extension 'python'
[0.553s] Level 1:colcon.colcon_core.package_identification:_identify(src/hello_ros2/hello_ros2) by extensions ['python_setup_py']
[0.553s] Level 1:colcon.colcon_core.package_identification:_identify(src/hello_ros2/hello_ros2) by extension 'python_setup_py'
[0.553s] Level 1:colcon.colcon_core.package_identification:_identify(src/move_turtle) by extensions ['ignore', 'ignore_ament_install']
[0.554s] Level 1:colcon.colcon_core.package_identification:_identify(src/move_turtle) by extension 'ignore'
[0.554s] Level 1:colcon.colcon_core.package_identification:_identify(src/move_turtle) by extension 'ignore_ament_install'
[0.554s] Level 1:colcon.colcon_core.package_identification:_identify(src/move_turtle) by extensions ['colcon_pkg']
[0.554s] Level 1:colcon.colcon_core.package_identification:_identify(src/move_turtle) by extension 'colcon_pkg'
[0.554s] Level 1:colcon.colcon_core.package_identification:_identify(src/move_turtle) by extensions ['colcon_meta']
[0.554s] Level 1:colcon.colcon_core.package_identification:_identify(src/move_turtle) by extension 'colcon_meta'
[0.554s] Level 1:colcon.colcon_core.package_identification:_identify(src/move_turtle) by extensions ['ros']
[0.554s] Level 1:colcon.colcon_core.package_identification:_identify(src/move_turtle) by extension 'ros'
[0.559s] DEBUG:colcon.colcon_core.package_identification:Package 'src/move_turtle' with type 'ros.ament_python' and name 'move_turtle'
[0.560s] Level 1:colcon.colcon_core.package_identification:_identify(src/my_interface) by extensions ['ignore', 'ignore_ament_install']
[0.560s] Level 1:colcon.colcon_core.package_identification:_identify(src/my_interface) by extension 'ignore'
[0.560s] Level 1:colcon.colcon_core.package_identification:_identify(src/my_interface) by extension 'ignore_ament_install'
[0.560s] Level 1:colcon.colcon_core.package_identification:_identify(src/my_interface) by extensions ['colcon_pkg']
[0.560s] Level 1:colcon.colcon_core.package_identification:_identify(src/my_interface) by extension 'colcon_pkg'
[0.560s] Level 1:colcon.colcon_core.package_identification:_identify(src/my_interface) by extensions ['colcon_meta']
[0.560s] Level 1:colcon.colcon_core.package_identification:_identify(src/my_interface) by extension 'colcon_meta'
[0.560s] Level 1:colcon.colcon_core.package_identification:_identify(src/my_interface) by extensions ['ros']
[0.560s] Level 1:colcon.colcon_core.package_identification:_identify(src/my_interface) by extension 'ros'
[0.561s] DEBUG:colcon.colcon_core.package_identification:Package 'src/my_interface' with type 'ros.ament_cmake' and name 'my_interface'
[0.561s] Level 1:colcon.colcon_core.package_identification:_identify(src/my_pkg) by extensions ['ignore', 'ignore_ament_install']
[0.561s] Level 1:colcon.colcon_core.package_identification:_identify(src/my_pkg) by extension 'ignore'
[0.561s] Level 1:colcon.colcon_core.package_identification:_identify(src/my_pkg) by extension 'ignore_ament_install'
[0.562s] Level 1:colcon.colcon_core.package_identification:_identify(src/my_pkg) by extensions ['colcon_pkg']
[0.562s] Level 1:colcon.colcon_core.package_identification:_identify(src/my_pkg) by extension 'colcon_pkg'
[0.562s] Level 1:colcon.colcon_core.package_identification:_identify(src/my_pkg) by extensions ['colcon_meta']
[0.562s] Level 1:colcon.colcon_core.package_identification:_identify(src/my_pkg) by extension 'colcon_meta'
[0.562s] Level 1:colcon.colcon_core.package_identification:_identify(src/my_pkg) by extensions ['ros']
[0.562s] Level 1:colcon.colcon_core.package_identification:_identify(src/my_pkg) by extension 'ros'
[0.562s] DEBUG:colcon.colcon_core.package_identification:Package 'src/my_pkg' with type 'ros.ament_python' and name 'my_pkg'
[0.563s] Level 1:colcon.colcon_core.package_discovery:discover_packages(recursive) using defaults
[0.563s] Level 1:colcon.colcon_core.package_discovery:discover_packages(ignore) discover
[0.563s] Level 1:colcon.colcon_core.package_discovery:discover_packages(ignore) using defaults
[0.563s] Level 1:colcon.colcon_core.package_discovery:discover_packages(path) discover
[0.563s] Level 1:colcon.colcon_core.package_discovery:discover_packages(path) using defaults
[0.584s] Level 1:colcon.colcon_core.package_discovery:discover_packages(prefix_path) check parameters
[0.584s] Level 1:colcon.colcon_core.package_discovery:discover_packages(prefix_path) discover
[0.585s] DEBUG:colcon.colcon_installed_package_information.package_discovery:Found 3 installed packages in /home/kcm/colcon_ws/install
[0.586s] DEBUG:colcon.colcon_installed_package_information.package_discovery:Found 5 installed packages in /home/kcm/ros2_ws/install
[0.587s] DEBUG:colcon.colcon_installed_package_information.package_discovery:Found 332 installed packages in /opt/ros/humble
[0.589s] Level 1:colcon.colcon_core.package_discovery:discover_packages(prefix_path) using defaults
[0.626s] Level 5:colcon.colcon_core.verb:set package 'move_turtle' build argument 'cmake_args' from command line to 'None'
[0.627s] Level 5:colcon.colcon_core.verb:set package 'move_turtle' build argument 'cmake_target' from command line to 'None'
[0.627s] Level 5:colcon.colcon_core.verb:set package 'move_turtle' build argument 'cmake_target_skip_unavailable' from command line to 'False'
[0.627s] Level 5:colcon.colcon_core.verb:set package 'move_turtle' build argument 'cmake_clean_cache' from command line to 'False'
[0.627s] Level 5:colcon.colcon_core.verb:set package 'move_turtle' build argument 'cmake_clean_first' from command line to 'False'
[0.627s] Level 5:colcon.colcon_core.verb:set package 'move_turtle' build argument 'cmake_force_configure' from command line to 'False'
[0.627s] Level 5:colcon.colcon_core.verb:set package 'move_turtle' build argument 'ament_cmake_args' from command line to 'None'
[0.627s] Level 5:colcon.colcon_core.verb:set package 'move_turtle' build argument 'catkin_cmake_args' from command line to 'None'
[0.627s] Level 5:colcon.colcon_core.verb:set package 'move_turtle' build argument 'catkin_skip_building_tests' from command line to 'False'
[0.627s] DEBUG:colcon.colcon_core.verb:Building package 'move_turtle' with the following arguments: {'ament_cmake_args': None, 'build_base': '/home/kcm/colcon_ws/build/move_turtle', 'catkin_cmake_args': None, 'catkin_skip_building_tests': False, 'cmake_args': None, 'cmake_clean_cache': False, 'cmake_clean_first': False, 'cmake_force_configure': False, 'cmake_target': None, 'cmake_target_skip_unavailable': False, 'install_base': '/home/kcm/colcon_ws/install/move_turtle', 'merge_install': False, 'path': '/home/kcm/colcon_ws/src/move_turtle', 'symlink_install': False, 'test_result_base': None}
[0.628s] Level 5:colcon.colcon_core.verb:set package 'my_interface' build argument 'cmake_args' from command line to 'None'
[0.628s] Level 5:colcon.colcon_core.verb:set package 'my_interface' build argument 'cmake_target' from command line to 'None'
[0.628s] Level 5:colcon.colcon_core.verb:set package 'my_interface' build argument 'cmake_target_skip_unavailable' from command line to 'False'
[0.628s] Level 5:colcon.colcon_core.verb:set package 'my_interface' build argument 'cmake_clean_cache' from command line to 'False'
[0.628s] Level 5:colcon.colcon_core.verb:set package 'my_interface' build argument 'cmake_clean_first' from command line to 'False'
[0.628s] Level 5:colcon.colcon_core.verb:set package 'my_interface' build argument 'cmake_force_configure' from command line to 'False'
[0.628s] Level 5:colcon.colcon_core.verb:set package 'my_interface' build argument 'ament_cmake_args' from command line to 'None'
[0.628s] Level 5:colcon.colcon_core.verb:set package 'my_interface' build argument 'catkin_cmake_args' from command line to 'None'
[0.628s] Level 5:colcon.colcon_core.verb:set package 'my_interface' build argument 'catkin_skip_building_tests' from command line to 'False'
[0.628s] DEBUG:colcon.colcon_core.verb:Building package 'my_interface' with the following arguments: {'ament_cmake_args': None, 'build_base': '/home/kcm/colcon_ws/build/my_interface', 'catkin_cmake_args': None, 'catkin_skip_building_tests': False, 'cmake_args': None, 'cmake_clean_cache': False, 'cmake_clean_first': False, 'cmake_force_configure': False, 'cmake_target': None, 'cmake_target_skip_unavailable': False, 'install_base': '/home/kcm/colcon_ws/install/my_interface', 'merge_install': False, 'path': '/home/kcm/colcon_ws/src/my_interface', 'symlink_install': False, 'test_result_base': None}
[0.629s] Level 5:colcon.colcon_core.verb:set package 'my_pkg' build argument 'cmake_args' from command line to 'None'
[0.629s] Level 5:colcon.colcon_core.verb:set package 'my_pkg' build argument 'cmake_target' from command line to 'None'
[0.629s] Level 5:colcon.colcon_core.verb:set package 'my_pkg' build argument 'cmake_target_skip_unavailable' from command line to 'False'
[0.629s] Level 5:colcon.colcon_core.verb:set package 'my_pkg' build argument 'cmake_clean_cache' from command line to 'False'
[0.629s] Level 5:colcon.colcon_core.verb:set package 'my_pkg' build argument 'cmake_clean_first' from command line to 'False'
[0.629s] Level 5:colcon.colcon_core.verb:set package 'my_pkg' build argument 'cmake_force_configure' from command line to 'False'
[0.629s] Level 5:colcon.colcon_core.verb:set package 'my_pkg' build argument 'ament_cmake_args' from command line to 'None'
[0.629s] Level 5:colcon.colcon_core.verb:set package 'my_pkg' build argument 'catkin_cmake_args' from command line to 'None'
[0.629s] Level 5:colcon.colcon_core.verb:set package 'my_pkg' build argument 'catkin_skip_building_tests' from command line to 'False'
[0.629s] DEBUG:colcon.colcon_core.verb:Building package 'my_pkg' with the following arguments: {'ament_cmake_args': None, 'build_base': '/home/kcm/colcon_ws/build/my_pkg', 'catkin_cmake_args': None, 'catkin_skip_building_tests': False, 'cmake_args': None, 'cmake_clean_cache': False, 'cmake_clean_first': False, 'cmake_force_configure': False, 'cmake_target': None, 'cmake_target_skip_unavailable': False, 'install_base': '/home/kcm/colcon_ws/install/my_pkg', 'merge_install': False, 'path': '/home/kcm/colcon_ws/src/my_pkg', 'symlink_install': False, 'test_result_base': None}
[0.630s] INFO:colcon.colcon_core.executor:Executing jobs using 'parallel' executor
[0.632s] DEBUG:colcon.colcon_parallel_executor.executor.parallel:run_until_complete
[0.632s] INFO:colcon.colcon_ros.task.ament_python.build:Building ROS package in '/home/kcm/colcon_ws/src/move_turtle' with build type 'ament_python'
[0.632s] Level 1:colcon.colcon_core.shell:create_environment_hook('move_turtle', 'ament_prefix_path')
[0.634s] INFO:colcon.colcon_core.plugin_system:Skipping extension 'colcon_core.shell.bat': Not used on non-Windows systems
[0.634s] INFO:colcon.colcon_core.shell:Creating environment hook '/home/kcm/colcon_ws/install/move_turtle/share/move_turtle/hook/ament_prefix_path.ps1'
[0.636s] INFO:colcon.colcon_core.shell:Creating environment descriptor '/home/kcm/colcon_ws/install/move_turtle/share/move_turtle/hook/ament_prefix_path.dsv'
[0.638s] INFO:colcon.colcon_core.shell:Creating environment hook '/home/kcm/colcon_ws/install/move_turtle/share/move_turtle/hook/ament_prefix_path.sh'
[0.639s] INFO:colcon.colcon_core.shell:Skip shell extension 'powershell' for command environment: Not usable outside of PowerShell
[0.640s] DEBUG:colcon.colcon_core.shell:Skip shell extension 'dsv' for command environment
[1.878s] INFO:colcon.colcon_core.task.python.build:Building Python package in '/home/kcm/colcon_ws/src/move_turtle'
[1.879s] INFO:colcon.colcon_core.shell:Skip shell extension 'powershell' for command environment: Not usable outside of PowerShell
[1.881s] DEBUG:colcon.colcon_core.shell:Skip shell extension 'dsv' for command environment
[2.758s] DEBUG:colcon.colcon_core.event_handler.log_command:Invoking command in '/home/kcm/colcon_ws/src/move_turtle': PYTHONPATH=/home/kcm/colcon_ws/build/move_turtle/prefix_override:/home/kcm/colcon_ws/install/move_turtle/lib/python3.10/site-packages:${PYTHONPATH} /usr/bin/python3 -W ignore:setup.py install is deprecated setup.py egg_info --egg-base ../../build/move_turtle build --build-base /home/kcm/colcon_ws/build/move_turtle/build install --record /home/kcm/colcon_ws/build/move_turtle/install.log --single-version-externally-managed install_data
[3.510s] Level 1:colcon.colcon_core.environment:checking '/home/kcm/colcon_ws/install/move_turtle' for CMake module files
[3.511s] DEBUG:colcon.colcon_core.event_handler.log_command:Invoked command in '/home/kcm/colcon_ws/src/move_turtle' returned '0': PYTHONPATH=/home/kcm/colcon_ws/build/move_turtle/prefix_override:/home/kcm/colcon_ws/install/move_turtle/lib/python3.10/site-packages:${PYTHONPATH} /usr/bin/python3 -W ignore:setup.py install is deprecated setup.py egg_info --egg-base ../../build/move_turtle build --build-base /home/kcm/colcon_ws/build/move_turtle/build install --record /home/kcm/colcon_ws/build/move_turtle/install.log --single-version-externally-managed install_data
[3.512s] Level 1:colcon.colcon_core.environment:checking '/home/kcm/colcon_ws/install/move_turtle' for CMake config files
[3.512s] Level 1:colcon.colcon_core.environment:checking '/home/kcm/colcon_ws/install/move_turtle/lib'
[3.512s] Level 1:colcon.colcon_core.environment:checking '/home/kcm/colcon_ws/install/move_turtle/bin'
[3.513s] Level 1:colcon.colcon_core.environment:checking '/home/kcm/colcon_ws/install/move_turtle/lib/pkgconfig/move_turtle.pc'
[3.513s] Level 1:colcon.colcon_core.environment:checking '/home/kcm/colcon_ws/install/move_turtle/lib/python3.10/site-packages'
[3.513s] Level 1:colcon.colcon_core.shell:create_environment_hook('move_turtle', 'pythonpath')
[3.513s] INFO:colcon.colcon_core.shell:Creating environment hook '/home/kcm/colcon_ws/install/move_turtle/share/move_turtle/hook/pythonpath.ps1'
[3.518s] INFO:colcon.colcon_core.shell:Creating environment descriptor '/home/kcm/colcon_ws/install/move_turtle/share/move_turtle/hook/pythonpath.dsv'
[3.520s] INFO:colcon.colcon_core.shell:Creating environment hook '/home/kcm/colcon_ws/install/move_turtle/share/move_turtle/hook/pythonpath.sh'
[3.521s] Level 1:colcon.colcon_core.environment:checking '/home/kcm/colcon_ws/install/move_turtle/bin'
[3.521s] Level 1:colcon.colcon_core.environment:create_environment_scripts_only(move_turtle)
[3.521s] INFO:colcon.colcon_core.shell:Creating package script '/home/kcm/colcon_ws/install/move_turtle/share/move_turtle/package.ps1'
[3.528s] INFO:colcon.colcon_core.shell:Creating package descriptor '/home/kcm/colcon_ws/install/move_turtle/share/move_turtle/package.dsv'
[3.530s] INFO:colcon.colcon_core.shell:Creating package script '/home/kcm/colcon_ws/install/move_turtle/share/move_turtle/package.sh'
[3.532s] INFO:colcon.colcon_core.shell:Creating package script '/home/kcm/colcon_ws/install/move_turtle/share/move_turtle/package.bash'
[3.534s] INFO:colcon.colcon_core.shell:Creating package script '/home/kcm/colcon_ws/install/move_turtle/share/move_turtle/package.zsh'
[3.538s] Level 1:colcon.colcon_core.environment:create_file_with_runtime_dependencies(/home/kcm/colcon_ws/install/move_turtle/share/colcon-core/packages/move_turtle)
[3.556s] INFO:colcon.colcon_ros.task.ament_cmake.build:Building ROS package in '/home/kcm/colcon_ws/src/my_interface' with build type 'ament_cmake'
[3.557s] INFO:colcon.colcon_cmake.task.cmake.build:Building CMake package in '/home/kcm/colcon_ws/src/my_interface'
[3.558s] INFO:colcon.colcon_core.shell:Skip shell extension 'powershell' for command environment: Not usable outside of PowerShell
[3.558s] DEBUG:colcon.colcon_core.shell:Skip shell extension 'dsv' for command environment
[3.611s] DEBUG:colcon.colcon_core.event_handler.log_command:Invoking command in '/home/kcm/colcon_ws/build/my_interface': CMAKE_PREFIX_PATH=${CMAKE_PREFIX_PATH}:/home/kcm/colcon_ws/install/my_pkg:/home/kcm/colcon_ws/install/move_turtle:/home/kcm/ros2_ws/install/py_srvcli:/home/kcm/ros2_ws/install/py_pubsub:/home/kcm/ros2_ws/install/py_ps:/home/kcm/ros2_ws/install/my_package:/opt/ros/humble /usr/bin/cmake --build /home/kcm/colcon_ws/build/my_interface -- -j1 -l1
[4.314s] DEBUG:colcon.colcon_core.event_handler.log_command:Invoked command in '/home/kcm/colcon_ws/build/my_interface' returned '2': CMAKE_PREFIX_PATH=${CMAKE_PREFIX_PATH}:/home/kcm/colcon_ws/install/my_pkg:/home/kcm/colcon_ws/install/move_turtle:/home/kcm/ros2_ws/install/py_srvcli:/home/kcm/ros2_ws/install/py_pubsub:/home/kcm/ros2_ws/install/py_ps:/home/kcm/ros2_ws/install/my_package:/opt/ros/humble /usr/bin/cmake --build /home/kcm/colcon_ws/build/my_interface -- -j1 -l1
[4.387s] Level 1:colcon.colcon_core.environment:create_environment_scripts_only(my_interface)
[4.388s] Level 1:colcon.colcon_core.environment:checking '/home/kcm/colcon_ws/install/my_interface' for CMake module files
[4.389s] Level 1:colcon.colcon_core.environment:checking '/home/kcm/colcon_ws/install/my_interface' for CMake config files
[4.389s] Level 1:colcon.colcon_core.shell:create_environment_hook('my_interface', 'cmake_prefix_path')
[4.389s] INFO:colcon.colcon_core.shell:Creating environment hook '/home/kcm/colcon_ws/install/my_interface/share/my_interface/hook/cmake_prefix_path.ps1'
[4.391s] INFO:colcon.colcon_core.shell:Creating environment descriptor '/home/kcm/colcon_ws/install/my_interface/share/my_interface/hook/cmake_prefix_path.dsv'
[4.392s] INFO:colcon.colcon_core.shell:Creating environment hook '/home/kcm/colcon_ws/install/my_interface/share/my_interface/hook/cmake_prefix_path.sh'
[4.394s] Level 1:colcon.colcon_core.environment:checking '/home/kcm/colcon_ws/install/my_interface/bin'
[4.394s] Level 1:colcon.colcon_core.environment:checking '/home/kcm/colcon_ws/install/my_interface/lib/pkgconfig/my_interface.pc'
[4.394s] Level 1:colcon.colcon_core.environment:checking '/home/kcm/colcon_ws/install/my_interface/lib/python3.10/site-packages'
[4.394s] Level 1:colcon.colcon_core.environment:checking '/home/kcm/colcon_ws/install/my_interface/bin'
[4.395s] INFO:colcon.colcon_core.shell:Creating package script '/home/kcm/colcon_ws/install/my_interface/share/my_interface/package.ps1'
[4.396s] INFO:colcon.colcon_core.shell:Creating package descriptor '/home/kcm/colcon_ws/install/my_interface/share/my_interface/package.dsv'
[4.397s] INFO:colcon.colcon_core.shell:Creating package script '/home/kcm/colcon_ws/install/my_interface/share/my_interface/package.sh'
[4.398s] INFO:colcon.colcon_core.shell:Creating package script '/home/kcm/colcon_ws/install/my_interface/share/my_interface/package.bash'
[4.399s] INFO:colcon.colcon_core.shell:Creating package script '/home/kcm/colcon_ws/install/my_interface/share/my_interface/package.zsh'
[4.400s] Level 1:colcon.colcon_core.environment:create_file_with_runtime_dependencies(/home/kcm/colcon_ws/install/my_interface/share/colcon-core/packages/my_interface)
[4.402s] DEBUG:colcon.colcon_parallel_executor.executor.parallel:closing loop
[4.402s] DEBUG:colcon.colcon_parallel_executor.executor.parallel:loop closed
[4.403s] DEBUG:colcon.colcon_parallel_executor.executor.parallel:run_until_complete finished with '2'
[4.403s] DEBUG:colcon.colcon_core.event_reactor:joining thread
[4.408s] INFO:colcon.colcon_core.plugin_system:Skipping extension 'colcon_notification.desktop_notification.terminal_notifier': Not used on non-Darwin systems
[4.408s] INFO:colcon.colcon_core.plugin_system:Skipping extension 'colcon_notification.desktop_notification.win32': Not used on non-Windows systems
[4.408s] INFO:colcon.colcon_notification.desktop_notification:Sending desktop notification using 'notify2'
[4.431s] DEBUG:colcon.colcon_core.event_reactor:joined thread
[4.431s] INFO:colcon.colcon_core.shell:Creating prefix script '/home/kcm/colcon_ws/install/local_setup.ps1'
[4.433s] INFO:colcon.colcon_core.shell:Creating prefix util module '/home/kcm/colcon_ws/install/_local_setup_util_ps1.py'
[4.438s] INFO:colcon.colcon_core.shell:Creating prefix chain script '/home/kcm/colcon_ws/install/setup.ps1'
[4.442s] INFO:colcon.colcon_core.shell:Creating prefix script '/home/kcm/colcon_ws/install/local_setup.sh'
[4.448s] INFO:colcon.colcon_core.shell:Creating prefix util module '/home/kcm/colcon_ws/install/_local_setup_util_sh.py'
[4.450s] INFO:colcon.colcon_core.shell:Creating prefix chain script '/home/kcm/colcon_ws/install/setup.sh'
[4.452s] INFO:colcon.colcon_core.shell:Creating prefix script '/home/kcm/colcon_ws/install/local_setup.bash'
[4.452s] INFO:colcon.colcon_core.shell:Creating prefix chain script '/home/kcm/colcon_ws/install/setup.bash'
[4.458s] INFO:colcon.colcon_core.shell:Creating prefix script '/home/kcm/colcon_ws/install/local_setup.zsh'
[4.459s] INFO:colcon.colcon_core.shell:Creating prefix chain script '/home/kcm/colcon_ws/install/setup.zsh'
