[0.879s] Invoking command in '/home/kcm/colcon_ws/src/move_turtle': PYTHONPATH=/home/kcm/colcon_ws/build/move_turtle/prefix_override:/home/kcm/colcon_ws/install/move_turtle/lib/python3.10/site-packages:${PYTHONPATH} /usr/bin/python3 -W ignore:setup.py install is deprecated setup.py egg_info --egg-base ../../build/move_turtle build --build-base /home/kcm/colcon_ws/build/move_turtle/build install --record /home/kcm/colcon_ws/build/move_turtle/install.log --single-version-externally-managed install_data
[1.180s] running egg_info
[1.181s] writing ../../build/move_turtle/move_turtle.egg-info/PKG-INFO
[1.182s] writing dependency_links to ../../build/move_turtle/move_turtle.egg-info/dependency_links.txt
[1.183s] writing entry points to ../../build/move_turtle/move_turtle.egg-info/entry_points.txt
[1.183s] writing requirements to ../../build/move_turtle/move_turtle.egg-info/requires.txt
[1.184s] writing top-level names to ../../build/move_turtle/move_turtle.egg-info/top_level.txt
[1.186s] reading manifest file '../../build/move_turtle/move_turtle.egg-info/SOURCES.txt'
[1.187s] writing manifest file '../../build/move_turtle/move_turtle.egg-info/SOURCES.txt'
[1.188s] running build
[1.188s] running build_py
[1.188s] copying move_turtle/random_move.py -> /home/kcm/colcon_ws/build/move_turtle/build/lib/move_turtle
[1.189s] copying move_turtle/__init__.py -> /home/kcm/colcon_ws/build/move_turtle/build/lib/move_turtle
[1.190s] running install
[1.190s] running install_lib
[1.191s] copying /home/kcm/colcon_ws/build/move_turtle/build/lib/move_turtle/random_move.py -> /home/kcm/colcon_ws/install/move_turtle/lib/python3.10/site-packages/move_turtle
[1.192s] copying /home/kcm/colcon_ws/build/move_turtle/build/lib/move_turtle/__init__.py -> /home/kcm/colcon_ws/install/move_turtle/lib/python3.10/site-packages/move_turtle
[1.193s] byte-compiling /home/kcm/colcon_ws/install/move_turtle/lib/python3.10/site-packages/move_turtle/random_move.py to random_move.cpython-310.pyc
[1.194s] byte-compiling /home/kcm/colcon_ws/install/move_turtle/lib/python3.10/site-packages/move_turtle/__init__.py to __init__.cpython-310.pyc
[1.207s] running install_data
[1.207s] copying resource/move_turtle -> /home/kcm/colcon_ws/install/move_turtle/share/ament_index/resource_index/packages
[1.208s] copying package.xml -> /home/kcm/colcon_ws/install/move_turtle/share/move_turtle
[1.209s] running install_egg_info
[1.216s] removing '/home/kcm/colcon_ws/install/move_turtle/lib/python3.10/site-packages/move_turtle-0.0.0-py3.10.egg-info' (and everything under it)
[1.222s] Copying ../../build/move_turtle/move_turtle.egg-info to /home/kcm/colcon_ws/install/move_turtle/lib/python3.10/site-packages/move_turtle-0.0.0-py3.10.egg-info
[1.226s] running install_scripts
[1.247s] writing list of installed files to '/home/kcm/colcon_ws/build/move_turtle/install.log'
[1.290s] Invoked command in '/home/kcm/colcon_ws/src/move_turtle' returned '0': PYTHONPATH=/home/kcm/colcon_ws/build/move_turtle/prefix_override:/home/kcm/colcon_ws/install/move_turtle/lib/python3.10/site-packages:${PYTHONPATH} /usr/bin/python3 -W ignore:setup.py install is deprecated setup.py egg_info --egg-base ../../build/move_turtle build --build-base /home/kcm/colcon_ws/build/move_turtle/build install --record /home/kcm/colcon_ws/build/move_turtle/install.log --single-version-externally-managed install_data
