[1.604s] Invoking command in '/home/kcm/colcon_ws/src/move_turtle': PYTHONPATH=/home/kcm/colcon_ws/build/move_turtle/prefix_override:/home/kcm/colcon_ws/install/move_turtle/lib/python3.10/site-packages:${PYTHONPATH} /usr/bin/python3 -W ignore:setup.py install is deprecated setup.py egg_info --egg-base ../../build/move_turtle build --build-base /home/kcm/colcon_ws/build/move_turtle/build install --record /home/kcm/colcon_ws/build/move_turtle/install.log --single-version-externally-managed install_data
[2.071s] running egg_info
[2.073s] writing ../../build/move_turtle/move_turtle.egg-info/PKG-INFO
[2.077s] writing dependency_links to ../../build/move_turtle/move_turtle.egg-info/dependency_links.txt
[2.079s] writing entry points to ../../build/move_turtle/move_turtle.egg-info/entry_points.txt
[2.080s] writing requirements to ../../build/move_turtle/move_turtle.egg-info/requires.txt
[2.081s] writing top-level names to ../../build/move_turtle/move_turtle.egg-info/top_level.txt
[2.104s] reading manifest file '../../build/move_turtle/move_turtle.egg-info/SOURCES.txt'
[2.106s] writing manifest file '../../build/move_turtle/move_turtle.egg-info/SOURCES.txt'
[2.107s] running build
[2.108s] running build_py
[2.109s] copying move_turtle/random_move.py -> /home/kcm/colcon_ws/build/move_turtle/build/lib/move_turtle
[2.110s] running install
[2.112s] running install_lib
[2.114s] copying /home/kcm/colcon_ws/build/move_turtle/build/lib/move_turtle/random_move.py -> /home/kcm/colcon_ws/install/move_turtle/lib/python3.10/site-packages/move_turtle
[2.117s] byte-compiling /home/kcm/colcon_ws/install/move_turtle/lib/python3.10/site-packages/move_turtle/random_move.py to random_move.cpython-310.pyc
[2.143s] running install_data
[2.144s] running install_egg_info
[2.144s] removing '/home/kcm/colcon_ws/install/move_turtle/lib/python3.10/site-packages/move_turtle-0.0.0-py3.10.egg-info' (and everything under it)
[2.145s] Copying ../../build/move_turtle/move_turtle.egg-info to /home/kcm/colcon_ws/install/move_turtle/lib/python3.10/site-packages/move_turtle-0.0.0-py3.10.egg-info
[2.146s] running install_scripts
[2.184s] Installing mturtle script to /home/kcm/colcon_ws/install/move_turtle/lib/move_turtle
[2.188s] writing list of installed files to '/home/kcm/colcon_ws/build/move_turtle/install.log'
[2.269s] Invoked command in '/home/kcm/colcon_ws/src/move_turtle' returned '0': PYTHONPATH=/home/kcm/colcon_ws/build/move_turtle/prefix_override:/home/kcm/colcon_ws/install/move_turtle/lib/python3.10/site-packages:${PYTHONPATH} /usr/bin/python3 -W ignore:setup.py install is deprecated setup.py egg_info --egg-base ../../build/move_turtle build --build-base /home/kcm/colcon_ws/build/move_turtle/build install --record /home/kcm/colcon_ws/build/move_turtle/install.log --single-version-externally-managed install_data
