[1.620s] Invoking command in '/home/kcm/colcon_ws/src/move_turtle': PYTHONPATH=/home/kcm/colcon_ws/build/move_turtle/prefix_override:/home/kcm/colcon_ws/install/move_turtle/lib/python3.10/site-packages:${PYTHONPATH} /usr/bin/python3 -W ignore:setup.py install is deprecated setup.py egg_info --egg-base ../../build/move_turtle build --build-base /home/kcm/colcon_ws/build/move_turtle/build install --record /home/kcm/colcon_ws/build/move_turtle/install.log --single-version-externally-managed install_data
[2.296s] running egg_info
[2.306s] writing ../../build/move_turtle/move_turtle.egg-info/PKG-INFO
[2.307s] writing dependency_links to ../../build/move_turtle/move_turtle.egg-info/dependency_links.txt
[2.308s] writing entry points to ../../build/move_turtle/move_turtle.egg-info/entry_points.txt
[2.309s] writing requirements to ../../build/move_turtle/move_turtle.egg-info/requires.txt
[2.310s] writing top-level names to ../../build/move_turtle/move_turtle.egg-info/top_level.txt
[2.312s] reading manifest file '../../build/move_turtle/move_turtle.egg-info/SOURCES.txt'
[2.313s] writing manifest file '../../build/move_turtle/move_turtle.egg-info/SOURCES.txt'
[2.314s] running build
[2.314s] running build_py
[2.316s] running install
[2.316s] running install_lib
[2.319s] running install_data
[2.319s] running install_egg_info
[2.327s] removing '/home/kcm/colcon_ws/install/move_turtle/lib/python3.10/site-packages/move_turtle-0.0.0-py3.10.egg-info' (and everything under it)
[2.332s] Copying ../../build/move_turtle/move_turtle.egg-info to /home/kcm/colcon_ws/install/move_turtle/lib/python3.10/site-packages/move_turtle-0.0.0-py3.10.egg-info
[2.333s] running install_scripts
[2.391s] Installing mturtle script to /home/kcm/colcon_ws/install/move_turtle/lib/move_turtle
[2.395s] writing list of installed files to '/home/kcm/colcon_ws/build/move_turtle/install.log'
[2.474s] Invoked command in '/home/kcm/colcon_ws/src/move_turtle' returned '0': PYTHONPATH=/home/kcm/colcon_ws/build/move_turtle/prefix_override:/home/kcm/colcon_ws/install/move_turtle/lib/python3.10/site-packages:${PYTHONPATH} /usr/bin/python3 -W ignore:setup.py install is deprecated setup.py egg_info --egg-base ../../build/move_turtle build --build-base /home/kcm/colcon_ws/build/move_turtle/build install --record /home/kcm/colcon_ws/build/move_turtle/install.log --single-version-externally-managed install_data
