-- Found ament_cmake: 1.3.9 (/opt/ros/humble/share/ament_cmake/cmake)
-- Found builtin_interfaces: 1.2.1 (/opt/ros/humble/share/builtin_interfaces/cmake)
-- Found rosidl_generator_c: 3.1.5 (/opt/ros/humble/share/rosidl_generator_c/cmake)
-- Found rosidl_adapter: 3.1.5 (/opt/ros/humble/share/rosidl_adapter/cmake)
-- Found rosidl_generator_cpp: 3.1.5 (/opt/ros/humble/share/rosidl_generator_cpp/cmake)
-- Using all available rosidl_typesupport_c: rosidl_typesupport_fastrtps_c;rosidl_typesupport_introspection_c
-- Using all available rosidl_typesupport_cpp: rosidl_typesupport_fastrtps_cpp;rosidl_typesupport_introspection_cpp
-- Found rosidl_default_generators: 1.2.0 (/opt/ros/humble/share/rosidl_default_generators/cmake)
-- Found ament_cmake_ros: 0.10.0 (/opt/ros/humble/share/ament_cmake_ros/cmake)
-- Using all available rosidl_typesupport_c: rosidl_typesupport_fastrtps_c;rosidl_typesupport_introspection_c
-- Using all available rosidl_typesupport_cpp: rosidl_typesupport_fastrtps_cpp;rosidl_typesupport_introspection_cpp
-- Found PythonInterp: /usr/bin/python3 (found suitable version "3.10.12", minimum required is "3.6") 
-- Found python_cmake_module: 0.10.0 (/opt/ros/humble/share/python_cmake_module/cmake)
-- Found PythonLibs: /usr/lib/x86_64-linux-gnu/libpython3.10.so (found suitable version "3.10.12", minimum required is "3.5") 
-- Using PYTHON_EXECUTABLE: /usr/bin/python3
-- Using PYTHON_INCLUDE_DIRS: /usr/include/python3.10
-- Using PYTHON_LIBRARIES: /usr/lib/x86_64-linux-gnu/libpython3.10.so
-- Found PythonExtra: .so  
-- Found ament_lint_auto: 0.12.11 (/opt/ros/humble/share/ament_lint_auto/cmake)
-- Configuring done
-- Generating done
-- Build files have been written to: /home/kcm/colcon_ws/build/my_interface
[  3%] [34m[1mGenerating C code for ROS interfaces[0m
[  6%] [32mBuilding C object CMakeFiles/my_interface__rosidl_generator_c.dir/rosidl_generator_c/my_interface/msg/detail/my_topic__functions.c.o[0m
[  9%] [32m[1mLinking C shared library libmy_interface__rosidl_generator_c.so[0m
[  9%] Built target my_interface__rosidl_generator_c
[ 12%] [34m[1mGenerating C type support dispatch for ROS interfaces[0m
[ 16%] [32mBuilding CXX object CMakeFiles/my_interface__rosidl_typesupport_c.dir/rosidl_typesupport_c/my_interface/msg/my_topic__type_support.cpp.o[0m
[ 19%] [32m[1mLinking CXX shared library libmy_interface__rosidl_typesupport_c.so[0m
[ 19%] Built target my_interface__rosidl_typesupport_c
[ 22%] [34m[1mGenerating C++ code for ROS interfaces[0m
[ 22%] Built target my_interface__cpp
[ 25%] [34m[1mGenerating C++ introspection for ROS interfaces[0m
[ 29%] [32mBuilding CXX object CMakeFiles/my_interface__rosidl_typesupport_introspection_cpp.dir/rosidl_typesupport_introspection_cpp/my_interface/msg/detail/my_topic__type_support.cpp.o[0m
[ 32%] [32m[1mLinking CXX shared library libmy_interface__rosidl_typesupport_introspection_cpp.so[0m
[ 32%] Built target my_interface__rosidl_typesupport_introspection_cpp
[ 35%] [34m[1mGenerating C++ type support dispatch for ROS interfaces[0m
[ 38%] [32mBuilding CXX object CMakeFiles/my_interface__rosidl_typesupport_cpp.dir/rosidl_typesupport_cpp/my_interface/msg/my_topic__type_support.cpp.o[0m
[ 41%] [32m[1mLinking CXX shared library libmy_interface__rosidl_typesupport_cpp.so[0m
[ 41%] Built target my_interface__rosidl_typesupport_cpp
[ 45%] [34m[1mGenerating C type support for eProsima Fast-RTPS[0m
[ 48%] [32mBuilding CXX object CMakeFiles/my_interface__rosidl_typesupport_fastrtps_c.dir/rosidl_typesupport_fastrtps_c/my_interface/msg/detail/my_topic__type_support_c.cpp.o[0m
[ 51%] [32m[1mLinking CXX shared library libmy_interface__rosidl_typesupport_fastrtps_c.so[0m
[ 51%] Built target my_interface__rosidl_typesupport_fastrtps_c
[ 54%] [34m[1mGenerating C++ type support for eProsima Fast-RTPS[0m
[ 58%] [32mBuilding CXX object CMakeFiles/my_interface__rosidl_typesupport_fastrtps_cpp.dir/rosidl_typesupport_fastrtps_cpp/my_interface/msg/detail/dds_fastrtps/my_topic__type_support.cpp.o[0m
[ 61%] [32m[1mLinking CXX shared library libmy_interface__rosidl_typesupport_fastrtps_cpp.so[0m
[ 61%] Built target my_interface__rosidl_typesupport_fastrtps_cpp
[ 64%] [34m[1mGenerating C introspection for ROS interfaces[0m
[ 67%] [32mBuilding C object CMakeFiles/my_interface__rosidl_typesupport_introspection_c.dir/rosidl_typesupport_introspection_c/my_interface/msg/detail/my_topic__type_support.c.o[0m
[ 70%] [32m[1mLinking C shared library libmy_interface__rosidl_typesupport_introspection_c.so[0m
[ 70%] Built target my_interface__rosidl_typesupport_introspection_c
[ 70%] Built target my_interface
[ 70%] Built target ament_cmake_python_copy_my_interface
running egg_info
creating my_interface.egg-info
writing my_interface.egg-info/PKG-INFO
writing dependency_links to my_interface.egg-info/dependency_links.txt
writing top-level names to my_interface.egg-info/top_level.txt
writing manifest file 'my_interface.egg-info/SOURCES.txt'
reading manifest file 'my_interface.egg-info/SOURCES.txt'
writing manifest file 'my_interface.egg-info/SOURCES.txt'
[ 70%] Built target ament_cmake_python_build_my_interface_egg
[ 74%] [34m[1mGenerating Python code for ROS interfaces[0m
[ 74%] Built target my_interface__py
[ 77%] [32mBuilding C object CMakeFiles/my_interface__rosidl_generator_py.dir/rosidl_generator_py/my_interface/msg/_my_topic_s.c.o[0m
[ 80%] [32m[1mLinking C shared library rosidl_generator_py/my_interface/libmy_interface__rosidl_generator_py.so[0m
[ 80%] Built target my_interface__rosidl_generator_py
[ 83%] [32mBuilding C object CMakeFiles/my_interface__rosidl_typesupport_fastrtps_c__pyext.dir/rosidl_generator_py/my_interface/_my_interface_s.ep.rosidl_typesupport_fastrtps_c.c.o[0m
[ 87%] [32m[1mLinking C shared library rosidl_generator_py/my_interface/my_interface_s__rosidl_typesupport_fastrtps_c.cpython-310-x86_64-linux-gnu.so[0m
[ 87%] Built target my_interface__rosidl_typesupport_fastrtps_c__pyext
[ 90%] [32mBuilding C object CMakeFiles/my_interface__rosidl_typesupport_introspection_c__pyext.dir/rosidl_generator_py/my_interface/_my_interface_s.ep.rosidl_typesupport_introspection_c.c.o[0m
[ 93%] [32m[1mLinking C shared library rosidl_generator_py/my_interface/my_interface_s__rosidl_typesupport_introspection_c.cpython-310-x86_64-linux-gnu.so[0m
[ 93%] Built target my_interface__rosidl_typesupport_introspection_c__pyext
[ 96%] [32mBuilding C object CMakeFiles/my_interface__rosidl_typesupport_c__pyext.dir/rosidl_generator_py/my_interface/_my_interface_s.ep.rosidl_typesupport_c.c.o[0m
[100%] [32m[1mLinking C shared library rosidl_generator_py/my_interface/my_interface_s__rosidl_typesupport_c.cpython-310-x86_64-linux-gnu.so[0m
[100%] Built target my_interface__rosidl_typesupport_c__pyext
-- Install configuration: ""
-- Installing: /home/kcm/colcon_ws/install/my_interface/share/ament_index/resource_index/rosidl_interfaces/my_interface
-- Installing: /home/kcm/colcon_ws/install/my_interface/include/my_interface/my_interface
-- Installing: /home/kcm/colcon_ws/install/my_interface/include/my_interface/my_interface/msg
-- Installing: /home/kcm/colcon_ws/install/my_interface/include/my_interface/my_interface/msg/rosidl_generator_c__visibility_control.h
-- Installing: /home/kcm/colcon_ws/install/my_interface/include/my_interface/my_interface/msg/detail
-- Installing: /home/kcm/colcon_ws/install/my_interface/include/my_interface/my_interface/msg/detail/my_topic__functions.c
-- Installing: /home/kcm/colcon_ws/install/my_interface/include/my_interface/my_interface/msg/detail/my_topic__struct.h
-- Installing: /home/kcm/colcon_ws/install/my_interface/include/my_interface/my_interface/msg/detail/my_topic__functions.h
-- Installing: /home/kcm/colcon_ws/install/my_interface/include/my_interface/my_interface/msg/detail/my_topic__type_support.h
-- Installing: /home/kcm/colcon_ws/install/my_interface/include/my_interface/my_interface/msg/my_topic.h
-- Installing: /home/kcm/colcon_ws/install/my_interface/share/my_interface/environment/library_path.sh
-- Installing: /home/kcm/colcon_ws/install/my_interface/share/my_interface/environment/library_path.dsv
-- Installing: /home/kcm/colcon_ws/install/my_interface/lib/libmy_interface__rosidl_generator_c.so
-- Set runtime path of "/home/kcm/colcon_ws/install/my_interface/lib/libmy_interface__rosidl_generator_c.so" to ""
-- Up-to-date: /home/kcm/colcon_ws/install/my_interface/include/my_interface/my_interface
-- Up-to-date: /home/kcm/colcon_ws/install/my_interface/include/my_interface/my_interface/msg
-- Installing: /home/kcm/colcon_ws/install/my_interface/include/my_interface/my_interface/msg/rosidl_typesupport_fastrtps_c__visibility_control.h
-- Up-to-date: /home/kcm/colcon_ws/install/my_interface/include/my_interface/my_interface/msg/detail
-- Installing: /home/kcm/colcon_ws/install/my_interface/include/my_interface/my_interface/msg/detail/my_topic__rosidl_typesupport_fastrtps_c.h
-- Installing: /home/kcm/colcon_ws/install/my_interface/lib/libmy_interface__rosidl_typesupport_fastrtps_c.so
-- Set runtime path of "/home/kcm/colcon_ws/install/my_interface/lib/libmy_interface__rosidl_typesupport_fastrtps_c.so" to ""
-- Up-to-date: /home/kcm/colcon_ws/install/my_interface/include/my_interface/my_interface
-- Up-to-date: /home/kcm/colcon_ws/install/my_interface/include/my_interface/my_interface/msg
-- Installing: /home/kcm/colcon_ws/install/my_interface/include/my_interface/my_interface/msg/my_topic.hpp
-- Up-to-date: /home/kcm/colcon_ws/install/my_interface/include/my_interface/my_interface/msg/detail
-- Installing: /home/kcm/colcon_ws/install/my_interface/include/my_interface/my_interface/msg/detail/my_topic__traits.hpp
-- Installing: /home/kcm/colcon_ws/install/my_interface/include/my_interface/my_interface/msg/detail/my_topic__struct.hpp
-- Installing: /home/kcm/colcon_ws/install/my_interface/include/my_interface/my_interface/msg/detail/my_topic__builder.hpp
-- Up-to-date: /home/kcm/colcon_ws/install/my_interface/include/my_interface/my_interface
-- Up-to-date: /home/kcm/colcon_ws/install/my_interface/include/my_interface/my_interface/msg
-- Installing: /home/kcm/colcon_ws/install/my_interface/include/my_interface/my_interface/msg/rosidl_typesupport_fastrtps_cpp__visibility_control.h
-- Up-to-date: /home/kcm/colcon_ws/install/my_interface/include/my_interface/my_interface/msg/detail
-- Installing: /home/kcm/colcon_ws/install/my_interface/include/my_interface/my_interface/msg/detail/my_topic__rosidl_typesupport_fastrtps_cpp.hpp
-- Installing: /home/kcm/colcon_ws/install/my_interface/include/my_interface/my_interface/msg/detail/dds_fastrtps
-- Installing: /home/kcm/colcon_ws/install/my_interface/lib/libmy_interface__rosidl_typesupport_fastrtps_cpp.so
-- Set runtime path of "/home/kcm/colcon_ws/install/my_interface/lib/libmy_interface__rosidl_typesupport_fastrtps_cpp.so" to ""
-- Up-to-date: /home/kcm/colcon_ws/install/my_interface/include/my_interface/my_interface
-- Up-to-date: /home/kcm/colcon_ws/install/my_interface/include/my_interface/my_interface/msg
-- Installing: /home/kcm/colcon_ws/install/my_interface/include/my_interface/my_interface/msg/rosidl_typesupport_introspection_c__visibility_control.h
-- Up-to-date: /home/kcm/colcon_ws/install/my_interface/include/my_interface/my_interface/msg/detail
-- Installing: /home/kcm/colcon_ws/install/my_interface/include/my_interface/my_interface/msg/detail/my_topic__type_support.c
-- Installing: /home/kcm/colcon_ws/install/my_interface/include/my_interface/my_interface/msg/detail/my_topic__rosidl_typesupport_introspection_c.h
-- Installing: /home/kcm/colcon_ws/install/my_interface/lib/libmy_interface__rosidl_typesupport_introspection_c.so
-- Set runtime path of "/home/kcm/colcon_ws/install/my_interface/lib/libmy_interface__rosidl_typesupport_introspection_c.so" to ""
-- Installing: /home/kcm/colcon_ws/install/my_interface/lib/libmy_interface__rosidl_typesupport_c.so
-- Set runtime path of "/home/kcm/colcon_ws/install/my_interface/lib/libmy_interface__rosidl_typesupport_c.so" to ""
-- Up-to-date: /home/kcm/colcon_ws/install/my_interface/include/my_interface/my_interface
-- Up-to-date: /home/kcm/colcon_ws/install/my_interface/include/my_interface/my_interface/msg
-- Up-to-date: /home/kcm/colcon_ws/install/my_interface/include/my_interface/my_interface/msg/detail
-- Installing: /home/kcm/colcon_ws/install/my_interface/include/my_interface/my_interface/msg/detail/my_topic__rosidl_typesupport_introspection_cpp.hpp
-- Installing: /home/kcm/colcon_ws/install/my_interface/include/my_interface/my_interface/msg/detail/my_topic__type_support.cpp
-- Installing: /home/kcm/colcon_ws/install/my_interface/lib/libmy_interface__rosidl_typesupport_introspection_cpp.so
-- Set runtime path of "/home/kcm/colcon_ws/install/my_interface/lib/libmy_interface__rosidl_typesupport_introspection_cpp.so" to ""
-- Installing: /home/kcm/colcon_ws/install/my_interface/lib/libmy_interface__rosidl_typesupport_cpp.so
-- Set runtime path of "/home/kcm/colcon_ws/install/my_interface/lib/libmy_interface__rosidl_typesupport_cpp.so" to ""
-- Installing: /home/kcm/colcon_ws/install/my_interface/share/my_interface/environment/pythonpath.sh
-- Installing: /home/kcm/colcon_ws/install/my_interface/share/my_interface/environment/pythonpath.dsv
-- Installing: /home/kcm/colcon_ws/install/my_interface/local/lib/python3.10/dist-packages/my_interface-0.0.0-py3.10.egg-info
-- Installing: /home/kcm/colcon_ws/install/my_interface/local/lib/python3.10/dist-packages/my_interface-0.0.0-py3.10.egg-info/SOURCES.txt
-- Installing: /home/kcm/colcon_ws/install/my_interface/local/lib/python3.10/dist-packages/my_interface-0.0.0-py3.10.egg-info/top_level.txt
-- Installing: /home/kcm/colcon_ws/install/my_interface/local/lib/python3.10/dist-packages/my_interface-0.0.0-py3.10.egg-info/dependency_links.txt
-- Installing: /home/kcm/colcon_ws/install/my_interface/local/lib/python3.10/dist-packages/my_interface-0.0.0-py3.10.egg-info/PKG-INFO
-- Installing: /home/kcm/colcon_ws/install/my_interface/local/lib/python3.10/dist-packages/my_interface
-- Installing: /home/kcm/colcon_ws/install/my_interface/local/lib/python3.10/dist-packages/my_interface/my_interface_s__rosidl_typesupport_c.cpython-310-x86_64-linux-gnu.so
-- Installing: /home/kcm/colcon_ws/install/my_interface/local/lib/python3.10/dist-packages/my_interface/_my_interface_s.ep.rosidl_typesupport_introspection_c.c
-- Installing: /home/kcm/colcon_ws/install/my_interface/local/lib/python3.10/dist-packages/my_interface/__init__.py
-- Installing: /home/kcm/colcon_ws/install/my_interface/local/lib/python3.10/dist-packages/my_interface/my_interface_s__rosidl_typesupport_fastrtps_c.cpython-310-x86_64-linux-gnu.so
-- Installing: /home/kcm/colcon_ws/install/my_interface/local/lib/python3.10/dist-packages/my_interface/my_interface_s__rosidl_typesupport_introspection_c.cpython-310-x86_64-linux-gnu.so
-- Installing: /home/kcm/colcon_ws/install/my_interface/local/lib/python3.10/dist-packages/my_interface/msg
-- Installing: /home/kcm/colcon_ws/install/my_interface/local/lib/python3.10/dist-packages/my_interface/msg/_my_topic_s.c
-- Installing: /home/kcm/colcon_ws/install/my_interface/local/lib/python3.10/dist-packages/my_interface/msg/__init__.py
-- Installing: /home/kcm/colcon_ws/install/my_interface/local/lib/python3.10/dist-packages/my_interface/msg/_my_topic.py
-- Installing: /home/kcm/colcon_ws/install/my_interface/local/lib/python3.10/dist-packages/my_interface/_my_interface_s.ep.rosidl_typesupport_fastrtps_c.c
-- Installing: /home/kcm/colcon_ws/install/my_interface/local/lib/python3.10/dist-packages/my_interface/_my_interface_s.ep.rosidl_typesupport_c.c
-- Installing: /home/kcm/colcon_ws/install/my_interface/local/lib/python3.10/dist-packages/my_interface/libmy_interface__rosidl_generator_py.so
Listing '/home/kcm/colcon_ws/install/my_interface/local/lib/python3.10/dist-packages/my_interface'...
Compiling '/home/kcm/colcon_ws/install/my_interface/local/lib/python3.10/dist-packages/my_interface/__init__.py'...
Listing '/home/kcm/colcon_ws/install/my_interface/local/lib/python3.10/dist-packages/my_interface/msg'...
Compiling '/home/kcm/colcon_ws/install/my_interface/local/lib/python3.10/dist-packages/my_interface/msg/__init__.py'...
Compiling '/home/kcm/colcon_ws/install/my_interface/local/lib/python3.10/dist-packages/my_interface/msg/_my_topic.py'...
-- Installing: /home/kcm/colcon_ws/install/my_interface/local/lib/python3.10/dist-packages/my_interface/my_interface_s__rosidl_typesupport_fastrtps_c.cpython-310-x86_64-linux-gnu.so
-- Set runtime path of "/home/kcm/colcon_ws/install/my_interface/local/lib/python3.10/dist-packages/my_interface/my_interface_s__rosidl_typesupport_fastrtps_c.cpython-310-x86_64-linux-gnu.so" to ""
-- Installing: /home/kcm/colcon_ws/install/my_interface/local/lib/python3.10/dist-packages/my_interface/my_interface_s__rosidl_typesupport_introspection_c.cpython-310-x86_64-linux-gnu.so
-- Set runtime path of "/home/kcm/colcon_ws/install/my_interface/local/lib/python3.10/dist-packages/my_interface/my_interface_s__rosidl_typesupport_introspection_c.cpython-310-x86_64-linux-gnu.so" to ""
-- Installing: /home/kcm/colcon_ws/install/my_interface/local/lib/python3.10/dist-packages/my_interface/my_interface_s__rosidl_typesupport_c.cpython-310-x86_64-linux-gnu.so
-- Set runtime path of "/home/kcm/colcon_ws/install/my_interface/local/lib/python3.10/dist-packages/my_interface/my_interface_s__rosidl_typesupport_c.cpython-310-x86_64-linux-gnu.so" to ""
-- Installing: /home/kcm/colcon_ws/install/my_interface/lib/libmy_interface__rosidl_generator_py.so
-- Set runtime path of "/home/kcm/colcon_ws/install/my_interface/lib/libmy_interface__rosidl_generator_py.so" to ""
-- Installing: /home/kcm/colcon_ws/install/my_interface/share/my_interface/msg/MyTopic.idl
-- Installing: /home/kcm/colcon_ws/install/my_interface/share/my_interface/msg/MyTopic.msg
-- Installing: /home/kcm/colcon_ws/install/my_interface/share/ament_index/resource_index/package_run_dependencies/my_interface
-- Installing: /home/kcm/colcon_ws/install/my_interface/share/ament_index/resource_index/parent_prefix_path/my_interface
-- Up-to-date: /home/kcm/colcon_ws/install/my_interface/share/my_interface/environment/ament_prefix_path.sh
-- Installing: /home/kcm/colcon_ws/install/my_interface/share/my_interface/environment/ament_prefix_path.dsv
-- Up-to-date: /home/kcm/colcon_ws/install/my_interface/share/my_interface/environment/path.sh
-- Installing: /home/kcm/colcon_ws/install/my_interface/share/my_interface/environment/path.dsv
-- Up-to-date: /home/kcm/colcon_ws/install/my_interface/share/my_interface/local_setup.bash
-- Installing: /home/kcm/colcon_ws/install/my_interface/share/my_interface/local_setup.sh
-- Up-to-date: /home/kcm/colcon_ws/install/my_interface/share/my_interface/local_setup.zsh
-- Installing: /home/kcm/colcon_ws/install/my_interface/share/my_interface/local_setup.dsv
-- Installing: /home/kcm/colcon_ws/install/my_interface/share/my_interface/package.dsv
-- Up-to-date: /home/kcm/colcon_ws/install/my_interface/share/ament_index/resource_index/packages/my_interface
-- Installing: /home/kcm/colcon_ws/install/my_interface/share/my_interface/cmake/export_my_interface__rosidl_generator_cExport.cmake
-- Installing: /home/kcm/colcon_ws/install/my_interface/share/my_interface/cmake/export_my_interface__rosidl_generator_cExport-noconfig.cmake
-- Installing: /home/kcm/colcon_ws/install/my_interface/share/my_interface/cmake/export_my_interface__rosidl_typesupport_fastrtps_cExport.cmake
-- Installing: /home/kcm/colcon_ws/install/my_interface/share/my_interface/cmake/export_my_interface__rosidl_typesupport_fastrtps_cExport-noconfig.cmake
-- Installing: /home/kcm/colcon_ws/install/my_interface/share/my_interface/cmake/export_my_interface__rosidl_generator_cppExport.cmake
-- Installing: /home/kcm/colcon_ws/install/my_interface/share/my_interface/cmake/export_my_interface__rosidl_typesupport_fastrtps_cppExport.cmake
-- Installing: /home/kcm/colcon_ws/install/my_interface/share/my_interface/cmake/export_my_interface__rosidl_typesupport_fastrtps_cppExport-noconfig.cmake
-- Installing: /home/kcm/colcon_ws/install/my_interface/share/my_interface/cmake/my_interface__rosidl_typesupport_introspection_cExport.cmake
-- Installing: /home/kcm/colcon_ws/install/my_interface/share/my_interface/cmake/my_interface__rosidl_typesupport_introspection_cExport-noconfig.cmake
-- Installing: /home/kcm/colcon_ws/install/my_interface/share/my_interface/cmake/my_interface__rosidl_typesupport_cExport.cmake
-- Installing: /home/kcm/colcon_ws/install/my_interface/share/my_interface/cmake/my_interface__rosidl_typesupport_cExport-noconfig.cmake
-- Installing: /home/kcm/colcon_ws/install/my_interface/share/my_interface/cmake/my_interface__rosidl_typesupport_introspection_cppExport.cmake
-- Installing: /home/kcm/colcon_ws/install/my_interface/share/my_interface/cmake/my_interface__rosidl_typesupport_introspection_cppExport-noconfig.cmake
-- Installing: /home/kcm/colcon_ws/install/my_interface/share/my_interface/cmake/my_interface__rosidl_typesupport_cppExport.cmake
-- Installing: /home/kcm/colcon_ws/install/my_interface/share/my_interface/cmake/my_interface__rosidl_typesupport_cppExport-noconfig.cmake
-- Installing: /home/kcm/colcon_ws/install/my_interface/share/my_interface/cmake/export_my_interface__rosidl_generator_pyExport.cmake
-- Installing: /home/kcm/colcon_ws/install/my_interface/share/my_interface/cmake/export_my_interface__rosidl_generator_pyExport-noconfig.cmake
-- Installing: /home/kcm/colcon_ws/install/my_interface/share/my_interface/cmake/rosidl_cmake-extras.cmake
-- Installing: /home/kcm/colcon_ws/install/my_interface/share/my_interface/cmake/ament_cmake_export_dependencies-extras.cmake
-- Installing: /home/kcm/colcon_ws/install/my_interface/share/my_interface/cmake/ament_cmake_export_include_directories-extras.cmake
-- Installing: /home/kcm/colcon_ws/install/my_interface/share/my_interface/cmake/ament_cmake_export_libraries-extras.cmake
-- Installing: /home/kcm/colcon_ws/install/my_interface/share/my_interface/cmake/ament_cmake_export_targets-extras.cmake
-- Installing: /home/kcm/colcon_ws/install/my_interface/share/my_interface/cmake/rosidl_cmake_export_typesupport_targets-extras.cmake
-- Installing: /home/kcm/colcon_ws/install/my_interface/share/my_interface/cmake/rosidl_cmake_export_typesupport_libraries-extras.cmake
-- Installing: /home/kcm/colcon_ws/install/my_interface/share/my_interface/cmake/my_interfaceConfig.cmake
-- Up-to-date: /home/kcm/colcon_ws/install/my_interface/share/my_interface/cmake/my_interfaceConfig-version.cmake
-- Installing: /home/kcm/colcon_ws/install/my_interface/share/my_interface/package.xml
