[1.962s] Invoking command in '/home/kcm/colcon_ws/src/move_turtle': PYTHONPATH=/home/kcm/colcon_ws/build/move_turtle/prefix_override:/home/kcm/colcon_ws/install/move_turtle/lib/python3.10/site-packages:${PYTHONPATH} /usr/bin/python3 -W ignore:setup.py install is deprecated setup.py egg_info --egg-base ../../build/move_turtle build --build-base /home/kcm/colcon_ws/build/move_turtle/build install --record /home/kcm/colcon_ws/build/move_turtle/install.log --single-version-externally-managed install_data
[2.267s] running egg_info
[2.268s] writing ../../build/move_turtle/move_turtle.egg-info/PKG-INFO
[2.270s] writing dependency_links to ../../build/move_turtle/move_turtle.egg-info/dependency_links.txt
[2.271s] writing entry points to ../../build/move_turtle/move_turtle.egg-info/entry_points.txt
[2.273s] writing requirements to ../../build/move_turtle/move_turtle.egg-info/requires.txt
[2.274s] writing top-level names to ../../build/move_turtle/move_turtle.egg-info/top_level.txt
[2.276s] reading manifest file '../../build/move_turtle/move_turtle.egg-info/SOURCES.txt'
[2.278s] writing manifest file '../../build/move_turtle/move_turtle.egg-info/SOURCES.txt'
[2.279s] running build
[2.279s] running build_py
[2.280s] running install
[2.281s] running install_lib
[2.282s] running install_data
[2.283s] running install_egg_info
[2.285s] removing '/home/kcm/colcon_ws/install/move_turtle/lib/python3.10/site-packages/move_turtle-0.0.0-py3.10.egg-info' (and everything under it)
[2.292s] Copying ../../build/move_turtle/move_turtle.egg-info to /home/kcm/colcon_ws/install/move_turtle/lib/python3.10/site-packages/move_turtle-0.0.0-py3.10.egg-info
[2.302s] running install_scripts
[2.332s] Installing mturtle script to /home/kcm/colcon_ws/install/move_turtle/lib/move_turtle
[2.334s] writing list of installed files to '/home/kcm/colcon_ws/build/move_turtle/install.log'
[2.373s] Invoked command in '/home/kcm/colcon_ws/src/move_turtle' returned '0': PYTHONPATH=/home/kcm/colcon_ws/build/move_turtle/prefix_override:/home/kcm/colcon_ws/install/move_turtle/lib/python3.10/site-packages:${PYTHONPATH} /usr/bin/python3 -W ignore:setup.py install is deprecated setup.py egg_info --egg-base ../../build/move_turtle build --build-base /home/kcm/colcon_ws/build/move_turtle/build install --record /home/kcm/colcon_ws/build/move_turtle/install.log --single-version-externally-managed install_data
