[1.941s] Invoking command in '/home/kcm/colcon_ws/src/move_turtle': PYTHONPATH=/home/kcm/colcon_ws/build/move_turtle/prefix_override:/home/kcm/colcon_ws/install/move_turtle/lib/python3.10/site-packages:${PYTHONPATH} /usr/bin/python3 -W ignore:setup.py install is deprecated setup.py egg_info --egg-base ../../build/move_turtle build --build-base /home/kcm/colcon_ws/build/move_turtle/build install --record /home/kcm/colcon_ws/build/move_turtle/install.log --single-version-externally-managed install_data
[2.742s] running egg_info
[2.743s] writing ../../build/move_turtle/move_turtle.egg-info/PKG-INFO
[2.755s] writing dependency_links to ../../build/move_turtle/move_turtle.egg-info/dependency_links.txt
[2.755s] writing entry points to ../../build/move_turtle/move_turtle.egg-info/entry_points.txt
[2.756s] writing requirements to ../../build/move_turtle/move_turtle.egg-info/requires.txt
[2.757s] writing top-level names to ../../build/move_turtle/move_turtle.egg-info/top_level.txt
[2.759s] reading manifest file '../../build/move_turtle/move_turtle.egg-info/SOURCES.txt'
[2.760s] writing manifest file '../../build/move_turtle/move_turtle.egg-info/SOURCES.txt'
[2.761s] running build
[2.761s] running build_py
[2.764s] running install
[2.764s] running install_lib
[2.793s] running install_data
[2.793s] running install_egg_info
[2.793s] removing '/home/kcm/colcon_ws/install/move_turtle/lib/python3.10/site-packages/move_turtle-0.0.0-py3.10.egg-info' (and everything under it)
[2.793s] Copying ../../build/move_turtle/move_turtle.egg-info to /home/kcm/colcon_ws/install/move_turtle/lib/python3.10/site-packages/move_turtle-0.0.0-py3.10.egg-info
[2.793s] running install_scripts
[2.838s] Installing mturtle script to /home/kcm/colcon_ws/install/move_turtle/lib/move_turtle
[2.839s] writing list of installed files to '/home/kcm/colcon_ws/build/move_turtle/install.log'
[2.924s] Invoked command in '/home/kcm/colcon_ws/src/move_turtle' returned '0': PYTHONPATH=/home/kcm/colcon_ws/build/move_turtle/prefix_override:/home/kcm/colcon_ws/install/move_turtle/lib/python3.10/site-packages:${PYTHONPATH} /usr/bin/python3 -W ignore:setup.py install is deprecated setup.py egg_info --egg-base ../../build/move_turtle build --build-base /home/kcm/colcon_ws/build/move_turtle/build install --record /home/kcm/colcon_ws/build/move_turtle/install.log --single-version-externally-managed install_data
