[0.042s] Invoking command in '/home/kcm/colcon_ws/build/my_interface': CMAKE_PREFIX_PATH=${CMAKE_PREFIX_PATH}:/home/kcm/colcon_ws/install/my_pkg:/home/kcm/colcon_ws/install/move_turtle:/home/kcm/ros2_ws/install/py_srvcli:/home/kcm/ros2_ws/install/py_pubsub:/home/kcm/ros2_ws/install/py_ps:/home/kcm/ros2_ws/install/my_package:/opt/ros/humble /usr/bin/cmake --build /home/kcm/colcon_ws/build/my_interface -- -j1 -l1
[0.334s] [ 10%] Built target my_interface__rosidl_generator_c
[0.477s] [ 20%] Built target my_interface__rosidl_typesupport_fastrtps_c
[0.604s] [ 23%] Built target my_interface__cpp
[0.762s] [ 33%] Built target my_interface__rosidl_typesupport_fastrtps_cpp
[0.896s] [ 43%] Built target my_interface__rosidl_typesupport_introspection_c
[0.998s] [ 53%] Built target my_interface__rosidl_typesupport_c
[1.161s] [ 64%] Built target my_interface__rosidl_typesupport_introspection_cpp
[1.285s] [ 74%] Built target my_interface__rosidl_typesupport_cpp
[1.340s] [ 74%] Built target my_interface
[1.430s] [ 74%] Built target ament_cmake_python_copy_my_interface
[2.283s] running egg_info
[2.288s] writing my_interface.egg-info/PKG-INFO
[2.290s] writing dependency_links to my_interface.egg-info/dependency_links.txt
[2.292s] writing top-level names to my_interface.egg-info/top_level.txt
[2.310s] reading manifest file 'my_interface.egg-info/SOURCES.txt'
[2.312s] writing manifest file 'my_interface.egg-info/SOURCES.txt'
[2.400s] [ 74%] Built target ament_cmake_python_build_my_interface_egg
[2.487s] [ 76%] Built target my_interface__py
[2.577s] [ 84%] Built target my_interface__rosidl_generator_py
[2.621s] [ 89%] Built target my_interface__rosidl_typesupport_fastrtps_c__pyext
[2.685s] [ 94%] Built target my_interface__rosidl_typesupport_introspection_c__pyext
[2.726s] [100%] Built target my_interface__rosidl_typesupport_c__pyext
[2.776s] Invoked command in '/home/kcm/colcon_ws/build/my_interface' returned '0': CMAKE_PREFIX_PATH=${CMAKE_PREFIX_PATH}:/home/kcm/colcon_ws/install/my_pkg:/home/kcm/colcon_ws/install/move_turtle:/home/kcm/ros2_ws/install/py_srvcli:/home/kcm/ros2_ws/install/py_pubsub:/home/kcm/ros2_ws/install/py_ps:/home/kcm/ros2_ws/install/my_package:/opt/ros/humble /usr/bin/cmake --build /home/kcm/colcon_ws/build/my_interface -- -j1 -l1
[3.123s] Invoking command in '/home/kcm/colcon_ws/build/my_interface': CMAKE_PREFIX_PATH=${CMAKE_PREFIX_PATH}:/home/kcm/colcon_ws/install/my_pkg:/home/kcm/colcon_ws/install/move_turtle:/home/kcm/ros2_ws/install/py_srvcli:/home/kcm/ros2_ws/install/py_pubsub:/home/kcm/ros2_ws/install/py_ps:/home/kcm/ros2_ws/install/my_package:/opt/ros/humble /usr/bin/cmake --install /home/kcm/colcon_ws/build/my_interface
[3.139s] -- Install configuration: ""
[3.140s] -- Up-to-date: /home/kcm/colcon_ws/install/my_interface/share/ament_index/resource_index/rosidl_interfaces/my_interface
[3.141s] -- Up-to-date: /home/kcm/colcon_ws/install/my_interface/include/my_interface/my_interface
[3.141s] -- Up-to-date: /home/kcm/colcon_ws/install/my_interface/include/my_interface/my_interface/msg
[3.142s] -- Up-to-date: /home/kcm/colcon_ws/install/my_interface/include/my_interface/my_interface/msg/mytopic.h
[3.143s] -- Up-to-date: /home/kcm/colcon_ws/install/my_interface/include/my_interface/my_interface/msg/rosidl_generator_c__visibility_control.h
[3.145s] -- Up-to-date: /home/kcm/colcon_ws/install/my_interface/include/my_interface/my_interface/msg/detail
[3.146s] -- Up-to-date: /home/kcm/colcon_ws/install/my_interface/include/my_interface/my_interface/msg/detail/mytopic__type_support.h
[3.146s] -- Up-to-date: /home/kcm/colcon_ws/install/my_interface/include/my_interface/my_interface/msg/detail/my_topic__functions.c
[3.147s] -- Up-to-date: /home/kcm/colcon_ws/install/my_interface/include/my_interface/my_interface/msg/detail/my_topic__struct.h
[3.147s] -- Up-to-date: /home/kcm/colcon_ws/install/my_interface/include/my_interface/my_interface/msg/detail/mytopic__struct.h
[3.148s] -- Up-to-date: /home/kcm/colcon_ws/install/my_interface/include/my_interface/my_interface/msg/detail/my_topic__functions.h
[3.148s] -- Up-to-date: /home/kcm/colcon_ws/install/my_interface/include/my_interface/my_interface/msg/detail/mytopic__functions.c
[3.148s] -- Up-to-date: /home/kcm/colcon_ws/install/my_interface/include/my_interface/my_interface/msg/detail/mytopic__functions.h
[3.150s] -- Up-to-date: /home/kcm/colcon_ws/install/my_interface/include/my_interface/my_interface/msg/detail/my_topic__type_support.h
[3.150s] -- Up-to-date: /home/kcm/colcon_ws/install/my_interface/include/my_interface/my_interface/msg/my_topic.h
[3.150s] -- Up-to-date: /home/kcm/colcon_ws/install/my_interface/include/my_interface/my_interface/srv
[3.150s] -- Up-to-date: /home/kcm/colcon_ws/install/my_interface/include/my_interface/my_interface/srv/mysrv.h
[3.150s] -- Up-to-date: /home/kcm/colcon_ws/install/my_interface/include/my_interface/my_interface/srv/detail
[3.151s] -- Up-to-date: /home/kcm/colcon_ws/install/my_interface/include/my_interface/my_interface/srv/detail/mysrv__type_support.h
[3.151s] -- Up-to-date: /home/kcm/colcon_ws/install/my_interface/include/my_interface/my_interface/srv/detail/mysrv__struct.h
[3.151s] -- Up-to-date: /home/kcm/colcon_ws/install/my_interface/include/my_interface/my_interface/srv/detail/mysrv__functions.h
[3.151s] -- Up-to-date: /home/kcm/colcon_ws/install/my_interface/include/my_interface/my_interface/srv/detail/mysrv__functions.c
[3.151s] -- Up-to-date: /home/kcm/colcon_ws/install/my_interface/share/my_interface/environment/library_path.sh
[3.151s] -- Up-to-date: /home/kcm/colcon_ws/install/my_interface/share/my_interface/environment/library_path.dsv
[3.164s] -- Up-to-date: /home/kcm/colcon_ws/install/my_interface/lib/libmy_interface__rosidl_generator_c.so
[3.165s] -- Up-to-date: /home/kcm/colcon_ws/install/my_interface/include/my_interface/my_interface
[3.165s] -- Up-to-date: /home/kcm/colcon_ws/install/my_interface/include/my_interface/my_interface/msg
[3.165s] -- Up-to-date: /home/kcm/colcon_ws/install/my_interface/include/my_interface/my_interface/msg/rosidl_typesupport_fastrtps_c__visibility_control.h
[3.165s] -- Up-to-date: /home/kcm/colcon_ws/install/my_interface/include/my_interface/my_interface/msg/detail
[3.165s] -- Up-to-date: /home/kcm/colcon_ws/install/my_interface/include/my_interface/my_interface/msg/detail/mytopic__rosidl_typesupport_fastrtps_c.h
[3.166s] -- Up-to-date: /home/kcm/colcon_ws/install/my_interface/include/my_interface/my_interface/msg/detail/my_topic__rosidl_typesupport_fastrtps_c.h
[3.166s] -- Up-to-date: /home/kcm/colcon_ws/install/my_interface/include/my_interface/my_interface/srv
[3.166s] -- Up-to-date: /home/kcm/colcon_ws/install/my_interface/include/my_interface/my_interface/srv/detail
[3.166s] -- Up-to-date: /home/kcm/colcon_ws/install/my_interface/include/my_interface/my_interface/srv/detail/mysrv__rosidl_typesupport_fastrtps_c.h
[3.166s] -- Up-to-date: /home/kcm/colcon_ws/install/my_interface/lib/libmy_interface__rosidl_typesupport_fastrtps_c.so
[3.167s] -- Up-to-date: /home/kcm/colcon_ws/install/my_interface/include/my_interface/my_interface
[3.174s] -- Up-to-date: /home/kcm/colcon_ws/install/my_interface/include/my_interface/my_interface/msg
[3.174s] -- Up-to-date: /home/kcm/colcon_ws/install/my_interface/include/my_interface/my_interface/msg/my_topic.hpp
[3.175s] -- Up-to-date: /home/kcm/colcon_ws/install/my_interface/include/my_interface/my_interface/msg/mytopic.hpp
[3.175s] -- Up-to-date: /home/kcm/colcon_ws/install/my_interface/include/my_interface/my_interface/msg/detail
[3.175s] -- Up-to-date: /home/kcm/colcon_ws/install/my_interface/include/my_interface/my_interface/msg/detail/my_topic__traits.hpp
[3.176s] -- Up-to-date: /home/kcm/colcon_ws/install/my_interface/include/my_interface/my_interface/msg/detail/mytopic__struct.hpp
[3.176s] -- Up-to-date: /home/kcm/colcon_ws/install/my_interface/include/my_interface/my_interface/msg/detail/mytopic__builder.hpp
[3.176s] -- Up-to-date: /home/kcm/colcon_ws/install/my_interface/include/my_interface/my_interface/msg/detail/mytopic__traits.hpp
[3.176s] -- Up-to-date: /home/kcm/colcon_ws/install/my_interface/include/my_interface/my_interface/msg/detail/my_topic__struct.hpp
[3.176s] -- Up-to-date: /home/kcm/colcon_ws/install/my_interface/include/my_interface/my_interface/msg/detail/my_topic__builder.hpp
[3.176s] -- Up-to-date: /home/kcm/colcon_ws/install/my_interface/include/my_interface/my_interface/srv
[3.177s] -- Up-to-date: /home/kcm/colcon_ws/install/my_interface/include/my_interface/my_interface/srv/mysrv.hpp
[3.177s] -- Up-to-date: /home/kcm/colcon_ws/install/my_interface/include/my_interface/my_interface/srv/detail
[3.177s] -- Up-to-date: /home/kcm/colcon_ws/install/my_interface/include/my_interface/my_interface/srv/detail/mysrv__struct.hpp
[3.179s] -- Up-to-date: /home/kcm/colcon_ws/install/my_interface/include/my_interface/my_interface/srv/detail/mysrv__builder.hpp
[3.180s] -- Up-to-date: /home/kcm/colcon_ws/install/my_interface/include/my_interface/my_interface/srv/detail/mysrv__traits.hpp
[3.180s] -- Up-to-date: /home/kcm/colcon_ws/install/my_interface/include/my_interface/my_interface
[3.181s] -- Up-to-date: /home/kcm/colcon_ws/install/my_interface/include/my_interface/my_interface/msg
[3.194s] -- Up-to-date: /home/kcm/colcon_ws/install/my_interface/include/my_interface/my_interface/msg/rosidl_typesupport_fastrtps_cpp__visibility_control.h
[3.194s] -- Up-to-date: /home/kcm/colcon_ws/install/my_interface/include/my_interface/my_interface/msg/detail
[3.195s] -- Up-to-date: /home/kcm/colcon_ws/install/my_interface/include/my_interface/my_interface/msg/detail/my_topic__rosidl_typesupport_fastrtps_cpp.hpp
[3.195s] -- Up-to-date: /home/kcm/colcon_ws/install/my_interface/include/my_interface/my_interface/msg/detail/dds_fastrtps
[3.196s] -- Up-to-date: /home/kcm/colcon_ws/install/my_interface/include/my_interface/my_interface/msg/detail/mytopic__rosidl_typesupport_fastrtps_cpp.hpp
[3.196s] -- Up-to-date: /home/kcm/colcon_ws/install/my_interface/include/my_interface/my_interface/srv
[3.196s] -- Up-to-date: /home/kcm/colcon_ws/install/my_interface/include/my_interface/my_interface/srv/detail
[3.196s] -- Up-to-date: /home/kcm/colcon_ws/install/my_interface/include/my_interface/my_interface/srv/detail/mysrv__rosidl_typesupport_fastrtps_cpp.hpp
[3.196s] -- Up-to-date: /home/kcm/colcon_ws/install/my_interface/include/my_interface/my_interface/srv/detail/dds_fastrtps
[3.197s] -- Up-to-date: /home/kcm/colcon_ws/install/my_interface/lib/libmy_interface__rosidl_typesupport_fastrtps_cpp.so
[3.198s] -- Up-to-date: /home/kcm/colcon_ws/install/my_interface/include/my_interface/my_interface
[3.198s] -- Up-to-date: /home/kcm/colcon_ws/install/my_interface/include/my_interface/my_interface/msg
[3.198s] -- Up-to-date: /home/kcm/colcon_ws/install/my_interface/include/my_interface/my_interface/msg/rosidl_typesupport_introspection_c__visibility_control.h
[3.199s] -- Up-to-date: /home/kcm/colcon_ws/install/my_interface/include/my_interface/my_interface/msg/detail
[3.199s] -- Up-to-date: /home/kcm/colcon_ws/install/my_interface/include/my_interface/my_interface/msg/detail/my_topic__type_support.c
[3.199s] -- Up-to-date: /home/kcm/colcon_ws/install/my_interface/include/my_interface/my_interface/msg/detail/mytopic__type_support.c
[3.199s] -- Up-to-date: /home/kcm/colcon_ws/install/my_interface/include/my_interface/my_interface/msg/detail/my_topic__rosidl_typesupport_introspection_c.h
[3.199s] -- Up-to-date: /home/kcm/colcon_ws/install/my_interface/include/my_interface/my_interface/msg/detail/mytopic__rosidl_typesupport_introspection_c.h
[3.199s] -- Up-to-date: /home/kcm/colcon_ws/install/my_interface/include/my_interface/my_interface/srv
[3.199s] -- Up-to-date: /home/kcm/colcon_ws/install/my_interface/include/my_interface/my_interface/srv/detail
[3.200s] -- Up-to-date: /home/kcm/colcon_ws/install/my_interface/include/my_interface/my_interface/srv/detail/mysrv__rosidl_typesupport_introspection_c.h
[3.200s] -- Up-to-date: /home/kcm/colcon_ws/install/my_interface/include/my_interface/my_interface/srv/detail/mysrv__type_support.c
[3.200s] -- Up-to-date: /home/kcm/colcon_ws/install/my_interface/lib/libmy_interface__rosidl_typesupport_introspection_c.so
[3.201s] -- Up-to-date: /home/kcm/colcon_ws/install/my_interface/lib/libmy_interface__rosidl_typesupport_c.so
[3.201s] -- Up-to-date: /home/kcm/colcon_ws/install/my_interface/include/my_interface/my_interface
[3.201s] -- Up-to-date: /home/kcm/colcon_ws/install/my_interface/include/my_interface/my_interface/msg
[3.201s] -- Up-to-date: /home/kcm/colcon_ws/install/my_interface/include/my_interface/my_interface/msg/detail
[3.201s] -- Up-to-date: /home/kcm/colcon_ws/install/my_interface/include/my_interface/my_interface/msg/detail/my_topic__rosidl_typesupport_introspection_cpp.hpp
[3.207s] -- Up-to-date: /home/kcm/colcon_ws/install/my_interface/include/my_interface/my_interface/msg/detail/mytopic__type_support.cpp
[3.208s] -- Up-to-date: /home/kcm/colcon_ws/install/my_interface/include/my_interface/my_interface/msg/detail/my_topic__type_support.cpp
[3.208s] -- Up-to-date: /home/kcm/colcon_ws/install/my_interface/include/my_interface/my_interface/msg/detail/mytopic__rosidl_typesupport_introspection_cpp.hpp
[3.208s] -- Up-to-date: /home/kcm/colcon_ws/install/my_interface/include/my_interface/my_interface/srv
[3.208s] -- Up-to-date: /home/kcm/colcon_ws/install/my_interface/include/my_interface/my_interface/srv/detail
[3.209s] -- Up-to-date: /home/kcm/colcon_ws/install/my_interface/include/my_interface/my_interface/srv/detail/mysrv__type_support.cpp
[3.209s] -- Up-to-date: /home/kcm/colcon_ws/install/my_interface/include/my_interface/my_interface/srv/detail/mysrv__rosidl_typesupport_introspection_cpp.hpp
[3.209s] -- Up-to-date: /home/kcm/colcon_ws/install/my_interface/lib/libmy_interface__rosidl_typesupport_introspection_cpp.so
[3.210s] -- Up-to-date: /home/kcm/colcon_ws/install/my_interface/lib/libmy_interface__rosidl_typesupport_cpp.so
[3.211s] -- Up-to-date: /home/kcm/colcon_ws/install/my_interface/share/my_interface/environment/pythonpath.sh
[3.211s] -- Up-to-date: /home/kcm/colcon_ws/install/my_interface/share/my_interface/environment/pythonpath.dsv
[3.211s] -- Up-to-date: /home/kcm/colcon_ws/install/my_interface/local/lib/python3.10/dist-packages/my_interface-0.0.0-py3.10.egg-info
[3.212s] -- Installing: /home/kcm/colcon_ws/install/my_interface/local/lib/python3.10/dist-packages/my_interface-0.0.0-py3.10.egg-info/SOURCES.txt
[3.212s] -- Installing: /home/kcm/colcon_ws/install/my_interface/local/lib/python3.10/dist-packages/my_interface-0.0.0-py3.10.egg-info/top_level.txt
[3.212s] -- Installing: /home/kcm/colcon_ws/install/my_interface/local/lib/python3.10/dist-packages/my_interface-0.0.0-py3.10.egg-info/dependency_links.txt
[3.216s] -- Installing: /home/kcm/colcon_ws/install/my_interface/local/lib/python3.10/dist-packages/my_interface-0.0.0-py3.10.egg-info/PKG-INFO
[3.216s] -- Up-to-date: /home/kcm/colcon_ws/install/my_interface/local/lib/python3.10/dist-packages/my_interface
[3.217s] -- Up-to-date: /home/kcm/colcon_ws/install/my_interface/local/lib/python3.10/dist-packages/my_interface/my_interface_s__rosidl_typesupport_c.cpython-310-x86_64-linux-gnu.so
[3.217s] -- Up-to-date: /home/kcm/colcon_ws/install/my_interface/local/lib/python3.10/dist-packages/my_interface/_my_interface_s.ep.rosidl_typesupport_introspection_c.c
[3.217s] -- Up-to-date: /home/kcm/colcon_ws/install/my_interface/local/lib/python3.10/dist-packages/my_interface/__init__.py
[3.217s] -- Up-to-date: /home/kcm/colcon_ws/install/my_interface/local/lib/python3.10/dist-packages/my_interface/my_interface_s__rosidl_typesupport_fastrtps_c.cpython-310-x86_64-linux-gnu.so
[3.218s] -- Up-to-date: /home/kcm/colcon_ws/install/my_interface/local/lib/python3.10/dist-packages/my_interface/my_interface_s__rosidl_typesupport_introspection_c.cpython-310-x86_64-linux-gnu.so
[3.218s] -- Up-to-date: /home/kcm/colcon_ws/install/my_interface/local/lib/python3.10/dist-packages/my_interface/msg
[3.218s] -- Up-to-date: /home/kcm/colcon_ws/install/my_interface/local/lib/python3.10/dist-packages/my_interface/msg/_mytopic_s.c
[3.218s] -- Up-to-date: /home/kcm/colcon_ws/install/my_interface/local/lib/python3.10/dist-packages/my_interface/msg/_my_topic_s.c
[3.218s] -- Up-to-date: /home/kcm/colcon_ws/install/my_interface/local/lib/python3.10/dist-packages/my_interface/msg/_mytopic.py
[3.226s] -- Up-to-date: /home/kcm/colcon_ws/install/my_interface/local/lib/python3.10/dist-packages/my_interface/msg/__init__.py
[3.226s] -- Up-to-date: /home/kcm/colcon_ws/install/my_interface/local/lib/python3.10/dist-packages/my_interface/msg/_my_topic.py
[3.226s] -- Up-to-date: /home/kcm/colcon_ws/install/my_interface/local/lib/python3.10/dist-packages/my_interface/srv
[3.226s] -- Up-to-date: /home/kcm/colcon_ws/install/my_interface/local/lib/python3.10/dist-packages/my_interface/srv/_mysrv.py
[3.226s] -- Up-to-date: /home/kcm/colcon_ws/install/my_interface/local/lib/python3.10/dist-packages/my_interface/srv/__init__.py
[3.227s] -- Up-to-date: /home/kcm/colcon_ws/install/my_interface/local/lib/python3.10/dist-packages/my_interface/srv/_mysrv_s.c
[3.228s] -- Up-to-date: /home/kcm/colcon_ws/install/my_interface/local/lib/python3.10/dist-packages/my_interface/_my_interface_s.ep.rosidl_typesupport_fastrtps_c.c
[3.228s] -- Up-to-date: /home/kcm/colcon_ws/install/my_interface/local/lib/python3.10/dist-packages/my_interface/_my_interface_s.ep.rosidl_typesupport_c.c
[3.228s] -- Up-to-date: /home/kcm/colcon_ws/install/my_interface/local/lib/python3.10/dist-packages/my_interface/libmy_interface__rosidl_generator_py.so
[3.335s] Listing '/home/kcm/colcon_ws/install/my_interface/local/lib/python3.10/dist-packages/my_interface'...
[3.336s] Listing '/home/kcm/colcon_ws/install/my_interface/local/lib/python3.10/dist-packages/my_interface/msg'...
[3.336s] Listing '/home/kcm/colcon_ws/install/my_interface/local/lib/python3.10/dist-packages/my_interface/srv'...
[3.342s] -- Up-to-date: /home/kcm/colcon_ws/install/my_interface/local/lib/python3.10/dist-packages/my_interface/my_interface_s__rosidl_typesupport_fastrtps_c.cpython-310-x86_64-linux-gnu.so
[3.344s] -- Up-to-date: /home/kcm/colcon_ws/install/my_interface/local/lib/python3.10/dist-packages/my_interface/my_interface_s__rosidl_typesupport_introspection_c.cpython-310-x86_64-linux-gnu.so
[3.345s] -- Up-to-date: /home/kcm/colcon_ws/install/my_interface/local/lib/python3.10/dist-packages/my_interface/my_interface_s__rosidl_typesupport_c.cpython-310-x86_64-linux-gnu.so
[3.346s] -- Up-to-date: /home/kcm/colcon_ws/install/my_interface/lib/libmy_interface__rosidl_generator_py.so
[3.347s] -- Up-to-date: /home/kcm/colcon_ws/install/my_interface/share/my_interface/msg/Mytopic.idl
[3.348s] -- Up-to-date: /home/kcm/colcon_ws/install/my_interface/share/my_interface/srv/Mysrv.idl
[3.348s] -- Up-to-date: /home/kcm/colcon_ws/install/my_interface/share/my_interface/msg/Mytopic.msg
[3.349s] -- Up-to-date: /home/kcm/colcon_ws/install/my_interface/share/my_interface/srv/Mysrv.srv
[3.351s] -- Up-to-date: /home/kcm/colcon_ws/install/my_interface/share/my_interface/srv/Mysrv_Request.msg
[3.352s] -- Up-to-date: /home/kcm/colcon_ws/install/my_interface/share/my_interface/srv/Mysrv_Response.msg
[3.352s] -- Up-to-date: /home/kcm/colcon_ws/install/my_interface/share/ament_index/resource_index/package_run_dependencies/my_interface
[3.353s] -- Up-to-date: /home/kcm/colcon_ws/install/my_interface/share/ament_index/resource_index/parent_prefix_path/my_interface
[3.353s] -- Up-to-date: /home/kcm/colcon_ws/install/my_interface/share/my_interface/environment/ament_prefix_path.sh
[3.354s] -- Up-to-date: /home/kcm/colcon_ws/install/my_interface/share/my_interface/environment/ament_prefix_path.dsv
[3.354s] -- Up-to-date: /home/kcm/colcon_ws/install/my_interface/share/my_interface/environment/path.sh
[3.354s] -- Up-to-date: /home/kcm/colcon_ws/install/my_interface/share/my_interface/environment/path.dsv
[3.355s] -- Up-to-date: /home/kcm/colcon_ws/install/my_interface/share/my_interface/local_setup.bash
[3.356s] -- Up-to-date: /home/kcm/colcon_ws/install/my_interface/share/my_interface/local_setup.sh
[3.356s] -- Up-to-date: /home/kcm/colcon_ws/install/my_interface/share/my_interface/local_setup.zsh
[3.357s] -- Up-to-date: /home/kcm/colcon_ws/install/my_interface/share/my_interface/local_setup.dsv
[3.357s] -- Installing: /home/kcm/colcon_ws/install/my_interface/share/my_interface/package.dsv
[3.357s] -- Up-to-date: /home/kcm/colcon_ws/install/my_interface/share/ament_index/resource_index/packages/my_interface
[3.372s] -- Up-to-date: /home/kcm/colcon_ws/install/my_interface/share/my_interface/cmake/export_my_interface__rosidl_generator_cExport.cmake
[3.372s] -- Up-to-date: /home/kcm/colcon_ws/install/my_interface/share/my_interface/cmake/export_my_interface__rosidl_generator_cExport-noconfig.cmake
[3.372s] -- Up-to-date: /home/kcm/colcon_ws/install/my_interface/share/my_interface/cmake/export_my_interface__rosidl_typesupport_fastrtps_cExport.cmake
[3.372s] -- Up-to-date: /home/kcm/colcon_ws/install/my_interface/share/my_interface/cmake/export_my_interface__rosidl_typesupport_fastrtps_cExport-noconfig.cmake
[3.372s] -- Up-to-date: /home/kcm/colcon_ws/install/my_interface/share/my_interface/cmake/export_my_interface__rosidl_generator_cppExport.cmake
[3.375s] -- Up-to-date: /home/kcm/colcon_ws/install/my_interface/share/my_interface/cmake/export_my_interface__rosidl_typesupport_fastrtps_cppExport.cmake
[3.375s] -- Up-to-date: /home/kcm/colcon_ws/install/my_interface/share/my_interface/cmake/export_my_interface__rosidl_typesupport_fastrtps_cppExport-noconfig.cmake
[3.375s] -- Up-to-date: /home/kcm/colcon_ws/install/my_interface/share/my_interface/cmake/my_interface__rosidl_typesupport_introspection_cExport.cmake
[3.376s] -- Up-to-date: /home/kcm/colcon_ws/install/my_interface/share/my_interface/cmake/my_interface__rosidl_typesupport_introspection_cExport-noconfig.cmake
[3.376s] -- Up-to-date: /home/kcm/colcon_ws/install/my_interface/share/my_interface/cmake/my_interface__rosidl_typesupport_cExport.cmake
[3.376s] -- Up-to-date: /home/kcm/colcon_ws/install/my_interface/share/my_interface/cmake/my_interface__rosidl_typesupport_cExport-noconfig.cmake
[3.376s] -- Up-to-date: /home/kcm/colcon_ws/install/my_interface/share/my_interface/cmake/my_interface__rosidl_typesupport_introspection_cppExport.cmake
[3.376s] -- Up-to-date: /home/kcm/colcon_ws/install/my_interface/share/my_interface/cmake/my_interface__rosidl_typesupport_introspection_cppExport-noconfig.cmake
[3.376s] -- Up-to-date: /home/kcm/colcon_ws/install/my_interface/share/my_interface/cmake/my_interface__rosidl_typesupport_cppExport.cmake
[3.377s] -- Up-to-date: /home/kcm/colcon_ws/install/my_interface/share/my_interface/cmake/my_interface__rosidl_typesupport_cppExport-noconfig.cmake
[3.377s] -- Up-to-date: /home/kcm/colcon_ws/install/my_interface/share/my_interface/cmake/export_my_interface__rosidl_generator_pyExport.cmake
[3.377s] -- Up-to-date: /home/kcm/colcon_ws/install/my_interface/share/my_interface/cmake/export_my_interface__rosidl_generator_pyExport-noconfig.cmake
[3.377s] -- Up-to-date: /home/kcm/colcon_ws/install/my_interface/share/my_interface/cmake/rosidl_cmake-extras.cmake
[3.377s] -- Up-to-date: /home/kcm/colcon_ws/install/my_interface/share/my_interface/cmake/ament_cmake_export_dependencies-extras.cmake
[3.382s] -- Up-to-date: /home/kcm/colcon_ws/install/my_interface/share/my_interface/cmake/ament_cmake_export_include_directories-extras.cmake
[3.382s] -- Up-to-date: /home/kcm/colcon_ws/install/my_interface/share/my_interface/cmake/ament_cmake_export_libraries-extras.cmake
[3.382s] -- Up-to-date: /home/kcm/colcon_ws/install/my_interface/share/my_interface/cmake/ament_cmake_export_targets-extras.cmake
[3.382s] -- Up-to-date: /home/kcm/colcon_ws/install/my_interface/share/my_interface/cmake/rosidl_cmake_export_typesupport_targets-extras.cmake
[3.382s] -- Up-to-date: /home/kcm/colcon_ws/install/my_interface/share/my_interface/cmake/rosidl_cmake_export_typesupport_libraries-extras.cmake
[3.383s] -- Up-to-date: /home/kcm/colcon_ws/install/my_interface/share/my_interface/cmake/my_interfaceConfig.cmake
[3.383s] -- Up-to-date: /home/kcm/colcon_ws/install/my_interface/share/my_interface/cmake/my_interfaceConfig-version.cmake
[3.383s] -- Up-to-date: /home/kcm/colcon_ws/install/my_interface/share/my_interface/package.xml
[3.400s] Invoked command in '/home/kcm/colcon_ws/build/my_interface' returned '0': CMAKE_PREFIX_PATH=${CMAKE_PREFIX_PATH}:/home/kcm/colcon_ws/install/my_pkg:/home/kcm/colcon_ws/install/move_turtle:/home/kcm/ros2_ws/install/py_srvcli:/home/kcm/ros2_ws/install/py_pubsub:/home/kcm/ros2_ws/install/py_ps:/home/kcm/ros2_ws/install/my_package:/opt/ros/humble /usr/bin/cmake --install /home/kcm/colcon_ws/build/my_interface
