[1.574s] Invoking command in '/home/kcm/colcon_ws/src/my_pkg': PYTHONPATH=/home/kcm/colcon_ws/build/my_pkg/prefix_override:/home/kcm/colcon_ws/install/my_pkg/lib/python3.10/site-packages:${PYTHONPATH} /usr/bin/python3 -W ignore:setup.py install is deprecated setup.py egg_info --egg-base ../../build/my_pkg build --build-base /home/kcm/colcon_ws/build/my_pkg/build install --record /home/kcm/colcon_ws/build/my_pkg/install.log --single-version-externally-managed install_data
[2.108s] running egg_info
[2.110s] writing ../../build/my_pkg/my_pkg.egg-info/PKG-INFO
[2.111s] writing dependency_links to ../../build/my_pkg/my_pkg.egg-info/dependency_links.txt
[2.113s] writing entry points to ../../build/my_pkg/my_pkg.egg-info/entry_points.txt
[2.115s] writing requirements to ../../build/my_pkg/my_pkg.egg-info/requires.txt
[2.116s] writing top-level names to ../../build/my_pkg/my_pkg.egg-info/top_level.txt
[2.120s] reading manifest file '../../build/my_pkg/my_pkg.egg-info/SOURCES.txt'
[2.121s] writing manifest file '../../build/my_pkg/my_pkg.egg-info/SOURCES.txt'
[2.124s] running build
[2.125s] running build_py
[2.126s] copying my_pkg/simple_srv_client.py -> /home/kcm/colcon_ws/build/my_pkg/build/lib/my_pkg
[2.159s] running install
[2.160s] running install_lib
[2.160s] copying /home/kcm/colcon_ws/build/my_pkg/build/lib/my_pkg/simple_srv_client.py -> /home/kcm/colcon_ws/install/my_pkg/lib/python3.10/site-packages/my_pkg
[2.160s] byte-compiling /home/kcm/colcon_ws/install/my_pkg/lib/python3.10/site-packages/my_pkg/simple_srv_client.py to simple_srv_client.cpython-310.pyc
[2.161s] running install_data
[2.162s] running install_egg_info
[2.165s] removing '/home/kcm/colcon_ws/install/my_pkg/lib/python3.10/site-packages/my_pkg-0.0.0-py3.10.egg-info' (and everything under it)
[2.172s] Copying ../../build/my_pkg/my_pkg.egg-info to /home/kcm/colcon_ws/install/my_pkg/lib/python3.10/site-packages/my_pkg-0.0.0-py3.10.egg-info
[2.176s] running install_scripts
[2.206s] Installing mpub script to /home/kcm/colcon_ws/install/my_pkg/lib/my_pkg
[2.208s] Installing myinterfacepub script to /home/kcm/colcon_ws/install/my_pkg/lib/my_pkg
[2.210s] Installing myinterfacesub script to /home/kcm/colcon_ws/install/my_pkg/lib/my_pkg
[2.211s] Installing mysrvclient script to /home/kcm/colcon_ws/install/my_pkg/lib/my_pkg
[2.214s] Installing mysrvserver script to /home/kcm/colcon_ws/install/my_pkg/lib/my_pkg
[2.215s] writing list of installed files to '/home/kcm/colcon_ws/build/my_pkg/install.log'
[2.275s] Invoked command in '/home/kcm/colcon_ws/src/my_pkg' returned '0': PYTHONPATH=/home/kcm/colcon_ws/build/my_pkg/prefix_override:/home/kcm/colcon_ws/install/my_pkg/lib/python3.10/site-packages:${PYTHONPATH} /usr/bin/python3 -W ignore:setup.py install is deprecated setup.py egg_info --egg-base ../../build/my_pkg build --build-base /home/kcm/colcon_ws/build/my_pkg/build install --record /home/kcm/colcon_ws/build/my_pkg/install.log --single-version-externally-managed install_data
