[0.721s] Invoking command in '/home/kcm/colcon_ws/src/my_pkg': PYTHONPATH=/home/kcm/colcon_ws/build/my_pkg/prefix_override:/home/kcm/colcon_ws/install/my_pkg/lib/python3.10/site-packages:${PYTHONPATH} /usr/bin/python3 -W ignore:setup.py install is deprecated setup.py egg_info --egg-base ../../build/my_pkg build --build-base /home/kcm/colcon_ws/build/my_pkg/build install --record /home/kcm/colcon_ws/build/my_pkg/install.log --single-version-externally-managed install_data
[0.939s] running egg_info
[0.941s] writing ../../build/my_pkg/my_pkg.egg-info/PKG-INFO
[0.942s] writing dependency_links to ../../build/my_pkg/my_pkg.egg-info/dependency_links.txt
[0.942s] writing entry points to ../../build/my_pkg/my_pkg.egg-info/entry_points.txt
[0.943s] writing requirements to ../../build/my_pkg/my_pkg.egg-info/requires.txt
[0.943s] writing top-level names to ../../build/my_pkg/my_pkg.egg-info/top_level.txt
[0.945s] reading manifest file '../../build/my_pkg/my_pkg.egg-info/SOURCES.txt'
[0.946s] writing manifest file '../../build/my_pkg/my_pkg.egg-info/SOURCES.txt'
[0.947s] running build
[0.947s] running build_py
[0.948s] running install
[0.948s] running install_lib
[0.950s] running install_data
[0.950s] running install_egg_info
[0.952s] removing '/home/kcm/colcon_ws/install/my_pkg/lib/python3.10/site-packages/my_pkg-0.0.0-py3.10.egg-info' (and everything under it)
[0.957s] Copying ../../build/my_pkg/my_pkg.egg-info to /home/kcm/colcon_ws/install/my_pkg/lib/python3.10/site-packages/my_pkg-0.0.0-py3.10.egg-info
[0.960s] running install_scripts
[0.990s] Installing mpub script to /home/kcm/colcon_ws/install/my_pkg/lib/my_pkg
[0.991s] writing list of installed files to '/home/kcm/colcon_ws/build/my_pkg/install.log'
[1.012s] Invoked command in '/home/kcm/colcon_ws/src/my_pkg' returned '0': PYTHONPATH=/home/kcm/colcon_ws/build/my_pkg/prefix_override:/home/kcm/colcon_ws/install/my_pkg/lib/python3.10/site-packages:${PYTHONPATH} /usr/bin/python3 -W ignore:setup.py install is deprecated setup.py egg_info --egg-base ../../build/my_pkg build --build-base /home/kcm/colcon_ws/build/my_pkg/build install --record /home/kcm/colcon_ws/build/my_pkg/install.log --single-version-externally-managed install_data
