[0.154s] DEBUG:colcon:Command line arguments: ['/usr/bin/colcon', 'build']
[0.154s] DEBUG:colcon:Parsed command line arguments: Namespace(log_base=None, log_level=None, verb_name='build', build_base='build', install_base='install', merge_install=False, symlink_install=False, test_result_base=None, continue_on_error=False, executor='parallel', parallel_workers=1, event_handlers=None, ignore_user_meta=False, metas=['./colcon.meta'], base_paths=['.'], packages_ignore=None, packages_ignore_regex=None, paths=None, packages_up_to=None, packages_up_to_regex=None, packages_above=None, packages_above_and_dependencies=None, packages_above_depth=None, packages_select_by_dep=None, packages_skip_by_dep=None, packages_skip_up_to=None, packages_select_build_failed=False, packages_skip_build_finished=False, packages_select_test_failures=False, packages_skip_test_passed=False, packages_select=None, packages_skip=None, packages_select_regex=None, packages_skip_regex=None, packages_start=None, packages_end=None, allow_overriding=[], cmake_args=None, cmake_target=None, cmake_target_skip_unavailable=False, cmake_clean_cache=False, cmake_clean_first=False, cmake_force_configure=False, ament_cmake_args=None, catkin_cmake_args=None, catkin_skip_building_tests=False, mixin_files=None, mixin=None, verb_parser=<colcon_mixin.mixin.mixin_argument.MixinArgumentDecorator object at 0x7ced83e34ca0>, verb_extension=<colcon_core.verb.build.BuildVerb object at 0x7ced83f294b0>, main=<bound method BuildVerb.main of <colcon_core.verb.build.BuildVerb object at 0x7ced83f294b0>>, mixin_verb=('build',))
[0.396s] Level 1:colcon.colcon_core.package_discovery:discover_packages(colcon_meta) check parameters
[0.397s] Level 1:colcon.colcon_core.package_discovery:discover_packages(recursive) check parameters
[0.397s] Level 1:colcon.colcon_core.package_discovery:discover_packages(ignore) check parameters
[0.397s] Level 1:colcon.colcon_core.package_discovery:discover_packages(path) check parameters
[0.397s] Level 1:colcon.colcon_core.package_discovery:discover_packages(colcon_meta) discover
[0.397s] Level 1:colcon.colcon_core.package_discovery:discover_packages(recursive) discover
[0.398s] INFO:colcon.colcon_core.package_discovery:Crawling recursively for packages in '/home/kcm/colcon_ws'
[0.398s] Level 1:colcon.colcon_core.package_identification:_identify(.) by extensions ['ignore', 'ignore_ament_install']
[0.398s] Level 1:colcon.colcon_core.package_identification:_identify(.) by extension 'ignore'
[0.398s] Level 1:colcon.colcon_core.package_identification:_identify(.) by extension 'ignore_ament_install'
[0.398s] Level 1:colcon.colcon_core.package_identification:_identify(.) by extensions ['colcon_pkg']
[0.398s] Level 1:colcon.colcon_core.package_identification:_identify(.) by extension 'colcon_pkg'
[0.398s] Level 1:colcon.colcon_core.package_identification:_identify(.) by extensions ['colcon_meta']
[0.399s] Level 1:colcon.colcon_core.package_identification:_identify(.) by extension 'colcon_meta'
[0.399s] Level 1:colcon.colcon_core.package_identification:_identify(.) by extensions ['ros']
[0.399s] Level 1:colcon.colcon_core.package_identification:_identify(.) by extension 'ros'
[0.439s] Level 1:colcon.colcon_core.package_identification:_identify(.) by extensions ['cmake', 'python']
[0.440s] Level 1:colcon.colcon_core.package_identification:_identify(.) by extension 'cmake'
[0.440s] Level 1:colcon.colcon_core.package_identification:_identify(.) by extension 'python'
[0.440s] Level 1:colcon.colcon_core.package_identification:_identify(.) by extensions ['python_setup_py']
[0.440s] Level 1:colcon.colcon_core.package_identification:_identify(.) by extension 'python_setup_py'
[0.440s] Level 1:colcon.colcon_core.package_identification:_identify(build) by extensions ['ignore', 'ignore_ament_install']
[0.441s] Level 1:colcon.colcon_core.package_identification:_identify(build) by extension 'ignore'
[0.441s] Level 1:colcon.colcon_core.package_identification:_identify(build) ignored
[0.441s] Level 1:colcon.colcon_core.package_identification:_identify(install) by extensions ['ignore', 'ignore_ament_install']
[0.442s] Level 1:colcon.colcon_core.package_identification:_identify(install) by extension 'ignore'
[0.442s] Level 1:colcon.colcon_core.package_identification:_identify(install) ignored
[0.442s] Level 1:colcon.colcon_core.package_identification:_identify(log) by extensions ['ignore', 'ignore_ament_install']
[0.442s] Level 1:colcon.colcon_core.package_identification:_identify(log) by extension 'ignore'
[0.442s] Level 1:colcon.colcon_core.package_identification:_identify(log) ignored
[0.443s] Level 1:colcon.colcon_core.package_identification:_identify(src) by extensions ['ignore', 'ignore_ament_install']
[0.443s] Level 1:colcon.colcon_core.package_identification:_identify(src) by extension 'ignore'
[0.443s] Level 1:colcon.colcon_core.package_identification:_identify(src) by extension 'ignore_ament_install'
[0.443s] Level 1:colcon.colcon_core.package_identification:_identify(src) by extensions ['colcon_pkg']
[0.443s] Level 1:colcon.colcon_core.package_identification:_identify(src) by extension 'colcon_pkg'
[0.443s] Level 1:colcon.colcon_core.package_identification:_identify(src) by extensions ['colcon_meta']
[0.444s] Level 1:colcon.colcon_core.package_identification:_identify(src) by extension 'colcon_meta'
[0.444s] Level 1:colcon.colcon_core.package_identification:_identify(src) by extensions ['ros']
[0.444s] Level 1:colcon.colcon_core.package_identification:_identify(src) by extension 'ros'
[0.444s] Level 1:colcon.colcon_core.package_identification:_identify(src) by extensions ['cmake', 'python']
[0.444s] Level 1:colcon.colcon_core.package_identification:_identify(src) by extension 'cmake'
[0.444s] Level 1:colcon.colcon_core.package_identification:_identify(src) by extension 'python'
[0.444s] Level 1:colcon.colcon_core.package_identification:_identify(src) by extensions ['python_setup_py']
[0.444s] Level 1:colcon.colcon_core.package_identification:_identify(src) by extension 'python_setup_py'
[0.445s] Level 1:colcon.colcon_core.package_identification:_identify(src/move_turtle) by extensions ['ignore', 'ignore_ament_install']
[0.445s] Level 1:colcon.colcon_core.package_identification:_identify(src/move_turtle) by extension 'ignore'
[0.445s] Level 1:colcon.colcon_core.package_identification:_identify(src/move_turtle) by extension 'ignore_ament_install'
[0.445s] Level 1:colcon.colcon_core.package_identification:_identify(src/move_turtle) by extensions ['colcon_pkg']
[0.445s] Level 1:colcon.colcon_core.package_identification:_identify(src/move_turtle) by extension 'colcon_pkg'
[0.445s] Level 1:colcon.colcon_core.package_identification:_identify(src/move_turtle) by extensions ['colcon_meta']
[0.446s] Level 1:colcon.colcon_core.package_identification:_identify(src/move_turtle) by extension 'colcon_meta'
[0.446s] Level 1:colcon.colcon_core.package_identification:_identify(src/move_turtle) by extensions ['ros']
[0.446s] Level 1:colcon.colcon_core.package_identification:_identify(src/move_turtle) by extension 'ros'
[0.463s] DEBUG:colcon.colcon_core.package_identification:Package 'src/move_turtle' with type 'ros.ament_python' and name 'move_turtle'
[0.464s] Level 1:colcon.colcon_core.package_identification:_identify(src/my_interface) by extensions ['ignore', 'ignore_ament_install']
[0.464s] Level 1:colcon.colcon_core.package_identification:_identify(src/my_interface) by extension 'ignore'
[0.464s] Level 1:colcon.colcon_core.package_identification:_identify(src/my_interface) by extension 'ignore_ament_install'
[0.464s] Level 1:colcon.colcon_core.package_identification:_identify(src/my_interface) by extensions ['colcon_pkg']
[0.464s] Level 1:colcon.colcon_core.package_identification:_identify(src/my_interface) by extension 'colcon_pkg'
[0.465s] Level 1:colcon.colcon_core.package_identification:_identify(src/my_interface) by extensions ['colcon_meta']
[0.465s] Level 1:colcon.colcon_core.package_identification:_identify(src/my_interface) by extension 'colcon_meta'
[0.465s] Level 1:colcon.colcon_core.package_identification:_identify(src/my_interface) by extensions ['ros']
[0.465s] Level 1:colcon.colcon_core.package_identification:_identify(src/my_interface) by extension 'ros'
[0.466s] DEBUG:colcon.colcon_core.package_identification:Package 'src/my_interface' with type 'ros.ament_cmake' and name 'my_interface'
[0.466s] Level 1:colcon.colcon_core.package_identification:_identify(src/my_pkg) by extensions ['ignore', 'ignore_ament_install']
[0.467s] Level 1:colcon.colcon_core.package_identification:_identify(src/my_pkg) by extension 'ignore'
[0.467s] Level 1:colcon.colcon_core.package_identification:_identify(src/my_pkg) by extension 'ignore_ament_install'
[0.467s] Level 1:colcon.colcon_core.package_identification:_identify(src/my_pkg) by extensions ['colcon_pkg']
[0.467s] Level 1:colcon.colcon_core.package_identification:_identify(src/my_pkg) by extension 'colcon_pkg'
[0.467s] Level 1:colcon.colcon_core.package_identification:_identify(src/my_pkg) by extensions ['colcon_meta']
[0.467s] Level 1:colcon.colcon_core.package_identification:_identify(src/my_pkg) by extension 'colcon_meta'
[0.468s] Level 1:colcon.colcon_core.package_identification:_identify(src/my_pkg) by extensions ['ros']
[0.468s] Level 1:colcon.colcon_core.package_identification:_identify(src/my_pkg) by extension 'ros'
[0.469s] DEBUG:colcon.colcon_core.package_identification:Package 'src/my_pkg' with type 'ros.ament_python' and name 'my_pkg'
[0.469s] Level 1:colcon.colcon_core.package_discovery:discover_packages(recursive) using defaults
[0.470s] Level 1:colcon.colcon_core.package_discovery:discover_packages(ignore) discover
[0.470s] Level 1:colcon.colcon_core.package_discovery:discover_packages(ignore) using defaults
[0.470s] Level 1:colcon.colcon_core.package_discovery:discover_packages(path) discover
[0.470s] Level 1:colcon.colcon_core.package_discovery:discover_packages(path) using defaults
[0.513s] Level 1:colcon.colcon_core.package_discovery:discover_packages(prefix_path) check parameters
[0.513s] Level 1:colcon.colcon_core.package_discovery:discover_packages(prefix_path) discover
[0.516s] DEBUG:colcon.colcon_installed_package_information.package_discovery:Found 3 installed packages in /home/kcm/colcon_ws/install
[0.517s] DEBUG:colcon.colcon_installed_package_information.package_discovery:Found 5 installed packages in /home/kcm/ros2_ws/install
[0.519s] DEBUG:colcon.colcon_installed_package_information.package_discovery:Found 332 installed packages in /opt/ros/humble
[0.523s] Level 1:colcon.colcon_core.package_discovery:discover_packages(prefix_path) using defaults
[0.576s] Level 5:colcon.colcon_core.verb:set package 'move_turtle' build argument 'cmake_args' from command line to 'None'
[0.576s] Level 5:colcon.colcon_core.verb:set package 'move_turtle' build argument 'cmake_target' from command line to 'None'
[0.576s] Level 5:colcon.colcon_core.verb:set package 'move_turtle' build argument 'cmake_target_skip_unavailable' from command line to 'False'
[0.576s] Level 5:colcon.colcon_core.verb:set package 'move_turtle' build argument 'cmake_clean_cache' from command line to 'False'
[0.576s] Level 5:colcon.colcon_core.verb:set package 'move_turtle' build argument 'cmake_clean_first' from command line to 'False'
[0.576s] Level 5:colcon.colcon_core.verb:set package 'move_turtle' build argument 'cmake_force_configure' from command line to 'False'
[0.576s] Level 5:colcon.colcon_core.verb:set package 'move_turtle' build argument 'ament_cmake_args' from command line to 'None'
[0.576s] Level 5:colcon.colcon_core.verb:set package 'move_turtle' build argument 'catkin_cmake_args' from command line to 'None'
[0.576s] Level 5:colcon.colcon_core.verb:set package 'move_turtle' build argument 'catkin_skip_building_tests' from command line to 'False'
[0.577s] DEBUG:colcon.colcon_core.verb:Building package 'move_turtle' with the following arguments: {'ament_cmake_args': None, 'build_base': '/home/kcm/colcon_ws/build/move_turtle', 'catkin_cmake_args': None, 'catkin_skip_building_tests': False, 'cmake_args': None, 'cmake_clean_cache': False, 'cmake_clean_first': False, 'cmake_force_configure': False, 'cmake_target': None, 'cmake_target_skip_unavailable': False, 'install_base': '/home/kcm/colcon_ws/install/move_turtle', 'merge_install': False, 'path': '/home/kcm/colcon_ws/src/move_turtle', 'symlink_install': False, 'test_result_base': None}
[0.577s] Level 5:colcon.colcon_core.verb:set package 'my_interface' build argument 'cmake_args' from command line to 'None'
[0.577s] Level 5:colcon.colcon_core.verb:set package 'my_interface' build argument 'cmake_target' from command line to 'None'
[0.578s] Level 5:colcon.colcon_core.verb:set package 'my_interface' build argument 'cmake_target_skip_unavailable' from command line to 'False'
[0.578s] Level 5:colcon.colcon_core.verb:set package 'my_interface' build argument 'cmake_clean_cache' from command line to 'False'
[0.578s] Level 5:colcon.colcon_core.verb:set package 'my_interface' build argument 'cmake_clean_first' from command line to 'False'
[0.578s] Level 5:colcon.colcon_core.verb:set package 'my_interface' build argument 'cmake_force_configure' from command line to 'False'
[0.578s] Level 5:colcon.colcon_core.verb:set package 'my_interface' build argument 'ament_cmake_args' from command line to 'None'
[0.578s] Level 5:colcon.colcon_core.verb:set package 'my_interface' build argument 'catkin_cmake_args' from command line to 'None'
[0.578s] Level 5:colcon.colcon_core.verb:set package 'my_interface' build argument 'catkin_skip_building_tests' from command line to 'False'
[0.578s] DEBUG:colcon.colcon_core.verb:Building package 'my_interface' with the following arguments: {'ament_cmake_args': None, 'build_base': '/home/kcm/colcon_ws/build/my_interface', 'catkin_cmake_args': None, 'catkin_skip_building_tests': False, 'cmake_args': None, 'cmake_clean_cache': False, 'cmake_clean_first': False, 'cmake_force_configure': False, 'cmake_target': None, 'cmake_target_skip_unavailable': False, 'install_base': '/home/kcm/colcon_ws/install/my_interface', 'merge_install': False, 'path': '/home/kcm/colcon_ws/src/my_interface', 'symlink_install': False, 'test_result_base': None}
[0.579s] Level 5:colcon.colcon_core.verb:set package 'my_pkg' build argument 'cmake_args' from command line to 'None'
[0.579s] Level 5:colcon.colcon_core.verb:set package 'my_pkg' build argument 'cmake_target' from command line to 'None'
[0.579s] Level 5:colcon.colcon_core.verb:set package 'my_pkg' build argument 'cmake_target_skip_unavailable' from command line to 'False'
[0.579s] Level 5:colcon.colcon_core.verb:set package 'my_pkg' build argument 'cmake_clean_cache' from command line to 'False'
[0.579s] Level 5:colcon.colcon_core.verb:set package 'my_pkg' build argument 'cmake_clean_first' from command line to 'False'
[0.579s] Level 5:colcon.colcon_core.verb:set package 'my_pkg' build argument 'cmake_force_configure' from command line to 'False'
[0.580s] Level 5:colcon.colcon_core.verb:set package 'my_pkg' build argument 'ament_cmake_args' from command line to 'None'
[0.580s] Level 5:colcon.colcon_core.verb:set package 'my_pkg' build argument 'catkin_cmake_args' from command line to 'None'
[0.580s] Level 5:colcon.colcon_core.verb:set package 'my_pkg' build argument 'catkin_skip_building_tests' from command line to 'False'
[0.580s] DEBUG:colcon.colcon_core.verb:Building package 'my_pkg' with the following arguments: {'ament_cmake_args': None, 'build_base': '/home/kcm/colcon_ws/build/my_pkg', 'catkin_cmake_args': None, 'catkin_skip_building_tests': False, 'cmake_args': None, 'cmake_clean_cache': False, 'cmake_clean_first': False, 'cmake_force_configure': False, 'cmake_target': None, 'cmake_target_skip_unavailable': False, 'install_base': '/home/kcm/colcon_ws/install/my_pkg', 'merge_install': False, 'path': '/home/kcm/colcon_ws/src/my_pkg', 'symlink_install': False, 'test_result_base': None}
[0.580s] INFO:colcon.colcon_core.executor:Executing jobs using 'parallel' executor
[0.582s] DEBUG:colcon.colcon_parallel_executor.executor.parallel:run_until_complete
[0.582s] INFO:colcon.colcon_ros.task.ament_python.build:Building ROS package in '/home/kcm/colcon_ws/src/move_turtle' with build type 'ament_python'
[0.583s] Level 1:colcon.colcon_core.shell:create_environment_hook('move_turtle', 'ament_prefix_path')
[0.585s] INFO:colcon.colcon_core.plugin_system:Skipping extension 'colcon_core.shell.bat': Not used on non-Windows systems
[0.587s] INFO:colcon.colcon_core.shell:Creating environment hook '/home/kcm/colcon_ws/install/move_turtle/share/move_turtle/hook/ament_prefix_path.ps1'
[0.589s] INFO:colcon.colcon_core.shell:Creating environment descriptor '/home/kcm/colcon_ws/install/move_turtle/share/move_turtle/hook/ament_prefix_path.dsv'
[0.590s] INFO:colcon.colcon_core.shell:Creating environment hook '/home/kcm/colcon_ws/install/move_turtle/share/move_turtle/hook/ament_prefix_path.sh'
[0.592s] INFO:colcon.colcon_core.shell:Skip shell extension 'powershell' for command environment: Not usable outside of PowerShell
[0.592s] DEBUG:colcon.colcon_core.shell:Skip shell extension 'dsv' for command environment
[1.745s] INFO:colcon.colcon_core.task.python.build:Building Python package in '/home/kcm/colcon_ws/src/move_turtle'
[1.747s] INFO:colcon.colcon_core.shell:Skip shell extension 'powershell' for command environment: Not usable outside of PowerShell
[1.749s] DEBUG:colcon.colcon_core.shell:Skip shell extension 'dsv' for command environment
[2.632s] DEBUG:colcon.colcon_core.event_handler.log_command:Invoking command in '/home/kcm/colcon_ws/src/move_turtle': PYTHONPATH=/home/kcm/colcon_ws/build/move_turtle/prefix_override:/home/kcm/colcon_ws/install/move_turtle/lib/python3.10/site-packages:${PYTHONPATH} /usr/bin/python3 -W ignore:setup.py install is deprecated setup.py egg_info --egg-base ../../build/move_turtle build --build-base /home/kcm/colcon_ws/build/move_turtle/build install --record /home/kcm/colcon_ws/build/move_turtle/install.log --single-version-externally-managed install_data
[3.360s] Level 1:colcon.colcon_core.environment:checking '/home/kcm/colcon_ws/install/move_turtle' for CMake module files
[3.373s] DEBUG:colcon.colcon_core.event_handler.log_command:Invoked command in '/home/kcm/colcon_ws/src/move_turtle' returned '0': PYTHONPATH=/home/kcm/colcon_ws/build/move_turtle/prefix_override:/home/kcm/colcon_ws/install/move_turtle/lib/python3.10/site-packages:${PYTHONPATH} /usr/bin/python3 -W ignore:setup.py install is deprecated setup.py egg_info --egg-base ../../build/move_turtle build --build-base /home/kcm/colcon_ws/build/move_turtle/build install --record /home/kcm/colcon_ws/build/move_turtle/install.log --single-version-externally-managed install_data
[3.373s] Level 1:colcon.colcon_core.environment:checking '/home/kcm/colcon_ws/install/move_turtle' for CMake config files
[3.374s] Level 1:colcon.colcon_core.environment:checking '/home/kcm/colcon_ws/install/move_turtle/lib'
[3.375s] Level 1:colcon.colcon_core.environment:checking '/home/kcm/colcon_ws/install/move_turtle/bin'
[3.375s] Level 1:colcon.colcon_core.environment:checking '/home/kcm/colcon_ws/install/move_turtle/lib/pkgconfig/move_turtle.pc'
[3.375s] Level 1:colcon.colcon_core.environment:checking '/home/kcm/colcon_ws/install/move_turtle/lib/python3.10/site-packages'
[3.376s] Level 1:colcon.colcon_core.shell:create_environment_hook('move_turtle', 'pythonpath')
[3.376s] INFO:colcon.colcon_core.shell:Creating environment hook '/home/kcm/colcon_ws/install/move_turtle/share/move_turtle/hook/pythonpath.ps1'
[3.378s] INFO:colcon.colcon_core.shell:Creating environment descriptor '/home/kcm/colcon_ws/install/move_turtle/share/move_turtle/hook/pythonpath.dsv'
[3.380s] INFO:colcon.colcon_core.shell:Creating environment hook '/home/kcm/colcon_ws/install/move_turtle/share/move_turtle/hook/pythonpath.sh'
[3.381s] Level 1:colcon.colcon_core.environment:checking '/home/kcm/colcon_ws/install/move_turtle/bin'
[3.393s] Level 1:colcon.colcon_core.environment:create_environment_scripts_only(move_turtle)
[3.394s] INFO:colcon.colcon_core.shell:Creating package script '/home/kcm/colcon_ws/install/move_turtle/share/move_turtle/package.ps1'
[3.396s] INFO:colcon.colcon_core.shell:Creating package descriptor '/home/kcm/colcon_ws/install/move_turtle/share/move_turtle/package.dsv'
[3.398s] INFO:colcon.colcon_core.shell:Creating package script '/home/kcm/colcon_ws/install/move_turtle/share/move_turtle/package.sh'
[3.400s] INFO:colcon.colcon_core.shell:Creating package script '/home/kcm/colcon_ws/install/move_turtle/share/move_turtle/package.bash'
[3.402s] INFO:colcon.colcon_core.shell:Creating package script '/home/kcm/colcon_ws/install/move_turtle/share/move_turtle/package.zsh'
[3.404s] Level 1:colcon.colcon_core.environment:create_file_with_runtime_dependencies(/home/kcm/colcon_ws/install/move_turtle/share/colcon-core/packages/move_turtle)
[3.408s] INFO:colcon.colcon_ros.task.ament_cmake.build:Building ROS package in '/home/kcm/colcon_ws/src/my_interface' with build type 'ament_cmake'
[3.408s] INFO:colcon.colcon_cmake.task.cmake.build:Building CMake package in '/home/kcm/colcon_ws/src/my_interface'
[3.409s] INFO:colcon.colcon_core.shell:Skip shell extension 'powershell' for command environment: Not usable outside of PowerShell
[3.409s] DEBUG:colcon.colcon_core.shell:Skip shell extension 'dsv' for command environment
[3.448s] DEBUG:colcon.colcon_core.event_handler.log_command:Invoking command in '/home/kcm/colcon_ws/build/my_interface': CMAKE_PREFIX_PATH=/home/kcm/colcon_ws/install/my_pkg:/home/kcm/colcon_ws/install/move_turtle:/home/kcm/ros2_ws/install/py_srvcli:/home/kcm/ros2_ws/install/py_pubsub:/home/kcm/ros2_ws/install/py_ps:/home/kcm/ros2_ws/install/my_package:/opt/ros/humble /usr/bin/cmake --build /home/kcm/colcon_ws/build/my_interface -- -j1 -l1
[3.612s] DEBUG:colcon.colcon_core.event_handler.log_command:Invoked command in '/home/kcm/colcon_ws/build/my_interface' returned '0': CMAKE_PREFIX_PATH=/home/kcm/colcon_ws/install/my_pkg:/home/kcm/colcon_ws/install/move_turtle:/home/kcm/ros2_ws/install/py_srvcli:/home/kcm/ros2_ws/install/py_pubsub:/home/kcm/ros2_ws/install/py_ps:/home/kcm/ros2_ws/install/my_package:/opt/ros/humble /usr/bin/cmake --build /home/kcm/colcon_ws/build/my_interface -- -j1 -l1
[3.854s] DEBUG:colcon.colcon_core.event_handler.log_command:Invoking command in '/home/kcm/colcon_ws/build/my_interface': CMAKE_PREFIX_PATH=/home/kcm/colcon_ws/install/my_pkg:/home/kcm/colcon_ws/install/move_turtle:/home/kcm/ros2_ws/install/py_srvcli:/home/kcm/ros2_ws/install/py_pubsub:/home/kcm/ros2_ws/install/py_ps:/home/kcm/ros2_ws/install/my_package:/opt/ros/humble /usr/bin/cmake --install /home/kcm/colcon_ws/build/my_interface
[3.906s] Level 1:colcon.colcon_core.environment:create_environment_scripts_only(my_interface)
[3.906s] Level 1:colcon.colcon_core.environment:checking '/home/kcm/colcon_ws/install/my_interface' for CMake module files
[3.907s] Level 1:colcon.colcon_core.environment:checking '/home/kcm/colcon_ws/install/my_interface' for CMake config files
[3.907s] Level 1:colcon.colcon_core.shell:create_environment_hook('my_interface', 'cmake_prefix_path')
[3.908s] INFO:colcon.colcon_core.shell:Creating environment hook '/home/kcm/colcon_ws/install/my_interface/share/my_interface/hook/cmake_prefix_path.ps1'
[3.909s] DEBUG:colcon.colcon_core.event_handler.log_command:Invoked command in '/home/kcm/colcon_ws/build/my_interface' returned '0': CMAKE_PREFIX_PATH=/home/kcm/colcon_ws/install/my_pkg:/home/kcm/colcon_ws/install/move_turtle:/home/kcm/ros2_ws/install/py_srvcli:/home/kcm/ros2_ws/install/py_pubsub:/home/kcm/ros2_ws/install/py_ps:/home/kcm/ros2_ws/install/my_package:/opt/ros/humble /usr/bin/cmake --install /home/kcm/colcon_ws/build/my_interface
[3.912s] INFO:colcon.colcon_core.shell:Creating environment descriptor '/home/kcm/colcon_ws/install/my_interface/share/my_interface/hook/cmake_prefix_path.dsv'
[3.913s] INFO:colcon.colcon_core.shell:Creating environment hook '/home/kcm/colcon_ws/install/my_interface/share/my_interface/hook/cmake_prefix_path.sh'
[3.915s] Level 1:colcon.colcon_core.environment:checking '/home/kcm/colcon_ws/install/my_interface/bin'
[3.915s] Level 1:colcon.colcon_core.environment:checking '/home/kcm/colcon_ws/install/my_interface/lib/pkgconfig/my_interface.pc'
[3.916s] Level 1:colcon.colcon_core.environment:checking '/home/kcm/colcon_ws/install/my_interface/lib/python3.10/site-packages'
[3.916s] Level 1:colcon.colcon_core.environment:checking '/home/kcm/colcon_ws/install/my_interface/bin'
[3.916s] INFO:colcon.colcon_core.shell:Creating package script '/home/kcm/colcon_ws/install/my_interface/share/my_interface/package.ps1'
[3.922s] INFO:colcon.colcon_core.shell:Creating package descriptor '/home/kcm/colcon_ws/install/my_interface/share/my_interface/package.dsv'
[3.924s] INFO:colcon.colcon_core.shell:Creating package script '/home/kcm/colcon_ws/install/my_interface/share/my_interface/package.sh'
[3.925s] INFO:colcon.colcon_core.shell:Creating package script '/home/kcm/colcon_ws/install/my_interface/share/my_interface/package.bash'
[3.927s] INFO:colcon.colcon_core.shell:Creating package script '/home/kcm/colcon_ws/install/my_interface/share/my_interface/package.zsh'
[3.928s] Level 1:colcon.colcon_core.environment:create_file_with_runtime_dependencies(/home/kcm/colcon_ws/install/my_interface/share/colcon-core/packages/my_interface)
[3.993s] Level 1:colcon.colcon_core.environment:create_environment_scripts_only(my_interface)
[3.994s] Level 1:colcon.colcon_core.environment:checking '/home/kcm/colcon_ws/install/my_interface' for CMake module files
[3.994s] Level 1:colcon.colcon_core.environment:checking '/home/kcm/colcon_ws/install/my_interface' for CMake config files
[3.995s] Level 1:colcon.colcon_core.shell:create_environment_hook('my_interface', 'cmake_prefix_path')
[3.995s] INFO:colcon.colcon_core.shell:Creating environment hook '/home/kcm/colcon_ws/install/my_interface/share/my_interface/hook/cmake_prefix_path.ps1'
[4.002s] INFO:colcon.colcon_core.shell:Creating environment descriptor '/home/kcm/colcon_ws/install/my_interface/share/my_interface/hook/cmake_prefix_path.dsv'
[4.005s] INFO:colcon.colcon_core.shell:Creating environment hook '/home/kcm/colcon_ws/install/my_interface/share/my_interface/hook/cmake_prefix_path.sh'
[4.006s] Level 1:colcon.colcon_core.environment:checking '/home/kcm/colcon_ws/install/my_interface/bin'
[4.006s] Level 1:colcon.colcon_core.environment:checking '/home/kcm/colcon_ws/install/my_interface/lib/pkgconfig/my_interface.pc'
[4.007s] Level 1:colcon.colcon_core.environment:checking '/home/kcm/colcon_ws/install/my_interface/lib/python3.10/site-packages'
[4.007s] Level 1:colcon.colcon_core.environment:checking '/home/kcm/colcon_ws/install/my_interface/bin'
[4.007s] INFO:colcon.colcon_core.shell:Creating package script '/home/kcm/colcon_ws/install/my_interface/share/my_interface/package.ps1'
[4.012s] INFO:colcon.colcon_core.shell:Creating package descriptor '/home/kcm/colcon_ws/install/my_interface/share/my_interface/package.dsv'
[4.013s] INFO:colcon.colcon_core.shell:Creating package script '/home/kcm/colcon_ws/install/my_interface/share/my_interface/package.sh'
[4.017s] INFO:colcon.colcon_core.shell:Creating package script '/home/kcm/colcon_ws/install/my_interface/share/my_interface/package.bash'
[4.019s] INFO:colcon.colcon_core.shell:Creating package script '/home/kcm/colcon_ws/install/my_interface/share/my_interface/package.zsh'
[4.021s] Level 1:colcon.colcon_core.environment:create_file_with_runtime_dependencies(/home/kcm/colcon_ws/install/my_interface/share/colcon-core/packages/my_interface)
[4.024s] INFO:colcon.colcon_ros.task.ament_python.build:Building ROS package in '/home/kcm/colcon_ws/src/my_pkg' with build type 'ament_python'
[4.025s] Level 1:colcon.colcon_core.shell:create_environment_hook('my_pkg', 'ament_prefix_path')
[4.025s] INFO:colcon.colcon_core.shell:Creating environment hook '/home/kcm/colcon_ws/install/my_pkg/share/my_pkg/hook/ament_prefix_path.ps1'
[4.026s] INFO:colcon.colcon_core.shell:Creating environment descriptor '/home/kcm/colcon_ws/install/my_pkg/share/my_pkg/hook/ament_prefix_path.dsv'
[4.028s] INFO:colcon.colcon_core.shell:Creating environment hook '/home/kcm/colcon_ws/install/my_pkg/share/my_pkg/hook/ament_prefix_path.sh'
[4.029s] INFO:colcon.colcon_core.shell:Skip shell extension 'powershell' for command environment: Not usable outside of PowerShell
[4.029s] DEBUG:colcon.colcon_core.shell:Skip shell extension 'dsv' for command environment
[4.872s] DEBUG:colcon.colcon_parallel_executor.executor.parallel:closing loop
[4.875s] DEBUG:colcon.colcon_parallel_executor.executor.parallel:loop closed
[4.875s] DEBUG:colcon.colcon_parallel_executor.executor.parallel:run_until_complete finished with 'Command '['/usr/bin/python3', '-c', 'import sys;from contextlib import suppress;exec("with suppress(ImportError):    from setuptools.extern.packaging.specifiers    import SpecifierSet");exec("with suppress(ImportError):    from packaging.specifiers import SpecifierSet");from distutils.core import run_setup;dist = run_setup(    \'setup.py\', script_args=(\'--dry-run\',), stop_after=\'config\');skip_keys = (\'cmdclass\', \'distclass\', \'ext_modules\', \'metadata\');data = {    key: value for key, value in dist.__dict__.items()     if (        not key.startswith(\'_\') and         not callable(value) and         key not in skip_keys and         key not in dist.display_option_names    )};data[\'metadata\'] = {    k: v for k, v in dist.metadata.__dict__.items()     if k not in (\'license_files\', \'provides_extras\')};sys.stdout.buffer.write(repr(data).encode(\'utf-8\'))']' returned non-zero exit status 1.'
[4.875s] DEBUG:colcon.colcon_core.event_reactor:joining thread
[4.901s] INFO:colcon.colcon_core.plugin_system:Skipping extension 'colcon_notification.desktop_notification.terminal_notifier': Not used on non-Darwin systems
[4.902s] INFO:colcon.colcon_core.plugin_system:Skipping extension 'colcon_notification.desktop_notification.win32': Not used on non-Windows systems
[4.902s] INFO:colcon.colcon_notification.desktop_notification:Sending desktop notification using 'notify2'
[4.963s] DEBUG:colcon.colcon_core.event_reactor:joined thread
[4.964s] INFO:colcon.colcon_core.shell:Creating prefix script '/home/kcm/colcon_ws/install/local_setup.ps1'
[4.968s] INFO:colcon.colcon_core.shell:Creating prefix util module '/home/kcm/colcon_ws/install/_local_setup_util_ps1.py'
[4.972s] INFO:colcon.colcon_core.shell:Creating prefix chain script '/home/kcm/colcon_ws/install/setup.ps1'
[4.985s] INFO:colcon.colcon_core.shell:Creating prefix script '/home/kcm/colcon_ws/install/local_setup.sh'
[4.988s] INFO:colcon.colcon_core.shell:Creating prefix util module '/home/kcm/colcon_ws/install/_local_setup_util_sh.py'
[4.989s] INFO:colcon.colcon_core.shell:Creating prefix chain script '/home/kcm/colcon_ws/install/setup.sh'
[4.992s] INFO:colcon.colcon_core.shell:Creating prefix script '/home/kcm/colcon_ws/install/local_setup.bash'
[4.993s] INFO:colcon.colcon_core.shell:Creating prefix chain script '/home/kcm/colcon_ws/install/setup.bash'
[5.003s] INFO:colcon.colcon_core.shell:Creating prefix script '/home/kcm/colcon_ws/install/local_setup.zsh'
[5.004s] INFO:colcon.colcon_core.shell:Creating prefix chain script '/home/kcm/colcon_ws/install/setup.zsh'
