[1.340s] Invoking command in '/home/kcm/colcon_ws/src/move_turtle': PYTHONPATH=/home/kcm/colcon_ws/build/move_turtle/prefix_override:/home/kcm/colcon_ws/install/move_turtle/lib/python3.10/site-packages:${PYTHONPATH} /usr/bin/python3 -W ignore:setup.py install is deprecated setup.py egg_info --egg-base ../../build/move_turtle build --build-base /home/kcm/colcon_ws/build/move_turtle/build install --record /home/kcm/colcon_ws/build/move_turtle/install.log --single-version-externally-managed install_data
[1.824s] running egg_info
[1.828s] writing ../../build/move_turtle/move_turtle.egg-info/PKG-INFO
[1.830s] writing dependency_links to ../../build/move_turtle/move_turtle.egg-info/dependency_links.txt
[1.832s] writing entry points to ../../build/move_turtle/move_turtle.egg-info/entry_points.txt
[1.833s] writing requirements to ../../build/move_turtle/move_turtle.egg-info/requires.txt
[1.836s] writing top-level names to ../../build/move_turtle/move_turtle.egg-info/top_level.txt
[1.840s] reading manifest file '../../build/move_turtle/move_turtle.egg-info/SOURCES.txt'
[1.843s] writing manifest file '../../build/move_turtle/move_turtle.egg-info/SOURCES.txt'
[1.846s] running build
[1.847s] running build_py
[1.849s] running install
[1.850s] running install_lib
[1.853s] running install_data
[1.857s] running install_egg_info
[1.861s] removing '/home/kcm/colcon_ws/install/move_turtle/lib/python3.10/site-packages/move_turtle-0.0.0-py3.10.egg-info' (and everything under it)
[1.889s] Copying ../../build/move_turtle/move_turtle.egg-info to /home/kcm/colcon_ws/install/move_turtle/lib/python3.10/site-packages/move_turtle-0.0.0-py3.10.egg-info
[1.889s] running install_scripts
[1.912s] Installing mturtle script to /home/kcm/colcon_ws/install/move_turtle/lib/move_turtle
[1.916s] writing list of installed files to '/home/kcm/colcon_ws/build/move_turtle/install.log'
[1.983s] Invoked command in '/home/kcm/colcon_ws/src/move_turtle' returned '0': PYTHONPATH=/home/kcm/colcon_ws/build/move_turtle/prefix_override:/home/kcm/colcon_ws/install/move_turtle/lib/python3.10/site-packages:${PYTHONPATH} /usr/bin/python3 -W ignore:setup.py install is deprecated setup.py egg_info --egg-base ../../build/move_turtle build --build-base /home/kcm/colcon_ws/build/move_turtle/build install --record /home/kcm/colcon_ws/build/move_turtle/install.log --single-version-externally-managed install_data
