[0.027s] Invoking command in '/home/kcm/colcon_ws/build/my_interface': CMAKE_PREFIX_PATH=${CMAKE_PREFIX_PATH}:/home/kcm/colcon_ws/install/my_pkg:/home/kcm/colcon_ws/install/move_turtle:/home/kcm/ros2_ws/install/py_srvcli:/home/kcm/ros2_ws/install/py_pubsub:/home/kcm/ros2_ws/install/py_ps:/home/kcm/ros2_ws/install/my_package:/opt/ros/humble /usr/bin/cmake --build /home/kcm/colcon_ws/build/my_interface -- -j1 -l1
[0.245s] -- Found ament_cmake: 1.3.9 (/opt/ros/humble/share/ament_cmake/cmake)
[1.199s] -- Found builtin_interfaces: 1.2.1 (/opt/ros/humble/share/builtin_interfaces/cmake)
[1.379s] -- Found rosidl_generator_c: 3.1.5 (/opt/ros/humble/share/rosidl_generator_c/cmake)
[1.391s] -- Found rosidl_adapter: 3.1.5 (/opt/ros/humble/share/rosidl_adapter/cmake)
[1.398s] -- Found rosidl_generator_cpp: 3.1.5 (/opt/ros/humble/share/rosidl_generator_cpp/cmake)
[1.410s] -- Using all available rosidl_typesupport_c: rosidl_typesupport_fastrtps_c;rosidl_typesupport_introspection_c
[1.438s] -- Using all available rosidl_typesupport_cpp: rosidl_typesupport_fastrtps_cpp;rosidl_typesupport_introspection_cpp
[1.463s] -- Found rosidl_default_generators: 1.2.0 (/opt/ros/humble/share/rosidl_default_generators/cmake)
[2.090s] [31mCMake Error at /opt/ros/humble/share/rosidl_adapter/cmake/rosidl_adapt_interfaces.cmake:59 (message):
[2.092s]   execute_process(/usr/bin/python3 -m rosidl_adapter --package-name
[2.093s]   my_interface --arguments-file
[2.093s]   /home/kcm/colcon_ws/build/my_interface/rosidl_adapter__arguments__my_interface.json
[2.093s]   --output-dir
[2.094s]   /home/kcm/colcon_ws/build/my_interface/rosidl_adapter/my_interface
[2.094s]   --output-file
[2.094s]   /home/kcm/colcon_ws/build/my_interface/rosidl_adapter/my_interface.idls)
[2.095s]   returned error code 1:
[2.095s] 
[2.095s]   Traceback (most recent call last):
[2.096s] 
[2.097s]     File "/usr/lib/python3.10/runpy.py", line 196, in _run_module_as_main
[2.098s]       return _run_code(code, main_globals, None,
[2.099s]     File "/usr/lib/python3.10/runpy.py", line 86, in _run_code
[2.100s]       exec(code, run_globals)
[2.100s]     File "/opt/ros/humble/local/lib/python3.10/dist-packages/rosidl_adapter/__main__.py", line 19, in <module>
[2.101s]       sys.exit(main())
[2.101s]     File "/opt/ros/humble/local/lib/python3.10/dist-packages/rosidl_adapter/main.py", line 53, in main
[2.102s]       abs_idl_file = convert_to_idl(
[2.102s]     File "/opt/ros/humble/local/lib/python3.10/dist-packages/rosidl_adapter/__init__.py", line 19, in convert_to_idl
[2.107s]       return convert_msg_to_idl(
[2.108s]     File "/opt/ros/humble/local/lib/python3.10/dist-packages/rosidl_adapter/msg/__init__.py", line 28, in convert_msg_to_idl
[2.109s]       msg = parse_message_string(package_name, input_file.stem, content)
[2.109s]     File "/opt/ros/humble/local/lib/python3.10/dist-packages/rosidl_adapter/parser.py", line 544, in parse_message_string
[2.110s]       msg = MessageSpecification(pkg_name, msg_name, fields, constants)
[2.110s]     File "/opt/ros/humble/local/lib/python3.10/dist-packages/rosidl_adapter/parser.py", line 388, in __init__
[2.111s]       self.base_type = BaseType(
[2.111s]     File "/opt/ros/humble/local/lib/python3.10/dist-packages/rosidl_adapter/parser.py", line 205, in __init__
[2.112s]       raise InvalidResourceName(
[2.112s] 
[2.112s]   rosidl_adapter.parser.InvalidResourceName: 'My_topic' is an invalid message
[2.112s]   name.  It should have the pattern '^[A-Z][A-Za-z0-9]*$'
[2.112s] 
[2.112s] Call Stack (most recent call first):
[2.112s]   /opt/ros/humble/share/rosidl_cmake/cmake/rosidl_generate_interfaces.cmake:130 (rosidl_adapt_interfaces)
[2.112s]   CMakeLists.txt:18 (rosidl_generate_interfaces)
[2.112s] 
[2.112s] [0m
[2.112s] -- Configuring incomplete, errors occurred!
[2.112s] See also "/home/kcm/colcon_ws/build/my_interface/CMakeFiles/CMakeOutput.log".
[2.128s] gmake: *** [Makefile:226: cmake_check_build_system] 오류 1
[2.134s] Invoked command in '/home/kcm/colcon_ws/build/my_interface' returned '2': CMAKE_PREFIX_PATH=${CMAKE_PREFIX_PATH}:/home/kcm/colcon_ws/install/my_pkg:/home/kcm/colcon_ws/install/move_turtle:/home/kcm/ros2_ws/install/py_srvcli:/home/kcm/ros2_ws/install/py_pubsub:/home/kcm/ros2_ws/install/py_ps:/home/kcm/ros2_ws/install/my_package:/opt/ros/humble /usr/bin/cmake --build /home/kcm/colcon_ws/build/my_interface -- -j1 -l1
