[3.084s] Invoking command in '/home/kcm/colcon_ws/src/my_pkg': PYTHONPATH=/home/kcm/colcon_ws/build/my_pkg/prefix_override:/home/kcm/colcon_ws/install/my_pkg/lib/python3.10/site-packages:${PYTHONPATH} /usr/bin/python3 -W ignore:setup.py install is deprecated setup.py egg_info --egg-base ../../build/my_pkg build --build-base /home/kcm/colcon_ws/build/my_pkg/build install --record /home/kcm/colcon_ws/build/my_pkg/install.log --single-version-externally-managed install_data
[4.186s] running egg_info
[4.194s] writing ../../build/my_pkg/my_pkg.egg-info/PKG-INFO
[4.196s] writing dependency_links to ../../build/my_pkg/my_pkg.egg-info/dependency_links.txt
[4.197s] writing entry points to ../../build/my_pkg/my_pkg.egg-info/entry_points.txt
[4.198s] writing requirements to ../../build/my_pkg/my_pkg.egg-info/requires.txt
[4.198s] writing top-level names to ../../build/my_pkg/my_pkg.egg-info/top_level.txt
[4.203s] reading manifest file '../../build/my_pkg/my_pkg.egg-info/SOURCES.txt'
[4.224s] writing manifest file '../../build/my_pkg/my_pkg.egg-info/SOURCES.txt'
[4.225s] running build
[4.226s] running build_py
[4.226s] running install
[4.227s] running install_lib
[4.229s] running install_data
[4.229s] running install_egg_info
[4.232s] removing '/home/kcm/colcon_ws/install/my_pkg/lib/python3.10/site-packages/my_pkg-0.0.0-py3.10.egg-info' (and everything under it)
[4.241s] Copying ../../build/my_pkg/my_pkg.egg-info to /home/kcm/colcon_ws/install/my_pkg/lib/python3.10/site-packages/my_pkg-0.0.0-py3.10.egg-info
[4.247s] running install_scripts
[4.356s] Installing mpub script to /home/kcm/colcon_ws/install/my_pkg/lib/my_pkg
[4.372s] Installing myinterfacepub script to /home/kcm/colcon_ws/install/my_pkg/lib/my_pkg
[4.373s] Installing myinterfacesub script to /home/kcm/colcon_ws/install/my_pkg/lib/my_pkg
[4.383s] writing list of installed files to '/home/kcm/colcon_ws/build/my_pkg/install.log'
[4.506s] Invoked command in '/home/kcm/colcon_ws/src/my_pkg' returned '0': PYTHONPATH=/home/kcm/colcon_ws/build/my_pkg/prefix_override:/home/kcm/colcon_ws/install/my_pkg/lib/python3.10/site-packages:${PYTHONPATH} /usr/bin/python3 -W ignore:setup.py install is deprecated setup.py egg_info --egg-base ../../build/my_pkg build --build-base /home/kcm/colcon_ws/build/my_pkg/build install --record /home/kcm/colcon_ws/build/my_pkg/install.log --single-version-externally-managed install_data
