[0.760s] Invoking command in '/home/kcm/colcon_ws/src/my_pkg': PYTHONPATH=/home/kcm/colcon_ws/build/my_pkg/prefix_override:/home/kcm/colcon_ws/install/my_pkg/lib/python3.10/site-packages:${PYTHONPATH} /usr/bin/python3 -W ignore:setup.py install is deprecated setup.py egg_info --egg-base ../../build/my_pkg build --build-base /home/kcm/colcon_ws/build/my_pkg/build install --record /home/kcm/colcon_ws/build/my_pkg/install.log --single-version-externally-managed install_data
[1.016s] running egg_info
[1.017s] writing ../../build/my_pkg/my_pkg.egg-info/PKG-INFO
[1.018s] writing dependency_links to ../../build/my_pkg/my_pkg.egg-info/dependency_links.txt
[1.019s] writing entry points to ../../build/my_pkg/my_pkg.egg-info/entry_points.txt
[1.020s] writing requirements to ../../build/my_pkg/my_pkg.egg-info/requires.txt
[1.021s] writing top-level names to ../../build/my_pkg/my_pkg.egg-info/top_level.txt
[1.023s] reading manifest file '../../build/my_pkg/my_pkg.egg-info/SOURCES.txt'
[1.024s] writing manifest file '../../build/my_pkg/my_pkg.egg-info/SOURCES.txt'
[1.025s] running build
[1.025s] running build_py
[1.025s] copying my_pkg/simple_message_pub.py -> /home/kcm/colcon_ws/build/my_pkg/build/lib/my_pkg
[1.026s] running install
[1.027s] running install_lib
[1.028s] copying /home/kcm/colcon_ws/build/my_pkg/build/lib/my_pkg/simple_message_pub.py -> /home/kcm/colcon_ws/install/my_pkg/lib/python3.10/site-packages/my_pkg
[1.034s] byte-compiling /home/kcm/colcon_ws/install/my_pkg/lib/python3.10/site-packages/my_pkg/simple_message_pub.py to simple_message_pub.cpython-310.pyc
[1.051s] running install_data
[1.051s] running install_egg_info
[1.051s] removing '/home/kcm/colcon_ws/install/my_pkg/lib/python3.10/site-packages/my_pkg-0.0.0-py3.10.egg-info' (and everything under it)
[1.052s] Copying ../../build/my_pkg/my_pkg.egg-info to /home/kcm/colcon_ws/install/my_pkg/lib/python3.10/site-packages/my_pkg-0.0.0-py3.10.egg-info
[1.052s] running install_scripts
[1.070s] Installing mpub script to /home/kcm/colcon_ws/install/my_pkg/lib/my_pkg
[1.071s] writing list of installed files to '/home/kcm/colcon_ws/build/my_pkg/install.log'
[1.090s] Invoked command in '/home/kcm/colcon_ws/src/my_pkg' returned '0': PYTHONPATH=/home/kcm/colcon_ws/build/my_pkg/prefix_override:/home/kcm/colcon_ws/install/my_pkg/lib/python3.10/site-packages:${PYTHONPATH} /usr/bin/python3 -W ignore:setup.py install is deprecated setup.py egg_info --egg-base ../../build/my_pkg build --build-base /home/kcm/colcon_ws/build/my_pkg/build install --record /home/kcm/colcon_ws/build/my_pkg/install.log --single-version-externally-managed install_data
