[1.298s] Invoking command in '/home/kcm/colcon_ws/src/move_turtle': PYTHONPATH=/home/kcm/colcon_ws/build/move_turtle/prefix_override:/home/kcm/colcon_ws/install/move_turtle/lib/python3.10/site-packages:${PYTHONPATH} /usr/bin/python3 -W ignore:setup.py install is deprecated setup.py egg_info --egg-base ../../build/move_turtle build --build-base /home/kcm/colcon_ws/build/move_turtle/build install --record /home/kcm/colcon_ws/build/move_turtle/install.log --single-version-externally-managed install_data
[1.669s] running egg_info
[1.671s] writing ../../build/move_turtle/move_turtle.egg-info/PKG-INFO
[1.673s] writing dependency_links to ../../build/move_turtle/move_turtle.egg-info/dependency_links.txt
[1.674s] writing entry points to ../../build/move_turtle/move_turtle.egg-info/entry_points.txt
[1.675s] writing requirements to ../../build/move_turtle/move_turtle.egg-info/requires.txt
[1.676s] writing top-level names to ../../build/move_turtle/move_turtle.egg-info/top_level.txt
[1.696s] reading manifest file '../../build/move_turtle/move_turtle.egg-info/SOURCES.txt'
[1.698s] writing manifest file '../../build/move_turtle/move_turtle.egg-info/SOURCES.txt'
[1.706s] running build
[1.706s] running build_py
[1.707s] copying move_turtle/random_move.py -> /home/kcm/colcon_ws/build/move_turtle/build/lib/move_turtle
[1.708s] running install
[1.708s] running install_lib
[1.709s] copying /home/kcm/colcon_ws/build/move_turtle/build/lib/move_turtle/random_move.py -> /home/kcm/colcon_ws/install/move_turtle/lib/python3.10/site-packages/move_turtle
[1.710s] byte-compiling /home/kcm/colcon_ws/install/move_turtle/lib/python3.10/site-packages/move_turtle/random_move.py to random_move.cpython-310.pyc
[1.713s] running install_data
[1.714s] running install_egg_info
[1.718s] removing '/home/kcm/colcon_ws/install/move_turtle/lib/python3.10/site-packages/move_turtle-0.0.0-py3.10.egg-info' (and everything under it)
[1.727s] Copying ../../build/move_turtle/move_turtle.egg-info to /home/kcm/colcon_ws/install/move_turtle/lib/python3.10/site-packages/move_turtle-0.0.0-py3.10.egg-info
[1.731s] running install_scripts
[1.756s] Installing mturtle script to /home/kcm/colcon_ws/install/move_turtle/lib/move_turtle
[1.757s] writing list of installed files to '/home/kcm/colcon_ws/build/move_turtle/install.log'
[1.804s] Invoked command in '/home/kcm/colcon_ws/src/move_turtle' returned '0': PYTHONPATH=/home/kcm/colcon_ws/build/move_turtle/prefix_override:/home/kcm/colcon_ws/install/move_turtle/lib/python3.10/site-packages:${PYTHONPATH} /usr/bin/python3 -W ignore:setup.py install is deprecated setup.py egg_info --egg-base ../../build/move_turtle build --build-base /home/kcm/colcon_ws/build/move_turtle/build install --record /home/kcm/colcon_ws/build/move_turtle/install.log --single-version-externally-managed install_data
