-- Found ament_cmake: 1.3.9 (/opt/ros/humble/share/ament_cmake/cmake)
-- Found builtin_interfaces: 1.2.1 (/opt/ros/humble/share/builtin_interfaces/cmake)
-- Found rosidl_generator_c: 3.1.5 (/opt/ros/humble/share/rosidl_generator_c/cmake)
-- Found rosidl_adapter: 3.1.5 (/opt/ros/humble/share/rosidl_adapter/cmake)
-- Found rosidl_generator_cpp: 3.1.5 (/opt/ros/humble/share/rosidl_generator_cpp/cmake)
-- Using all available rosidl_typesupport_c: rosidl_typesupport_fastrtps_c;rosidl_typesupport_introspection_c
-- Using all available rosidl_typesupport_cpp: rosidl_typesupport_fastrtps_cpp;rosidl_typesupport_introspection_cpp
-- Found rosidl_default_generators: 1.2.0 (/opt/ros/humble/share/rosidl_default_generators/cmake)
-- Found ament_lint_auto: 0.12.11 (/opt/ros/humble/share/ament_lint_auto/cmake)
-- Added test 'lint_cmake' to check CMake code style
-- Added test 'xmllint' to check XML markup files
-- Configuring done
-- Generating done
-- Build files have been written to: /home/kcm/colcon_ws/build/my_interface
-- Install configuration: ""
-- Installing: /home/kcm/colcon_ws/install/my_interface/share/ament_index/resource_index/package_run_dependencies/my_interface
-- Installing: /home/kcm/colcon_ws/install/my_interface/share/ament_index/resource_index/parent_prefix_path/my_interface
-- Installing: /home/kcm/colcon_ws/install/my_interface/share/my_interface/environment/ament_prefix_path.sh
-- Installing: /home/kcm/colcon_ws/install/my_interface/share/my_interface/environment/ament_prefix_path.dsv
-- Installing: /home/kcm/colcon_ws/install/my_interface/share/my_interface/environment/path.sh
-- Installing: /home/kcm/colcon_ws/install/my_interface/share/my_interface/environment/path.dsv
-- Installing: /home/kcm/colcon_ws/install/my_interface/share/my_interface/local_setup.bash
-- Installing: /home/kcm/colcon_ws/install/my_interface/share/my_interface/local_setup.sh
-- Installing: /home/kcm/colcon_ws/install/my_interface/share/my_interface/local_setup.zsh
-- Installing: /home/kcm/colcon_ws/install/my_interface/share/my_interface/local_setup.dsv
-- Installing: /home/kcm/colcon_ws/install/my_interface/share/my_interface/package.dsv
-- Installing: /home/kcm/colcon_ws/install/my_interface/share/ament_index/resource_index/packages/my_interface
-- Installing: /home/kcm/colcon_ws/install/my_interface/share/my_interface/cmake/my_interfaceConfig.cmake
-- Installing: /home/kcm/colcon_ws/install/my_interface/share/my_interface/cmake/my_interfaceConfig-version.cmake
-- Installing: /home/kcm/colcon_ws/install/my_interface/share/my_interface/package.xml
